2023-05-29T17:20:37.332+05:30  INFO 2724 --- [main] c.c.c.ConfigServicePropertySourceLocator : Fetching config from server at : http://localhost:8888
2023-05-29T17:20:53.302+05:30  INFO 2724 --- [main] c.c.c.ConfigServicePropertySourceLocator : Located environment: name=config-client, profiles=[default], label=null, version=284566a7c6db5f3ad31a074e8b1f1b92a619e66e, state=null
2023-05-29T17:20:53.304+05:30  INFO 2724 --- [main] b.c.PropertySourceBootstrapConfiguration : Located property source: [BootstrapPropertySource {name='bootstrapProperties-configClient'}, BootstrapPropertySource {name='bootstrapProperties-https://github.com/SubhajitSaha7/dfs_kt_repo//config-client.properties'}]
2023-05-29T17:20:53.314+05:30  INFO 2724 --- [main] com.cg.BankApplication2Application       : No active profile set, falling back to 1 default profile: "default"
2023-05-29T17:20:53.935+05:30  INFO 2724 --- [main] .s.d.r.c.RepositoryConfigurationDelegate : Multiple Spring Data modules found, entering strict repository configuration mode
2023-05-29T17:20:53.936+05:30  INFO 2724 --- [main] .s.d.r.c.RepositoryConfigurationDelegate : Bootstrapping Spring Data JDBC repositories in DEFAULT mode.
2023-05-29T17:20:53.948+05:30  INFO 2724 --- [main] .s.d.r.c.RepositoryConfigurationDelegate : Finished Spring Data repository scanning in 8 ms. Found 0 JDBC repository interfaces.
2023-05-29T17:20:53.955+05:30  INFO 2724 --- [main] .s.d.r.c.RepositoryConfigurationDelegate : Multiple Spring Data modules found, entering strict repository configuration mode
2023-05-29T17:20:53.956+05:30  INFO 2724 --- [main] .s.d.r.c.RepositoryConfigurationDelegate : Bootstrapping Spring Data JPA repositories in DEFAULT mode.
2023-05-29T17:20:53.963+05:30  INFO 2724 --- [main] .s.d.r.c.RepositoryConfigurationDelegate : Finished Spring Data repository scanning in 3 ms. Found 0 JPA repository interfaces.
2023-05-29T17:20:54.158+05:30  INFO 2724 --- [main] o.s.cloud.context.scope.GenericScope     : BeanFactory id=0d69cd07-19ac-3f6c-b78e-0e58e779e6a9
2023-05-29T17:20:54.196+05:30  INFO 2724 --- [main] trationDelegate$BeanPostProcessorChecker : Bean 'com.cg.bankapp2.feign.IFeignClient' of type [org.springframework.cloud.openfeign.FeignClientFactoryBean] is not eligible for getting processed by all BeanPostProcessors (for example: not eligible for auto-proxying)
2023-05-29T17:20:54.601+05:30  INFO 2724 --- [main] o.s.b.w.embedded.tomcat.TomcatWebServer  : Tomcat initialized with port(s): 8086 (http)
2023-05-29T17:20:54.609+05:30  INFO 2724 --- [main] o.apache.catalina.core.StandardService   : Starting service [Tomcat]
2023-05-29T17:20:54.609+05:30  INFO 2724 --- [main] o.apache.catalina.core.StandardEngine    : Starting Servlet engine: [Apache Tomcat/10.1.8]
2023-05-29T17:20:54.707+05:30  INFO 2724 --- [main] o.a.c.c.C.[.[localhost].[/bankapp2]      : Initializing Spring embedded WebApplicationContext
2023-05-29T17:20:54.708+05:30  INFO 2724 --- [main] w.s.c.ServletWebServerApplicationContext : Root WebApplicationContext: initialization completed in 1383 ms
2023-05-29T17:20:54.974+05:30  INFO 2724 --- [main] com.zaxxer.hikari.HikariDataSource       : HikariPool-1 - Starting...
2023-05-29T17:20:55.126+05:30  INFO 2724 --- [main] com.zaxxer.hikari.pool.HikariPool        : HikariPool-1 - Added connection conn0: url=jdbc:h2:mem:5d27fc9d-2acc-4eb5-92e0-ef82c7368e72 user=SA
2023-05-29T17:20:55.127+05:30  INFO 2724 --- [main] com.zaxxer.hikari.HikariDataSource       : HikariPool-1 - Start completed.
2023-05-29T17:20:55.159+05:30  INFO 2724 --- [main] o.hibernate.jpa.internal.util.LogHelper  : HHH000204: Processing PersistenceUnitInfo [name: default]
2023-05-29T17:20:55.195+05:30  INFO 2724 --- [main] org.hibernate.Version                    : HHH000412: Hibernate ORM core version 6.1.7.Final
2023-05-29T17:20:55.426+05:30  INFO 2724 --- [main] SQL dialect                              : HHH000400: Using dialect: org.hibernate.dialect.H2Dialect
2023-05-29T17:20:55.633+05:30  INFO 2724 --- [main] o.h.e.t.j.p.i.JtaPlatformInitiator       : HHH000490: Using JtaPlatform implementation: [org.hibernate.engine.transaction.jta.platform.internal.NoJtaPlatform]
2023-05-29T17:20:55.641+05:30  INFO 2724 --- [main] j.LocalContainerEntityManagerFactoryBean : Initialized JPA EntityManagerFactory for persistence unit 'default'
2023-05-29T17:20:55.958+05:30  WARN 2724 --- [main] JpaBaseConfiguration$JpaWebConfiguration : spring.jpa.open-in-view is enabled by default. Therefore, database queries may be performed during view rendering. Explicitly configure spring.jpa.open-in-view to disable this warning
2023-05-29T17:20:57.012+05:30  INFO 2724 --- [main] o.s.b.a.e.web.EndpointLinksResolver      : Exposing 1 endpoint(s) beneath base path '/actuator'
2023-05-29T17:20:57.090+05:30  INFO 2724 --- [main] o.s.b.w.embedded.tomcat.TomcatWebServer  : Tomcat started on port(s): 8086 (http) with context path '/bankapp2'
2023-05-29T17:20:57.192+05:30  INFO 2724 --- [main] com.cg.BankApplication2Application       : Started BankApplication2Application in 20.714 seconds (process running for 22.197)
2023-05-29T17:20:58.121+05:30  INFO 2724 --- [RMI TCP Connection(3)-127.0.0.1] o.a.c.c.C.[.[localhost].[/bankapp2]      : Initializing Spring DispatcherServlet 'dispatcherServlet'
2023-05-29T17:20:58.121+05:30  INFO 2724 --- [RMI TCP Connection(3)-127.0.0.1] o.s.web.servlet.DispatcherServlet        : Initializing Servlet 'dispatcherServlet'
2023-05-29T17:20:58.123+05:30  INFO 2724 --- [RMI TCP Connection(3)-127.0.0.1] o.s.web.servlet.DispatcherServlet        : Completed initialization in 1 ms
2023-05-29T17:21:24.721+05:30  INFO 2724 --- [http-nio-8086-exec-2] c.c.b.controller.BankRestController      : Controller - getById()
2023-05-29T17:21:24.722+05:30  INFO 2724 --- [http-nio-8086-exec-2] com.cg.bankapp2.eo.BankEO                : Service - findById()
2023-05-29T17:21:24.722+05:30  INFO 2724 --- [http-nio-8086-exec-2] com.cg.bankapp2.bo.BankBo                : BO - findById()
2023-05-29T17:21:24.722+05:30  INFO 2724 --- [http-nio-8086-exec-2] com.cg.bankapp2.eo.BankEO                : EO - findById()
2023-05-29T17:21:24.722+05:30  INFO 2724 --- [http-nio-8086-exec-2] com.cg.bankapp2.eo.BankEO                : RestTemplate - findById() - URL
2023-05-29T17:21:27.994+05:30  INFO 2724 --- [http-nio-8086-exec-3] c.c.b.controller.BankRestController      : Controller - getAllAccounts()
2023-05-29T17:21:27.994+05:30  INFO 2724 --- [http-nio-8086-exec-3] com.cg.bankapp2.eo.BankEO                : Service - findAllAccounts()
2023-05-29T17:21:27.994+05:30  INFO 2724 --- [http-nio-8086-exec-3] com.cg.bankapp2.bo.BankBo                : BO - findAllAccounts()
2023-05-29T17:21:27.995+05:30  INFO 2724 --- [http-nio-8086-exec-3] com.cg.bankapp2.eo.BankEO                : EO - findAll()
2023-05-29T17:21:27.995+05:30  INFO 2724 --- [http-nio-8086-exec-3] com.cg.bankapp2.eo.BankEO                : RestTemplate - findAll() - URL
2023-05-29T17:21:32.309+05:30  INFO 2724 --- [http-nio-8086-exec-4] c.c.b.controller.BankRestController      : FeignClientController - getAllAccounts()
2023-05-29T17:21:32.309+05:30  INFO 2724 --- [http-nio-8086-exec-4] com.cg.bankapp2.eo.BankEO                : Service - findAllByFC()
2023-05-29T17:21:32.310+05:30  INFO 2724 --- [http-nio-8086-exec-4] com.cg.bankapp2.bo.BankBo                : BO - findAllByFC()
2023-05-29T17:21:32.310+05:30  INFO 2724 --- [http-nio-8086-exec-4] com.cg.bankapp2.eo.BankEO                : EO - findAllByFC() - calling IFeignClient API
2023-05-29T17:21:35.772+05:30  INFO 2724 --- [http-nio-8086-exec-5] c.c.b.controller.BankRestController      : FeignClientController - getById()
2023-05-29T17:21:35.772+05:30  INFO 2724 --- [http-nio-8086-exec-5] com.cg.bankapp2.eo.BankEO                : Service - findByIdByFC()
2023-05-29T17:21:35.772+05:30  INFO 2724 --- [http-nio-8086-exec-5] com.cg.bankapp2.bo.BankBo                : BO - findByIdByFC()
2023-05-29T17:21:35.772+05:30  INFO 2724 --- [http-nio-8086-exec-5] com.cg.bankapp2.eo.BankEO                : EO - findByIdByFC() - calling IFeignClient API
2023-05-29T17:21:55.103+05:30  INFO 2724 --- [http-nio-8086-exec-6] c.c.b.controller.BankRestController      : FeignClientController - getById()
2023-05-29T17:21:55.103+05:30  INFO 2724 --- [http-nio-8086-exec-6] com.cg.bankapp2.eo.BankEO                : Service - findByIdByFC()
2023-05-29T17:21:55.103+05:30  INFO 2724 --- [http-nio-8086-exec-6] com.cg.bankapp2.bo.BankBo                : BO - findByIdByFC()
2023-05-29T17:21:55.103+05:30  INFO 2724 --- [http-nio-8086-exec-6] com.cg.bankapp2.eo.BankEO                : EO - findByIdByFC() - calling IFeignClient API
2023-05-29T17:23:40.377+05:30  INFO 2724 --- [http-nio-8086-exec-9] c.c.b.controller.BankRestController      : FeignClientController - getById()
2023-05-29T17:23:40.378+05:30  INFO 2724 --- [http-nio-8086-exec-9] com.cg.bankapp2.eo.BankEO                : Service - findByIdByFC()
2023-05-29T17:23:40.378+05:30  INFO 2724 --- [http-nio-8086-exec-9] com.cg.bankapp2.bo.BankBo                : BO - findByIdByFC()
2023-05-29T17:23:40.378+05:30  INFO 2724 --- [http-nio-8086-exec-9] com.cg.bankapp2.eo.BankEO                : EO - findByIdByFC() - calling IFeignClient API
2023-05-29T17:43:21.475+05:30  INFO 2724 --- [http-nio-8086-exec-2] c.c.b.controller.BankRestController      : Controller - getAllAccounts()
2023-05-29T17:43:21.475+05:30  INFO 2724 --- [http-nio-8086-exec-2] com.cg.bankapp2.eo.BankEO                : Service - findAllAccounts()
2023-05-29T17:43:21.475+05:30  INFO 2724 --- [http-nio-8086-exec-2] com.cg.bankapp2.bo.BankBo                : BO - findAllAccounts()
2023-05-29T17:43:21.475+05:30  INFO 2724 --- [http-nio-8086-exec-2] com.cg.bankapp2.eo.BankEO                : EO - findAll()
2023-05-29T17:43:21.476+05:30  INFO 2724 --- [http-nio-8086-exec-2] com.cg.bankapp2.eo.BankEO                : RestTemplate - findAll() - URL
2023-05-29T17:54:12.460+05:30  INFO 2724 --- [RMI TCP Connection(40)-127.0.0.1] inMXBeanRegistrar$SpringApplicationAdmin : Application shutdown requested.
2023-05-29T17:54:12.471+05:30  INFO 2724 --- [RMI TCP Connection(40)-127.0.0.1] o.apache.catalina.core.StandardService   : Stopping service [Tomcat]
2023-05-29T17:54:12.473+05:30  INFO 2724 --- [RMI TCP Connection(40)-127.0.0.1] o.a.c.c.C.[.[localhost].[/bankapp2]      : Destroying Spring FrameworkServlet 'dispatcherServlet'
2023-05-29T17:54:12.484+05:30  INFO 2724 --- [RMI TCP Connection(40)-127.0.0.1] j.LocalContainerEntityManagerFactoryBean : Closing JPA EntityManagerFactory for persistence unit 'default'
2023-05-29T17:54:12.486+05:30  INFO 2724 --- [RMI TCP Connection(40)-127.0.0.1] com.zaxxer.hikari.HikariDataSource       : HikariPool-1 - Shutdown initiated...
2023-05-29T17:54:12.488+05:30  INFO 2724 --- [RMI TCP Connection(40)-127.0.0.1] com.zaxxer.hikari.HikariDataSource       : HikariPool-1 - Shutdown completed.
