2023-05-12T17:48:19.615+05:30  INFO 5280 --- [main] com.cg.BankApplication                   : Starting BankApplication using Java 17.0.6 with PID 5280 (C:\Users\ssaha6\Documents\workspace-spring-tool-suite-4-4.18.0.RELEASE\BankApplication\bin\main started by ssaha6 in C:\Users\ssaha6\Documents\workspace-spring-tool-suite-4-4.18.0.RELEASE\BankApplication)
2023-05-12T17:48:19.617+05:30  INFO 5280 --- [main] com.cg.BankApplication                   : No active profile set, falling back to 1 default profile: "default"
2023-05-12T17:48:20.215+05:30  INFO 5280 --- [main] .s.d.r.c.RepositoryConfigurationDelegate : Multiple Spring Data modules found, entering strict repository configuration mode
2023-05-12T17:48:20.216+05:30  INFO 5280 --- [main] .s.d.r.c.RepositoryConfigurationDelegate : Bootstrapping Spring Data JDBC repositories in DEFAULT mode.
2023-05-12T17:48:20.234+05:30  INFO 5280 --- [main] .s.d.r.c.RepositoryConfigurationDelegate : Finished Spring Data repository scanning in 14 ms. Found 0 JDBC repository interfaces.
2023-05-12T17:48:20.241+05:30  INFO 5280 --- [main] .s.d.r.c.RepositoryConfigurationDelegate : Multiple Spring Data modules found, entering strict repository configuration mode
2023-05-12T17:48:20.242+05:30  INFO 5280 --- [main] .s.d.r.c.RepositoryConfigurationDelegate : Bootstrapping Spring Data JPA repositories in DEFAULT mode.
2023-05-12T17:48:20.248+05:30  INFO 5280 --- [main] .s.d.r.c.RepositoryConfigurationDelegate : Finished Spring Data repository scanning in 3 ms. Found 0 JPA repository interfaces.
2023-05-12T17:48:20.590+05:30  INFO 5280 --- [main] o.s.b.w.embedded.tomcat.TomcatWebServer  : Tomcat initialized with port(s): 8084 (http)
2023-05-12T17:48:20.597+05:30  INFO 5280 --- [main] o.apache.catalina.core.StandardService   : Starting service [Tomcat]
2023-05-12T17:48:20.597+05:30  INFO 5280 --- [main] o.apache.catalina.core.StandardEngine    : Starting Servlet engine: [Apache Tomcat/10.1.8]
2023-05-12T17:48:20.679+05:30  INFO 5280 --- [main] o.a.c.c.C.[.[localhost].[/bankapp]       : Initializing Spring embedded WebApplicationContext
2023-05-12T17:48:20.679+05:30  INFO 5280 --- [main] w.s.c.ServletWebServerApplicationContext : Root WebApplicationContext: initialization completed in 1029 ms
2023-05-12T17:48:20.740+05:30  INFO 5280 --- [main] com.zaxxer.hikari.HikariDataSource       : HikariPool-1 - Starting...
2023-05-12T17:48:20.889+05:30  INFO 5280 --- [main] com.zaxxer.hikari.pool.HikariPool        : HikariPool-1 - Added connection conn0: url=jdbc:h2:mem:dcbapp user=USER
2023-05-12T17:48:20.891+05:30  INFO 5280 --- [main] com.zaxxer.hikari.HikariDataSource       : HikariPool-1 - Start completed.
2023-05-12T17:48:20.898+05:30  INFO 5280 --- [main] o.s.b.a.h2.H2ConsoleAutoConfiguration    : H2 console available at '/h2-console'. Database available at 'jdbc:h2:mem:dcbapp'
2023-05-12T17:48:21.021+05:30  INFO 5280 --- [main] o.hibernate.jpa.internal.util.LogHelper  : HHH000204: Processing PersistenceUnitInfo [name: default]
2023-05-12T17:48:21.058+05:30  INFO 5280 --- [main] org.hibernate.Version                    : HHH000412: Hibernate ORM core version 6.1.7.Final
2023-05-12T17:48:21.281+05:30  INFO 5280 --- [main] SQL dialect                              : HHH000400: Using dialect: org.hibernate.dialect.H2Dialect
2023-05-12T17:48:21.475+05:30  INFO 5280 --- [main] o.h.e.t.j.p.i.JtaPlatformInitiator       : HHH000490: Using JtaPlatform implementation: [org.hibernate.engine.transaction.jta.platform.internal.NoJtaPlatform]
2023-05-12T17:48:21.483+05:30  INFO 5280 --- [main] j.LocalContainerEntityManagerFactoryBean : Initialized JPA EntityManagerFactory for persistence unit 'default'
2023-05-12T17:48:21.552+05:30  WARN 5280 --- [main] JpaBaseConfiguration$JpaWebConfiguration : spring.jpa.open-in-view is enabled by default. Therefore, database queries may be performed during view rendering. Explicitly configure spring.jpa.open-in-view to disable this warning
2023-05-12T17:48:21.930+05:30  INFO 5280 --- [main] o.s.b.a.e.web.EndpointLinksResolver      : Exposing 1 endpoint(s) beneath base path '/actuator'
2023-05-12T17:48:21.990+05:30  INFO 5280 --- [main] o.s.b.w.embedded.tomcat.TomcatWebServer  : Tomcat started on port(s): 8084 (http) with context path '/bankapp'
2023-05-12T17:48:22.001+05:30  INFO 5280 --- [main] com.cg.BankApplication                   : Started BankApplication in 2.716 seconds (process running for 4.153)
