2023-05-23T10:42:33.532+05:30  INFO 7856 --- [main] com.cg.BankApplication                   : Starting BankApplication using Java 17.0.6 with PID 7856 (C:\Users\ssaha6\Documents\workspace2-spring-tool-suite-4-4.18.0.RELEASE\BankApplication\bin\main started by ssaha6 in C:\Users\ssaha6\Documents\workspace2-spring-tool-suite-4-4.18.0.RELEASE\BankApplication)
2023-05-23T10:42:33.550+05:30  INFO 7856 --- [main] com.cg.BankApplication                   : No active profile set, falling back to 1 default profile: "default"
2023-05-23T10:42:35.301+05:30  INFO 7856 --- [main] .s.d.r.c.RepositoryConfigurationDelegate : Multiple Spring Data modules found, entering strict repository configuration mode
2023-05-23T10:42:35.306+05:30  INFO 7856 --- [main] .s.d.r.c.RepositoryConfigurationDelegate : Bootstrapping Spring Data JDBC repositories in DEFAULT mode.
2023-05-23T10:42:35.349+05:30  INFO 7856 --- [main] .s.d.r.c.RepositoryConfigurationDelegate : Finished Spring Data repository scanning in 34 ms. Found 0 JDBC repository interfaces.
2023-05-23T10:42:35.366+05:30  INFO 7856 --- [main] .s.d.r.c.RepositoryConfigurationDelegate : Multiple Spring Data modules found, entering strict repository configuration mode
2023-05-23T10:42:35.369+05:30  INFO 7856 --- [main] .s.d.r.c.RepositoryConfigurationDelegate : Bootstrapping Spring Data JPA repositories in DEFAULT mode.
2023-05-23T10:42:35.389+05:30  INFO 7856 --- [main] .s.d.r.c.RepositoryConfigurationDelegate : Finished Spring Data repository scanning in 9 ms. Found 0 JPA repository interfaces.
2023-05-23T10:42:35.656+05:30  INFO 7856 --- [main] o.s.cloud.context.scope.GenericScope     : BeanFactory id=7b3c670f-ae1a-3eb5-bb2e-ab6a18adef6c
2023-05-23T10:42:36.313+05:30  INFO 7856 --- [main] o.s.b.w.embedded.tomcat.TomcatWebServer  : Tomcat initialized with port(s): 8084 (http)
2023-05-23T10:42:36.331+05:30  INFO 7856 --- [main] o.apache.catalina.core.StandardService   : Starting service [Tomcat]
2023-05-23T10:42:36.331+05:30  INFO 7856 --- [main] o.apache.catalina.core.StandardEngine    : Starting Servlet engine: [Apache Tomcat/10.1.8]
2023-05-23T10:42:36.532+05:30  INFO 7856 --- [main] o.a.c.c.C.[.[localhost].[/bankapp]       : Initializing Spring embedded WebApplicationContext
2023-05-23T10:42:36.533+05:30  INFO 7856 --- [main] w.s.c.ServletWebServerApplicationContext : Root WebApplicationContext: initialization completed in 2892 ms
2023-05-23T10:42:36.694+05:30  INFO 7856 --- [main] com.zaxxer.hikari.HikariDataSource       : HikariPool-1 - Starting...
2023-05-23T10:42:37.122+05:30  INFO 7856 --- [main] com.zaxxer.hikari.pool.HikariPool        : HikariPool-1 - Added connection conn0: url=jdbc:h2:mem:dcbapp user=USER
2023-05-23T10:42:37.126+05:30  INFO 7856 --- [main] com.zaxxer.hikari.HikariDataSource       : HikariPool-1 - Start completed.
2023-05-23T10:42:37.143+05:30  INFO 7856 --- [main] o.s.b.a.h2.H2ConsoleAutoConfiguration    : H2 console available at '/h2-console'. Database available at 'jdbc:h2:mem:dcbapp'
2023-05-23T10:42:37.446+05:30  INFO 7856 --- [main] o.hibernate.jpa.internal.util.LogHelper  : HHH000204: Processing PersistenceUnitInfo [name: default]
2023-05-23T10:42:37.568+05:30  INFO 7856 --- [main] org.hibernate.Version                    : HHH000412: Hibernate ORM core version 6.1.7.Final
2023-05-23T10:42:38.190+05:30  INFO 7856 --- [main] SQL dialect                              : HHH000400: Using dialect: org.hibernate.dialect.H2Dialect
2023-05-23T10:42:38.684+05:30  INFO 7856 --- [main] o.h.e.t.j.p.i.JtaPlatformInitiator       : HHH000490: Using JtaPlatform implementation: [org.hibernate.engine.transaction.jta.platform.internal.NoJtaPlatform]
2023-05-23T10:42:38.712+05:30  INFO 7856 --- [main] j.LocalContainerEntityManagerFactoryBean : Initialized JPA EntityManagerFactory for persistence unit 'default'
2023-05-23T10:42:38.888+05:30  WARN 7856 --- [main] JpaBaseConfiguration$JpaWebConfiguration : spring.jpa.open-in-view is enabled by default. Therefore, database queries may be performed during view rendering. Explicitly configure spring.jpa.open-in-view to disable this warning
2023-05-23T10:42:40.164+05:30  INFO 7856 --- [main] o.s.b.a.e.web.EndpointLinksResolver      : Exposing 1 endpoint(s) beneath base path '/actuator'
2023-05-23T10:42:40.336+05:30  INFO 7856 --- [main] o.s.b.w.embedded.tomcat.TomcatWebServer  : Tomcat started on port(s): 8084 (http) with context path '/bankapp'
2023-05-23T10:42:40.571+05:30  INFO 7856 --- [main] com.cg.BankApplication                   : Started BankApplication in 8.2 seconds (process running for 11.595)
2023-05-23T10:42:41.570+05:30  INFO 7856 --- [RMI TCP Connection(5)-127.0.0.1] o.a.c.c.C.[.[localhost].[/bankapp]       : Initializing Spring DispatcherServlet 'dispatcherServlet'
2023-05-23T10:42:41.571+05:30  INFO 7856 --- [RMI TCP Connection(5)-127.0.0.1] o.s.web.servlet.DispatcherServlet        : Initializing Servlet 'dispatcherServlet'
2023-05-23T10:42:41.575+05:30  INFO 7856 --- [RMI TCP Connection(5)-127.0.0.1] o.s.web.servlet.DispatcherServlet        : Completed initialization in 3 ms
2023-05-23T10:43:34.862+05:30  INFO 7856 --- [http-nio-8084-exec-1] c.c.b.controller.BankRestController      : Controller - getAllAccounts()
2023-05-23T10:43:34.862+05:30  INFO 7856 --- [http-nio-8084-exec-1] com.cg.bankapp.eo.BankEO                 : Service - findAllAccounts()
2023-05-23T10:43:34.862+05:30  INFO 7856 --- [http-nio-8084-exec-1] com.cg.bankapp.bo.BankBo                 : BO - findAllAccounts()
2023-05-23T10:43:34.862+05:30  INFO 7856 --- [http-nio-8084-exec-1] com.cg.bankapp.eo.BankEO                 : EO - findAll()
2023-05-23T10:43:34.865+05:30  INFO 7856 --- [http-nio-8084-exec-1] com.cg.bankapp.dao.JdbcBankRepo          : Dao - findAll() - query
2023-05-23T10:43:34.912+05:30  INFO 7856 --- [http-nio-8084-exec-1] com.cg.bankapp.mapper.BankMapperImpl     : MapperIMPL - dtoToVo()
2023-05-23T10:43:34.912+05:30  INFO 7856 --- [http-nio-8084-exec-1] com.cg.bankapp.mapper.BankMapperImpl     : MapperIMPL - dtoToVo()
2023-05-23T10:43:34.912+05:30  INFO 7856 --- [http-nio-8084-exec-1] com.cg.bankapp.mapper.BankMapperImpl     : MapperIMPL - dtoToVo()
2023-05-23T10:43:34.912+05:30  INFO 7856 --- [http-nio-8084-exec-1] com.cg.bankapp.mapper.BankMapperImpl     : MapperIMPL - dtoToVo()
2023-05-23T10:43:34.912+05:30  INFO 7856 --- [http-nio-8084-exec-1] com.cg.bankapp.mapper.BankMapperImpl     : MapperIMPL - dtoToVo()
2023-05-23T10:43:34.912+05:30  INFO 7856 --- [http-nio-8084-exec-1] com.cg.bankapp.mapper.BankMapperImpl     : MapperIMPL - dtoToVo()
2023-05-23T10:43:34.912+05:30  INFO 7856 --- [http-nio-8084-exec-1] com.cg.bankapp.mapper.BankMapperImpl     : MapperIMPL - dtoToVo()
2023-05-23T10:43:34.912+05:30  INFO 7856 --- [http-nio-8084-exec-1] com.cg.bankapp.mapper.BankMapperImpl     : MapperIMPL - dtoToVo()
2023-05-23T10:43:34.912+05:30  INFO 7856 --- [http-nio-8084-exec-1] com.cg.bankapp.mapper.BankMapperImpl     : MapperIMPL - dtoToVo()
2023-05-23T10:43:34.912+05:30  INFO 7856 --- [http-nio-8084-exec-1] com.cg.bankapp.mapper.BankMapperImpl     : MapperIMPL - dtoToVo()
2023-05-23T10:43:40.783+05:30  INFO 7856 --- [http-nio-8084-exec-2] c.c.b.controller.BankRestController      : Controller - getById()
2023-05-23T10:43:40.783+05:30  INFO 7856 --- [http-nio-8084-exec-2] com.cg.bankapp.eo.BankEO                 : Service - findById()
2023-05-23T10:43:40.783+05:30  INFO 7856 --- [http-nio-8084-exec-2] com.cg.bankapp.bo.BankBo                 : BO - findById()
2023-05-23T10:43:40.783+05:30  INFO 7856 --- [http-nio-8084-exec-2] com.cg.bankapp.eo.BankEO                 : EO - findById()
2023-05-23T10:43:40.783+05:30  INFO 7856 --- [http-nio-8084-exec-2] com.cg.bankapp.dao.JdbcBankRepo          : Dao - findById() - query
2023-05-23T10:43:45.815+05:30  INFO 7856 --- [http-nio-8084-exec-3] c.c.b.controller.BankRestController      : Controller - getById()
2023-05-23T10:43:45.818+05:30  INFO 7856 --- [http-nio-8084-exec-3] com.cg.bankapp.eo.BankEO                 : Service - findById()
2023-05-23T10:43:45.818+05:30  INFO 7856 --- [http-nio-8084-exec-3] com.cg.bankapp.bo.BankBo                 : BO - findById()
2023-05-23T10:43:45.818+05:30  INFO 7856 --- [http-nio-8084-exec-3] com.cg.bankapp.eo.BankEO                 : EO - findById()
2023-05-23T10:43:45.818+05:30  INFO 7856 --- [http-nio-8084-exec-3] com.cg.bankapp.dao.JdbcBankRepo          : Dao - findById() - query
2023-05-23T10:43:45.818+05:30  INFO 7856 --- [http-nio-8084-exec-3] com.cg.bankapp.mapper.BankMapperImpl     : MapperIMPL - dtoToVo()
2023-05-23T10:43:52.705+05:30  INFO 7856 --- [http-nio-8084-exec-4] c.c.b.controller.BankRestController      : Controller - getAllAccounts()
2023-05-23T10:43:52.705+05:30  INFO 7856 --- [http-nio-8084-exec-4] com.cg.bankapp.eo.BankEO                 : Service - findAllAccounts()
2023-05-23T10:43:52.705+05:30  INFO 7856 --- [http-nio-8084-exec-4] com.cg.bankapp.bo.BankBo                 : BO - findAllAccounts()
2023-05-23T10:43:52.705+05:30  INFO 7856 --- [http-nio-8084-exec-4] com.cg.bankapp.eo.BankEO                 : EO - findAll()
2023-05-23T10:43:52.705+05:30  INFO 7856 --- [http-nio-8084-exec-4] com.cg.bankapp.dao.JdbcBankRepo          : Dao - findAll() - query
2023-05-23T10:43:52.713+05:30  INFO 7856 --- [http-nio-8084-exec-4] com.cg.bankapp.mapper.BankMapperImpl     : MapperIMPL - dtoToVo()
2023-05-23T10:43:52.714+05:30  INFO 7856 --- [http-nio-8084-exec-4] com.cg.bankapp.mapper.BankMapperImpl     : MapperIMPL - dtoToVo()
2023-05-23T10:43:52.714+05:30  INFO 7856 --- [http-nio-8084-exec-4] com.cg.bankapp.mapper.BankMapperImpl     : MapperIMPL - dtoToVo()
2023-05-23T10:43:52.714+05:30  INFO 7856 --- [http-nio-8084-exec-4] com.cg.bankapp.mapper.BankMapperImpl     : MapperIMPL - dtoToVo()
2023-05-23T10:43:52.714+05:30  INFO 7856 --- [http-nio-8084-exec-4] com.cg.bankapp.mapper.BankMapperImpl     : MapperIMPL - dtoToVo()
2023-05-23T10:43:52.714+05:30  INFO 7856 --- [http-nio-8084-exec-4] com.cg.bankapp.mapper.BankMapperImpl     : MapperIMPL - dtoToVo()
2023-05-23T10:43:52.714+05:30  INFO 7856 --- [http-nio-8084-exec-4] com.cg.bankapp.mapper.BankMapperImpl     : MapperIMPL - dtoToVo()
2023-05-23T10:43:52.714+05:30  INFO 7856 --- [http-nio-8084-exec-4] com.cg.bankapp.mapper.BankMapperImpl     : MapperIMPL - dtoToVo()
2023-05-23T10:43:52.714+05:30  INFO 7856 --- [http-nio-8084-exec-4] com.cg.bankapp.mapper.BankMapperImpl     : MapperIMPL - dtoToVo()
2023-05-23T10:43:52.714+05:30  INFO 7856 --- [http-nio-8084-exec-4] com.cg.bankapp.mapper.BankMapperImpl     : MapperIMPL - dtoToVo()
2023-05-23T10:43:59.152+05:30  INFO 7856 --- [http-nio-8084-exec-5] c.c.b.controller.BankRestController      : Controller - getById()
2023-05-23T10:43:59.152+05:30  INFO 7856 --- [http-nio-8084-exec-5] com.cg.bankapp.eo.BankEO                 : Service - findById()
2023-05-23T10:43:59.152+05:30  INFO 7856 --- [http-nio-8084-exec-5] com.cg.bankapp.bo.BankBo                 : BO - findById()
2023-05-23T10:43:59.152+05:30  INFO 7856 --- [http-nio-8084-exec-5] com.cg.bankapp.eo.BankEO                 : EO - findById()
2023-05-23T10:43:59.152+05:30  INFO 7856 --- [http-nio-8084-exec-5] com.cg.bankapp.dao.JdbcBankRepo          : Dao - findById() - query
2023-05-23T10:43:59.160+05:30  INFO 7856 --- [http-nio-8084-exec-5] com.cg.bankapp.mapper.BankMapperImpl     : MapperIMPL - dtoToVo()
2023-05-23T10:44:10.173+05:30  INFO 7856 --- [http-nio-8084-exec-6] c.c.b.controller.BankRestController      : Controller - getById()
2023-05-23T10:44:10.173+05:30  INFO 7856 --- [http-nio-8084-exec-6] com.cg.bankapp.eo.BankEO                 : Service - findById()
2023-05-23T10:44:10.173+05:30  INFO 7856 --- [http-nio-8084-exec-6] com.cg.bankapp.bo.BankBo                 : BO - findById()
2023-05-23T10:44:10.173+05:30  INFO 7856 --- [http-nio-8084-exec-6] com.cg.bankapp.eo.BankEO                 : EO - findById()
2023-05-23T10:44:10.173+05:30  INFO 7856 --- [http-nio-8084-exec-6] com.cg.bankapp.dao.JdbcBankRepo          : Dao - findById() - query
2023-05-23T10:44:13.495+05:30  INFO 7856 --- [http-nio-8084-exec-7] c.c.b.controller.BankRestController      : Controller - getById()
2023-05-23T10:44:13.495+05:30  INFO 7856 --- [http-nio-8084-exec-7] com.cg.bankapp.eo.BankEO                 : Service - findById()
2023-05-23T10:44:13.495+05:30  INFO 7856 --- [http-nio-8084-exec-7] com.cg.bankapp.bo.BankBo                 : BO - findById()
2023-05-23T10:44:13.495+05:30  INFO 7856 --- [http-nio-8084-exec-7] com.cg.bankapp.eo.BankEO                 : EO - findById()
2023-05-23T10:44:13.495+05:30  INFO 7856 --- [http-nio-8084-exec-7] com.cg.bankapp.dao.JdbcBankRepo          : Dao - findById() - query
2023-05-23T10:44:13.503+05:30  INFO 7856 --- [http-nio-8084-exec-7] com.cg.bankapp.mapper.BankMapperImpl     : MapperIMPL - dtoToVo()
2023-05-23T10:45:03.235+05:30  INFO 7856 --- [http-nio-8084-exec-8] c.c.b.controller.BankRestController      : Controller - getAllAccounts()
2023-05-23T10:45:03.236+05:30  INFO 7856 --- [http-nio-8084-exec-8] com.cg.bankapp.eo.BankEO                 : Service - findAllAccounts()
2023-05-23T10:45:03.236+05:30  INFO 7856 --- [http-nio-8084-exec-8] com.cg.bankapp.bo.BankBo                 : BO - findAllAccounts()
2023-05-23T10:45:03.236+05:30  INFO 7856 --- [http-nio-8084-exec-8] com.cg.bankapp.eo.BankEO                 : EO - findAll()
2023-05-23T10:45:03.236+05:30  INFO 7856 --- [http-nio-8084-exec-8] com.cg.bankapp.dao.JdbcBankRepo          : Dao - findAll() - query
2023-05-23T10:45:03.239+05:30  INFO 7856 --- [http-nio-8084-exec-8] com.cg.bankapp.mapper.BankMapperImpl     : MapperIMPL - dtoToVo()
2023-05-23T10:45:03.239+05:30  INFO 7856 --- [http-nio-8084-exec-8] com.cg.bankapp.mapper.BankMapperImpl     : MapperIMPL - dtoToVo()
2023-05-23T10:45:03.239+05:30  INFO 7856 --- [http-nio-8084-exec-8] com.cg.bankapp.mapper.BankMapperImpl     : MapperIMPL - dtoToVo()
2023-05-23T10:45:03.240+05:30  INFO 7856 --- [http-nio-8084-exec-8] com.cg.bankapp.mapper.BankMapperImpl     : MapperIMPL - dtoToVo()
2023-05-23T10:45:03.240+05:30  INFO 7856 --- [http-nio-8084-exec-8] com.cg.bankapp.mapper.BankMapperImpl     : MapperIMPL - dtoToVo()
2023-05-23T10:45:03.240+05:30  INFO 7856 --- [http-nio-8084-exec-8] com.cg.bankapp.mapper.BankMapperImpl     : MapperIMPL - dtoToVo()
2023-05-23T10:45:03.241+05:30  INFO 7856 --- [http-nio-8084-exec-8] com.cg.bankapp.mapper.BankMapperImpl     : MapperIMPL - dtoToVo()
2023-05-23T10:45:03.241+05:30  INFO 7856 --- [http-nio-8084-exec-8] com.cg.bankapp.mapper.BankMapperImpl     : MapperIMPL - dtoToVo()
2023-05-23T10:45:03.241+05:30  INFO 7856 --- [http-nio-8084-exec-8] com.cg.bankapp.mapper.BankMapperImpl     : MapperIMPL - dtoToVo()
2023-05-23T10:45:03.241+05:30  INFO 7856 --- [http-nio-8084-exec-8] com.cg.bankapp.mapper.BankMapperImpl     : MapperIMPL - dtoToVo()
2023-05-23T10:45:11.826+05:30  INFO 7856 --- [RMI TCP Connection(9)-127.0.0.1] inMXBeanRegistrar$SpringApplicationAdmin : Application shutdown requested.
2023-05-23T10:45:11.853+05:30  INFO 7856 --- [RMI TCP Connection(9)-127.0.0.1] o.apache.catalina.core.StandardService   : Stopping service [Tomcat]
2023-05-23T10:45:11.856+05:30  INFO 7856 --- [RMI TCP Connection(9)-127.0.0.1] o.a.c.c.C.[.[localhost].[/bankapp]       : Destroying Spring FrameworkServlet 'dispatcherServlet'
2023-05-23T10:45:11.879+05:30  INFO 7856 --- [RMI TCP Connection(9)-127.0.0.1] j.LocalContainerEntityManagerFactoryBean : Closing JPA EntityManagerFactory for persistence unit 'default'
2023-05-23T10:45:11.884+05:30  INFO 7856 --- [RMI TCP Connection(9)-127.0.0.1] com.zaxxer.hikari.HikariDataSource       : HikariPool-1 - Shutdown initiated...
2023-05-23T10:45:11.887+05:30  INFO 7856 --- [RMI TCP Connection(9)-127.0.0.1] com.zaxxer.hikari.HikariDataSource       : HikariPool-1 - Shutdown completed.
2023-05-23T11:40:27.477+05:30  INFO 18352 --- [main] com.cg.BankApplication                   : Starting BankApplication using Java 17.0.6 with PID 18352 (C:\Users\ssaha6\Documents\workspace2-spring-tool-suite-4-4.18.0.RELEASE\BankApplication\bin\main started by ssaha6 in C:\Users\ssaha6\Documents\workspace2-spring-tool-suite-4-4.18.0.RELEASE\BankApplication)
2023-05-23T11:40:27.480+05:30  INFO 18352 --- [main] com.cg.BankApplication                   : No active profile set, falling back to 1 default profile: "default"
2023-05-23T11:40:28.114+05:30  INFO 18352 --- [main] .s.d.r.c.RepositoryConfigurationDelegate : Multiple Spring Data modules found, entering strict repository configuration mode
2023-05-23T11:40:28.115+05:30  INFO 18352 --- [main] .s.d.r.c.RepositoryConfigurationDelegate : Bootstrapping Spring Data JDBC repositories in DEFAULT mode.
2023-05-23T11:40:28.134+05:30  INFO 18352 --- [main] .s.d.r.c.RepositoryConfigurationDelegate : Finished Spring Data repository scanning in 15 ms. Found 0 JDBC repository interfaces.
2023-05-23T11:40:28.140+05:30  INFO 18352 --- [main] .s.d.r.c.RepositoryConfigurationDelegate : Multiple Spring Data modules found, entering strict repository configuration mode
2023-05-23T11:40:28.141+05:30  INFO 18352 --- [main] .s.d.r.c.RepositoryConfigurationDelegate : Bootstrapping Spring Data JPA repositories in DEFAULT mode.
2023-05-23T11:40:28.149+05:30  INFO 18352 --- [main] .s.d.r.c.RepositoryConfigurationDelegate : Finished Spring Data repository scanning in 4 ms. Found 0 JPA repository interfaces.
2023-05-23T11:40:28.259+05:30  INFO 18352 --- [main] o.s.cloud.context.scope.GenericScope     : BeanFactory id=7b3c670f-ae1a-3eb5-bb2e-ab6a18adef6c
2023-05-23T11:40:28.527+05:30  INFO 18352 --- [main] o.s.b.w.embedded.tomcat.TomcatWebServer  : Tomcat initialized with port(s): 8084 (http)
2023-05-23T11:40:28.534+05:30  INFO 18352 --- [main] o.apache.catalina.core.StandardService   : Starting service [Tomcat]
2023-05-23T11:40:28.534+05:30  INFO 18352 --- [main] o.apache.catalina.core.StandardEngine    : Starting Servlet engine: [Apache Tomcat/10.1.8]
2023-05-23T11:40:28.622+05:30  INFO 18352 --- [main] o.a.c.c.C.[.[localhost].[/bankapp]       : Initializing Spring embedded WebApplicationContext
2023-05-23T11:40:28.623+05:30  INFO 18352 --- [main] w.s.c.ServletWebServerApplicationContext : Root WebApplicationContext: initialization completed in 1110 ms
2023-05-23T11:40:28.685+05:30  INFO 18352 --- [main] com.zaxxer.hikari.HikariDataSource       : HikariPool-1 - Starting...
2023-05-23T11:40:28.853+05:30  INFO 18352 --- [main] com.zaxxer.hikari.pool.HikariPool        : HikariPool-1 - Added connection conn0: url=jdbc:h2:mem:dcbapp user=USER
2023-05-23T11:40:28.854+05:30  INFO 18352 --- [main] com.zaxxer.hikari.HikariDataSource       : HikariPool-1 - Start completed.
2023-05-23T11:40:28.862+05:30  INFO 18352 --- [main] o.s.b.a.h2.H2ConsoleAutoConfiguration    : H2 console available at '/h2-console'. Database available at 'jdbc:h2:mem:dcbapp'
2023-05-23T11:40:28.991+05:30  INFO 18352 --- [main] o.hibernate.jpa.internal.util.LogHelper  : HHH000204: Processing PersistenceUnitInfo [name: default]
2023-05-23T11:40:29.029+05:30  INFO 18352 --- [main] org.hibernate.Version                    : HHH000412: Hibernate ORM core version 6.1.7.Final
2023-05-23T11:40:29.248+05:30  INFO 18352 --- [main] SQL dialect                              : HHH000400: Using dialect: org.hibernate.dialect.H2Dialect
2023-05-23T11:40:29.452+05:30  INFO 18352 --- [main] o.h.e.t.j.p.i.JtaPlatformInitiator       : HHH000490: Using JtaPlatform implementation: [org.hibernate.engine.transaction.jta.platform.internal.NoJtaPlatform]
2023-05-23T11:40:29.461+05:30  INFO 18352 --- [main] j.LocalContainerEntityManagerFactoryBean : Initialized JPA EntityManagerFactory for persistence unit 'default'
2023-05-23T11:40:29.529+05:30  WARN 18352 --- [main] JpaBaseConfiguration$JpaWebConfiguration : spring.jpa.open-in-view is enabled by default. Therefore, database queries may be performed during view rendering. Explicitly configure spring.jpa.open-in-view to disable this warning
2023-05-23T11:40:30.073+05:30  INFO 18352 --- [main] o.s.b.a.e.web.EndpointLinksResolver      : Exposing 1 endpoint(s) beneath base path '/actuator'
2023-05-23T11:40:30.147+05:30  INFO 18352 --- [main] o.s.b.w.embedded.tomcat.TomcatWebServer  : Tomcat started on port(s): 8084 (http) with context path '/bankapp'
2023-05-23T11:40:30.248+05:30  INFO 18352 --- [main] com.cg.BankApplication                   : Started BankApplication in 3.215 seconds (process running for 4.635)
2023-05-23T11:40:31.282+05:30  INFO 18352 --- [RMI TCP Connection(5)-127.0.0.1] o.a.c.c.C.[.[localhost].[/bankapp]       : Initializing Spring DispatcherServlet 'dispatcherServlet'
2023-05-23T11:40:31.283+05:30  INFO 18352 --- [RMI TCP Connection(5)-127.0.0.1] o.s.web.servlet.DispatcherServlet        : Initializing Servlet 'dispatcherServlet'
2023-05-23T11:40:31.284+05:30  INFO 18352 --- [RMI TCP Connection(5)-127.0.0.1] o.s.web.servlet.DispatcherServlet        : Completed initialization in 1 ms
2023-05-23T11:40:40.992+05:30  INFO 18352 --- [http-nio-8084-exec-1] c.c.b.controller.BankRestController      : Controller - getAllAccounts()
2023-05-23T11:40:40.992+05:30  INFO 18352 --- [http-nio-8084-exec-1] com.cg.bankapp.eo.BankEO                 : Service - findAllAccounts()
2023-05-23T11:40:40.993+05:30  INFO 18352 --- [http-nio-8084-exec-1] com.cg.bankapp.bo.BankBo                 : BO - findAllAccounts()
2023-05-23T11:40:40.993+05:30  INFO 18352 --- [http-nio-8084-exec-1] com.cg.bankapp.eo.BankEO                 : EO - findAll()
2023-05-23T11:40:40.994+05:30  INFO 18352 --- [http-nio-8084-exec-1] com.cg.bankapp.dao.JdbcBankRepo          : Dao - findAll() - query
2023-05-23T11:40:41.016+05:30  INFO 18352 --- [http-nio-8084-exec-1] com.cg.bankapp.mapper.BankMapperImpl     : MapperIMPL - dtoToVo()
2023-05-23T11:40:41.017+05:30  INFO 18352 --- [http-nio-8084-exec-1] com.cg.bankapp.mapper.BankMapperImpl     : MapperIMPL - dtoToVo()
2023-05-23T11:40:41.017+05:30  INFO 18352 --- [http-nio-8084-exec-1] com.cg.bankapp.mapper.BankMapperImpl     : MapperIMPL - dtoToVo()
2023-05-23T11:40:41.017+05:30  INFO 18352 --- [http-nio-8084-exec-1] com.cg.bankapp.mapper.BankMapperImpl     : MapperIMPL - dtoToVo()
2023-05-23T11:40:41.017+05:30  INFO 18352 --- [http-nio-8084-exec-1] com.cg.bankapp.mapper.BankMapperImpl     : MapperIMPL - dtoToVo()
2023-05-23T11:40:41.017+05:30  INFO 18352 --- [http-nio-8084-exec-1] com.cg.bankapp.mapper.BankMapperImpl     : MapperIMPL - dtoToVo()
2023-05-23T11:40:41.017+05:30  INFO 18352 --- [http-nio-8084-exec-1] com.cg.bankapp.mapper.BankMapperImpl     : MapperIMPL - dtoToVo()
2023-05-23T11:40:41.017+05:30  INFO 18352 --- [http-nio-8084-exec-1] com.cg.bankapp.mapper.BankMapperImpl     : MapperIMPL - dtoToVo()
2023-05-23T11:40:41.017+05:30  INFO 18352 --- [http-nio-8084-exec-1] com.cg.bankapp.mapper.BankMapperImpl     : MapperIMPL - dtoToVo()
2023-05-23T11:40:41.018+05:30  INFO 18352 --- [http-nio-8084-exec-1] com.cg.bankapp.mapper.BankMapperImpl     : MapperIMPL - dtoToVo()
2023-05-23T11:40:44.187+05:30  INFO 18352 --- [http-nio-8084-exec-3] c.c.b.controller.BankRestController      : Controller - createBankAccount()
2023-05-23T11:40:44.187+05:30  INFO 18352 --- [http-nio-8084-exec-3] com.cg.bankapp.eo.BankEO                 : Service - addbankAccount()
2023-05-23T11:40:44.192+05:30  INFO 18352 --- [http-nio-8084-exec-3] com.cg.bankapp.bo.BankBo                 : BO - addBankAccount()
2023-05-23T11:40:44.193+05:30  INFO 18352 --- [http-nio-8084-exec-3] com.cg.bankapp.mapper.BankMapperImpl     : MapperIMPL - voToDto()
2023-05-23T11:40:44.193+05:30  INFO 18352 --- [http-nio-8084-exec-3] com.cg.bankapp.eo.BankEO                 : EO - save()
2023-05-23T11:40:44.193+05:30  INFO 18352 --- [http-nio-8084-exec-3] com.cg.bankapp.dao.JdbcBankRepo          : Dao - save() - query
2023-05-23T11:40:48.538+05:30  INFO 18352 --- [http-nio-8084-exec-4] c.c.b.controller.BankRestController      : Controller - getById()
2023-05-23T11:40:48.539+05:30  INFO 18352 --- [http-nio-8084-exec-4] com.cg.bankapp.eo.BankEO                 : Service - findById()
2023-05-23T11:40:48.539+05:30  INFO 18352 --- [http-nio-8084-exec-4] com.cg.bankapp.bo.BankBo                 : BO - findById()
2023-05-23T11:40:48.539+05:30  INFO 18352 --- [http-nio-8084-exec-4] com.cg.bankapp.eo.BankEO                 : EO - findById()
2023-05-23T11:40:48.539+05:30  INFO 18352 --- [http-nio-8084-exec-4] com.cg.bankapp.dao.JdbcBankRepo          : Dao - findById() - query
2023-05-23T11:40:48.542+05:30  INFO 18352 --- [http-nio-8084-exec-4] com.cg.bankapp.mapper.BankMapperImpl     : MapperIMPL - dtoToVo()
2023-05-23T11:40:52.667+05:30  INFO 18352 --- [http-nio-8084-exec-5] c.c.b.controller.BankRestController      : Controller - checkHealthOfH2()
2023-05-23T11:40:52.667+05:30  INFO 18352 --- [http-nio-8084-exec-5] com.cg.bankapp.eo.BankEO                 : Service - checkHealth()
2023-05-23T11:40:52.667+05:30  INFO 18352 --- [http-nio-8084-exec-5] com.cg.bankapp.bo.BankBo                 : BO - checkHealth()
2023-05-23T11:40:52.667+05:30  INFO 18352 --- [http-nio-8084-exec-5] com.cg.bankapp.eo.BankEO                 : EO - check()
2023-05-23T11:40:52.667+05:30  INFO 18352 --- [http-nio-8084-exec-5] com.cg.bankapp.dao.JdbcBankRepo          : Dao - check() - query
2023-05-23T11:40:58.825+05:30  INFO 18352 --- [http-nio-8084-exec-6] c.c.b.controller.BankRestController      : Controller - getAllAccounts()
2023-05-23T11:40:58.825+05:30  INFO 18352 --- [http-nio-8084-exec-6] com.cg.bankapp.eo.BankEO                 : Service - findAllAccounts()
2023-05-23T11:40:58.825+05:30  INFO 18352 --- [http-nio-8084-exec-6] com.cg.bankapp.bo.BankBo                 : BO - findAllAccounts()
2023-05-23T11:40:58.825+05:30  INFO 18352 --- [http-nio-8084-exec-6] com.cg.bankapp.eo.BankEO                 : EO - findAll()
2023-05-23T11:40:58.825+05:30  INFO 18352 --- [http-nio-8084-exec-6] com.cg.bankapp.dao.JdbcBankRepo          : Dao - findAll() - query
2023-05-23T11:40:58.829+05:30  INFO 18352 --- [http-nio-8084-exec-6] com.cg.bankapp.mapper.BankMapperImpl     : MapperIMPL - dtoToVo()
2023-05-23T11:40:58.829+05:30  INFO 18352 --- [http-nio-8084-exec-6] com.cg.bankapp.mapper.BankMapperImpl     : MapperIMPL - dtoToVo()
2023-05-23T11:40:58.829+05:30  INFO 18352 --- [http-nio-8084-exec-6] com.cg.bankapp.mapper.BankMapperImpl     : MapperIMPL - dtoToVo()
2023-05-23T11:40:58.829+05:30  INFO 18352 --- [http-nio-8084-exec-6] com.cg.bankapp.mapper.BankMapperImpl     : MapperIMPL - dtoToVo()
2023-05-23T11:40:58.829+05:30  INFO 18352 --- [http-nio-8084-exec-6] com.cg.bankapp.mapper.BankMapperImpl     : MapperIMPL - dtoToVo()
2023-05-23T11:40:58.829+05:30  INFO 18352 --- [http-nio-8084-exec-6] com.cg.bankapp.mapper.BankMapperImpl     : MapperIMPL - dtoToVo()
2023-05-23T11:40:58.829+05:30  INFO 18352 --- [http-nio-8084-exec-6] com.cg.bankapp.mapper.BankMapperImpl     : MapperIMPL - dtoToVo()
2023-05-23T11:40:58.829+05:30  INFO 18352 --- [http-nio-8084-exec-6] com.cg.bankapp.mapper.BankMapperImpl     : MapperIMPL - dtoToVo()
2023-05-23T11:40:58.829+05:30  INFO 18352 --- [http-nio-8084-exec-6] com.cg.bankapp.mapper.BankMapperImpl     : MapperIMPL - dtoToVo()
2023-05-23T11:40:58.830+05:30  INFO 18352 --- [http-nio-8084-exec-6] com.cg.bankapp.mapper.BankMapperImpl     : MapperIMPL - dtoToVo()
2023-05-23T11:40:58.830+05:30  INFO 18352 --- [http-nio-8084-exec-6] com.cg.bankapp.mapper.BankMapperImpl     : MapperIMPL - dtoToVo()
2023-05-23T11:45:09.182+05:30  INFO 18352 --- [http-nio-8084-exec-9] c.c.b.controller.BankRestController      : Controller - getAllAccounts()
2023-05-23T11:45:09.182+05:30  INFO 18352 --- [http-nio-8084-exec-9] com.cg.bankapp.eo.BankEO                 : Service - findAllAccounts()
2023-05-23T11:45:09.182+05:30  INFO 18352 --- [http-nio-8084-exec-9] com.cg.bankapp.bo.BankBo                 : BO - findAllAccounts()
2023-05-23T11:45:09.183+05:30  INFO 18352 --- [http-nio-8084-exec-9] com.cg.bankapp.eo.BankEO                 : EO - findAll()
2023-05-23T11:45:09.183+05:30  INFO 18352 --- [http-nio-8084-exec-9] com.cg.bankapp.dao.JdbcBankRepo          : Dao - findAll() - query
2023-05-23T11:45:09.184+05:30  INFO 18352 --- [http-nio-8084-exec-9] com.cg.bankapp.mapper.BankMapperImpl     : MapperIMPL - dtoToVo()
2023-05-23T11:45:09.184+05:30  INFO 18352 --- [http-nio-8084-exec-9] com.cg.bankapp.mapper.BankMapperImpl     : MapperIMPL - dtoToVo()
2023-05-23T11:45:09.184+05:30  INFO 18352 --- [http-nio-8084-exec-9] com.cg.bankapp.mapper.BankMapperImpl     : MapperIMPL - dtoToVo()
2023-05-23T11:45:09.184+05:30  INFO 18352 --- [http-nio-8084-exec-9] com.cg.bankapp.mapper.BankMapperImpl     : MapperIMPL - dtoToVo()
2023-05-23T11:45:09.184+05:30  INFO 18352 --- [http-nio-8084-exec-9] com.cg.bankapp.mapper.BankMapperImpl     : MapperIMPL - dtoToVo()
2023-05-23T11:45:09.184+05:30  INFO 18352 --- [http-nio-8084-exec-9] com.cg.bankapp.mapper.BankMapperImpl     : MapperIMPL - dtoToVo()
2023-05-23T11:45:09.184+05:30  INFO 18352 --- [http-nio-8084-exec-9] com.cg.bankapp.mapper.BankMapperImpl     : MapperIMPL - dtoToVo()
2023-05-23T11:45:09.185+05:30  INFO 18352 --- [http-nio-8084-exec-9] com.cg.bankapp.mapper.BankMapperImpl     : MapperIMPL - dtoToVo()
2023-05-23T11:45:09.185+05:30  INFO 18352 --- [http-nio-8084-exec-9] com.cg.bankapp.mapper.BankMapperImpl     : MapperIMPL - dtoToVo()
2023-05-23T11:45:09.185+05:30  INFO 18352 --- [http-nio-8084-exec-9] com.cg.bankapp.mapper.BankMapperImpl     : MapperIMPL - dtoToVo()
2023-05-23T11:45:09.185+05:30  INFO 18352 --- [http-nio-8084-exec-9] com.cg.bankapp.mapper.BankMapperImpl     : MapperIMPL - dtoToVo()
2023-05-23T11:45:11.706+05:30  INFO 18352 --- [http-nio-8084-exec-10] c.c.b.controller.BankRestController      : Controller - getById()
2023-05-23T11:45:11.706+05:30  INFO 18352 --- [http-nio-8084-exec-10] com.cg.bankapp.eo.BankEO                 : Service - findById()
2023-05-23T11:45:11.706+05:30  INFO 18352 --- [http-nio-8084-exec-10] com.cg.bankapp.bo.BankBo                 : BO - findById()
2023-05-23T11:45:11.706+05:30  INFO 18352 --- [http-nio-8084-exec-10] com.cg.bankapp.eo.BankEO                 : EO - findById()
2023-05-23T11:45:11.706+05:30  INFO 18352 --- [http-nio-8084-exec-10] com.cg.bankapp.dao.JdbcBankRepo          : Dao - findById() - query
2023-05-23T11:45:11.708+05:30  INFO 18352 --- [http-nio-8084-exec-10] com.cg.bankapp.mapper.BankMapperImpl     : MapperIMPL - dtoToVo()
2023-05-23T11:47:02.998+05:30  INFO 18352 --- [http-nio-8084-exec-1] c.c.b.controller.BankRestController      : Controller - getAllAccounts()
2023-05-23T11:47:02.998+05:30  INFO 18352 --- [http-nio-8084-exec-1] com.cg.bankapp.eo.BankEO                 : Service - findAllAccounts()
2023-05-23T11:47:02.999+05:30  INFO 18352 --- [http-nio-8084-exec-1] com.cg.bankapp.bo.BankBo                 : BO - findAllAccounts()
2023-05-23T11:47:02.999+05:30  INFO 18352 --- [http-nio-8084-exec-1] com.cg.bankapp.eo.BankEO                 : EO - findAll()
2023-05-23T11:47:02.999+05:30  INFO 18352 --- [http-nio-8084-exec-1] com.cg.bankapp.dao.JdbcBankRepo          : Dao - findAll() - query
2023-05-23T11:47:03.000+05:30  INFO 18352 --- [http-nio-8084-exec-1] com.cg.bankapp.mapper.BankMapperImpl     : MapperIMPL - dtoToVo()
2023-05-23T11:47:03.000+05:30  INFO 18352 --- [http-nio-8084-exec-1] com.cg.bankapp.mapper.BankMapperImpl     : MapperIMPL - dtoToVo()
2023-05-23T11:47:03.000+05:30  INFO 18352 --- [http-nio-8084-exec-1] com.cg.bankapp.mapper.BankMapperImpl     : MapperIMPL - dtoToVo()
2023-05-23T11:47:03.000+05:30  INFO 18352 --- [http-nio-8084-exec-1] com.cg.bankapp.mapper.BankMapperImpl     : MapperIMPL - dtoToVo()
2023-05-23T11:47:03.000+05:30  INFO 18352 --- [http-nio-8084-exec-1] com.cg.bankapp.mapper.BankMapperImpl     : MapperIMPL - dtoToVo()
2023-05-23T11:47:03.000+05:30  INFO 18352 --- [http-nio-8084-exec-1] com.cg.bankapp.mapper.BankMapperImpl     : MapperIMPL - dtoToVo()
2023-05-23T11:47:03.000+05:30  INFO 18352 --- [http-nio-8084-exec-1] com.cg.bankapp.mapper.BankMapperImpl     : MapperIMPL - dtoToVo()
2023-05-23T11:47:03.000+05:30  INFO 18352 --- [http-nio-8084-exec-1] com.cg.bankapp.mapper.BankMapperImpl     : MapperIMPL - dtoToVo()
2023-05-23T11:47:03.000+05:30  INFO 18352 --- [http-nio-8084-exec-1] com.cg.bankapp.mapper.BankMapperImpl     : MapperIMPL - dtoToVo()
2023-05-23T11:47:03.000+05:30  INFO 18352 --- [http-nio-8084-exec-1] com.cg.bankapp.mapper.BankMapperImpl     : MapperIMPL - dtoToVo()
2023-05-23T11:47:03.000+05:30  INFO 18352 --- [http-nio-8084-exec-1] com.cg.bankapp.mapper.BankMapperImpl     : MapperIMPL - dtoToVo()
2023-05-23T11:48:11.341+05:30  INFO 18352 --- [http-nio-8084-exec-4] c.c.b.controller.BankRestController      : Controller - getAllAccounts()
2023-05-23T11:48:11.342+05:30  INFO 18352 --- [http-nio-8084-exec-4] com.cg.bankapp.eo.BankEO                 : Service - findAllAccounts()
2023-05-23T11:48:11.342+05:30  INFO 18352 --- [http-nio-8084-exec-4] com.cg.bankapp.bo.BankBo                 : BO - findAllAccounts()
2023-05-23T11:48:11.342+05:30  INFO 18352 --- [http-nio-8084-exec-4] com.cg.bankapp.eo.BankEO                 : EO - findAll()
2023-05-23T11:48:11.342+05:30  INFO 18352 --- [http-nio-8084-exec-4] com.cg.bankapp.dao.JdbcBankRepo          : Dao - findAll() - query
2023-05-23T11:48:11.349+05:30  INFO 18352 --- [http-nio-8084-exec-4] com.cg.bankapp.mapper.BankMapperImpl     : MapperIMPL - dtoToVo()
2023-05-23T11:48:11.350+05:30  INFO 18352 --- [http-nio-8084-exec-4] com.cg.bankapp.mapper.BankMapperImpl     : MapperIMPL - dtoToVo()
2023-05-23T11:48:11.350+05:30  INFO 18352 --- [http-nio-8084-exec-4] com.cg.bankapp.mapper.BankMapperImpl     : MapperIMPL - dtoToVo()
2023-05-23T11:48:11.350+05:30  INFO 18352 --- [http-nio-8084-exec-4] com.cg.bankapp.mapper.BankMapperImpl     : MapperIMPL - dtoToVo()
2023-05-23T11:48:11.350+05:30  INFO 18352 --- [http-nio-8084-exec-4] com.cg.bankapp.mapper.BankMapperImpl     : MapperIMPL - dtoToVo()
2023-05-23T11:48:11.350+05:30  INFO 18352 --- [http-nio-8084-exec-4] com.cg.bankapp.mapper.BankMapperImpl     : MapperIMPL - dtoToVo()
2023-05-23T11:48:11.350+05:30  INFO 18352 --- [http-nio-8084-exec-4] com.cg.bankapp.mapper.BankMapperImpl     : MapperIMPL - dtoToVo()
2023-05-23T11:48:11.350+05:30  INFO 18352 --- [http-nio-8084-exec-4] com.cg.bankapp.mapper.BankMapperImpl     : MapperIMPL - dtoToVo()
2023-05-23T11:48:11.350+05:30  INFO 18352 --- [http-nio-8084-exec-4] com.cg.bankapp.mapper.BankMapperImpl     : MapperIMPL - dtoToVo()
2023-05-23T11:48:11.350+05:30  INFO 18352 --- [http-nio-8084-exec-4] com.cg.bankapp.mapper.BankMapperImpl     : MapperIMPL - dtoToVo()
2023-05-23T11:48:11.350+05:30  INFO 18352 --- [http-nio-8084-exec-4] com.cg.bankapp.mapper.BankMapperImpl     : MapperIMPL - dtoToVo()
2023-05-23T11:50:31.338+05:30  INFO 18352 --- [http-nio-8084-exec-6] c.c.b.controller.BankRestController      : Controller - getAllAccounts()
2023-05-23T11:50:31.338+05:30  INFO 18352 --- [http-nio-8084-exec-6] com.cg.bankapp.eo.BankEO                 : Service - findAllAccounts()
2023-05-23T11:50:31.338+05:30  INFO 18352 --- [http-nio-8084-exec-6] com.cg.bankapp.bo.BankBo                 : BO - findAllAccounts()
2023-05-23T11:50:31.338+05:30  INFO 18352 --- [http-nio-8084-exec-6] com.cg.bankapp.eo.BankEO                 : EO - findAll()
2023-05-23T11:50:31.338+05:30  INFO 18352 --- [http-nio-8084-exec-6] com.cg.bankapp.dao.JdbcBankRepo          : Dao - findAll() - query
2023-05-23T11:50:31.339+05:30  INFO 18352 --- [http-nio-8084-exec-6] com.cg.bankapp.mapper.BankMapperImpl     : MapperIMPL - dtoToVo()
2023-05-23T11:50:31.339+05:30  INFO 18352 --- [http-nio-8084-exec-6] com.cg.bankapp.mapper.BankMapperImpl     : MapperIMPL - dtoToVo()
2023-05-23T11:50:31.339+05:30  INFO 18352 --- [http-nio-8084-exec-6] com.cg.bankapp.mapper.BankMapperImpl     : MapperIMPL - dtoToVo()
2023-05-23T11:50:31.339+05:30  INFO 18352 --- [http-nio-8084-exec-6] com.cg.bankapp.mapper.BankMapperImpl     : MapperIMPL - dtoToVo()
2023-05-23T11:50:31.339+05:30  INFO 18352 --- [http-nio-8084-exec-6] com.cg.bankapp.mapper.BankMapperImpl     : MapperIMPL - dtoToVo()
2023-05-23T11:50:31.339+05:30  INFO 18352 --- [http-nio-8084-exec-6] com.cg.bankapp.mapper.BankMapperImpl     : MapperIMPL - dtoToVo()
2023-05-23T11:50:31.340+05:30  INFO 18352 --- [http-nio-8084-exec-6] com.cg.bankapp.mapper.BankMapperImpl     : MapperIMPL - dtoToVo()
2023-05-23T11:50:31.340+05:30  INFO 18352 --- [http-nio-8084-exec-6] com.cg.bankapp.mapper.BankMapperImpl     : MapperIMPL - dtoToVo()
2023-05-23T11:50:31.340+05:30  INFO 18352 --- [http-nio-8084-exec-6] com.cg.bankapp.mapper.BankMapperImpl     : MapperIMPL - dtoToVo()
2023-05-23T11:50:31.340+05:30  INFO 18352 --- [http-nio-8084-exec-6] com.cg.bankapp.mapper.BankMapperImpl     : MapperIMPL - dtoToVo()
2023-05-23T11:50:31.340+05:30  INFO 18352 --- [http-nio-8084-exec-6] com.cg.bankapp.mapper.BankMapperImpl     : MapperIMPL - dtoToVo()
2023-05-23T11:50:33.973+05:30  INFO 18352 --- [http-nio-8084-exec-7] c.c.b.controller.BankRestController      : Controller - getById()
2023-05-23T11:50:33.973+05:30  INFO 18352 --- [http-nio-8084-exec-7] com.cg.bankapp.eo.BankEO                 : Service - findById()
2023-05-23T11:50:33.973+05:30  INFO 18352 --- [http-nio-8084-exec-7] com.cg.bankapp.bo.BankBo                 : BO - findById()
2023-05-23T11:50:33.973+05:30  INFO 18352 --- [http-nio-8084-exec-7] com.cg.bankapp.eo.BankEO                 : EO - findById()
2023-05-23T11:50:33.973+05:30  INFO 18352 --- [http-nio-8084-exec-7] com.cg.bankapp.dao.JdbcBankRepo          : Dao - findById() - query
2023-05-23T11:50:33.974+05:30  INFO 18352 --- [http-nio-8084-exec-7] com.cg.bankapp.mapper.BankMapperImpl     : MapperIMPL - dtoToVo()
2023-05-23T11:50:44.395+05:30  INFO 18352 --- [http-nio-8084-exec-8] c.c.b.controller.BankRestController      : Controller - getById()
2023-05-23T11:50:44.396+05:30  INFO 18352 --- [http-nio-8084-exec-8] com.cg.bankapp.eo.BankEO                 : Service - findById()
2023-05-23T11:50:44.396+05:30  INFO 18352 --- [http-nio-8084-exec-8] com.cg.bankapp.bo.BankBo                 : BO - findById()
2023-05-23T11:50:44.396+05:30  INFO 18352 --- [http-nio-8084-exec-8] com.cg.bankapp.eo.BankEO                 : EO - findById()
2023-05-23T11:50:44.396+05:30  INFO 18352 --- [http-nio-8084-exec-8] com.cg.bankapp.dao.JdbcBankRepo          : Dao - findById() - query
2023-05-23T11:51:01.530+05:30  INFO 18352 --- [http-nio-8084-exec-9] c.c.b.controller.BankRestController      : Controller - getById()
2023-05-23T11:51:01.531+05:30  INFO 18352 --- [http-nio-8084-exec-9] com.cg.bankapp.eo.BankEO                 : Service - findById()
2023-05-23T11:51:01.531+05:30  INFO 18352 --- [http-nio-8084-exec-9] com.cg.bankapp.bo.BankBo                 : BO - findById()
2023-05-23T11:51:01.531+05:30  INFO 18352 --- [http-nio-8084-exec-9] com.cg.bankapp.eo.BankEO                 : EO - findById()
2023-05-23T11:51:01.531+05:30  INFO 18352 --- [http-nio-8084-exec-9] com.cg.bankapp.dao.JdbcBankRepo          : Dao - findById() - query
2023-05-23T11:51:01.532+05:30  INFO 18352 --- [http-nio-8084-exec-9] com.cg.bankapp.mapper.BankMapperImpl     : MapperIMPL - dtoToVo()
2023-05-23T11:57:35.648+05:30  INFO 18352 --- [http-nio-8084-exec-2] c.c.b.controller.BankRestController      : Controller - getById()
2023-05-23T11:57:35.649+05:30  INFO 18352 --- [http-nio-8084-exec-2] com.cg.bankapp.eo.BankEO                 : Service - findById()
2023-05-23T11:57:35.649+05:30  INFO 18352 --- [http-nio-8084-exec-2] com.cg.bankapp.bo.BankBo                 : BO - findById()
2023-05-23T11:57:35.649+05:30  INFO 18352 --- [http-nio-8084-exec-2] com.cg.bankapp.eo.BankEO                 : EO - findById()
2023-05-23T11:57:35.649+05:30  INFO 18352 --- [http-nio-8084-exec-2] com.cg.bankapp.dao.JdbcBankRepo          : Dao - findById() - query
2023-05-23T11:57:35.649+05:30  INFO 18352 --- [http-nio-8084-exec-2] com.cg.bankapp.mapper.BankMapperImpl     : MapperIMPL - dtoToVo()
2023-05-23T11:57:38.393+05:30  INFO 18352 --- [http-nio-8084-exec-1] c.c.b.controller.BankRestController      : Controller - getById()
2023-05-23T11:57:38.393+05:30  INFO 18352 --- [http-nio-8084-exec-1] com.cg.bankapp.eo.BankEO                 : Service - findById()
2023-05-23T11:57:38.393+05:30  INFO 18352 --- [http-nio-8084-exec-1] com.cg.bankapp.bo.BankBo                 : BO - findById()
2023-05-23T11:57:38.393+05:30  INFO 18352 --- [http-nio-8084-exec-1] com.cg.bankapp.eo.BankEO                 : EO - findById()
2023-05-23T11:57:38.393+05:30  INFO 18352 --- [http-nio-8084-exec-1] com.cg.bankapp.dao.JdbcBankRepo          : Dao - findById() - query
2023-05-23T11:57:53.049+05:30  INFO 18352 --- [http-nio-8084-exec-3] c.c.b.controller.BankRestController      : Controller - getById()
2023-05-23T11:57:53.049+05:30  INFO 18352 --- [http-nio-8084-exec-3] com.cg.bankapp.eo.BankEO                 : Service - findById()
2023-05-23T11:57:53.050+05:30  INFO 18352 --- [http-nio-8084-exec-3] com.cg.bankapp.bo.BankBo                 : BO - findById()
2023-05-23T11:57:53.050+05:30  INFO 18352 --- [http-nio-8084-exec-3] com.cg.bankapp.eo.BankEO                 : EO - findById()
2023-05-23T11:57:53.050+05:30  INFO 18352 --- [http-nio-8084-exec-3] com.cg.bankapp.dao.JdbcBankRepo          : Dao - findById() - query
2023-05-23T11:57:53.050+05:30  INFO 18352 --- [http-nio-8084-exec-3] com.cg.bankapp.mapper.BankMapperImpl     : MapperIMPL - dtoToVo()
2023-05-23T11:58:02.137+05:30  INFO 18352 --- [http-nio-8084-exec-4] c.c.b.controller.BankRestController      : Controller - getById()
2023-05-23T11:58:02.138+05:30  INFO 18352 --- [http-nio-8084-exec-4] com.cg.bankapp.eo.BankEO                 : Service - findById()
2023-05-23T11:58:02.138+05:30  INFO 18352 --- [http-nio-8084-exec-4] com.cg.bankapp.bo.BankBo                 : BO - findById()
2023-05-23T11:58:02.138+05:30  INFO 18352 --- [http-nio-8084-exec-4] com.cg.bankapp.eo.BankEO                 : EO - findById()
2023-05-23T11:58:02.138+05:30  INFO 18352 --- [http-nio-8084-exec-4] com.cg.bankapp.dao.JdbcBankRepo          : Dao - findById() - query
2023-05-23T11:59:38.020+05:30  INFO 18352 --- [http-nio-8084-exec-6] c.c.b.controller.BankRestController      : Controller - getById()
2023-05-23T11:59:38.020+05:30  INFO 18352 --- [http-nio-8084-exec-6] com.cg.bankapp.eo.BankEO                 : Service - findById()
2023-05-23T11:59:38.020+05:30  INFO 18352 --- [http-nio-8084-exec-6] com.cg.bankapp.bo.BankBo                 : BO - findById()
2023-05-23T11:59:38.020+05:30  INFO 18352 --- [http-nio-8084-exec-6] com.cg.bankapp.eo.BankEO                 : EO - findById()
2023-05-23T11:59:38.020+05:30  INFO 18352 --- [http-nio-8084-exec-6] com.cg.bankapp.dao.JdbcBankRepo          : Dao - findById() - query
2023-05-23T11:59:45.022+05:30  INFO 18352 --- [http-nio-8084-exec-7] c.c.b.controller.BankRestController      : Controller - getById()
2023-05-23T11:59:45.022+05:30  INFO 18352 --- [http-nio-8084-exec-7] com.cg.bankapp.eo.BankEO                 : Service - findById()
2023-05-23T11:59:45.022+05:30  INFO 18352 --- [http-nio-8084-exec-7] com.cg.bankapp.bo.BankBo                 : BO - findById()
2023-05-23T11:59:45.022+05:30  INFO 18352 --- [http-nio-8084-exec-7] com.cg.bankapp.eo.BankEO                 : EO - findById()
2023-05-23T11:59:45.022+05:30  INFO 18352 --- [http-nio-8084-exec-7] com.cg.bankapp.dao.JdbcBankRepo          : Dao - findById() - query
2023-05-23T12:01:09.571+05:30  INFO 18352 --- [RMI TCP Connection(27)-127.0.0.1] inMXBeanRegistrar$SpringApplicationAdmin : Application shutdown requested.
2023-05-23T12:01:09.586+05:30  INFO 18352 --- [RMI TCP Connection(27)-127.0.0.1] o.apache.catalina.core.StandardService   : Stopping service [Tomcat]
2023-05-23T12:01:09.587+05:30  INFO 18352 --- [RMI TCP Connection(27)-127.0.0.1] o.a.c.c.C.[.[localhost].[/bankapp]       : Destroying Spring FrameworkServlet 'dispatcherServlet'
2023-05-23T12:01:09.597+05:30  INFO 18352 --- [RMI TCP Connection(27)-127.0.0.1] j.LocalContainerEntityManagerFactoryBean : Closing JPA EntityManagerFactory for persistence unit 'default'
2023-05-23T12:01:09.599+05:30  INFO 18352 --- [RMI TCP Connection(27)-127.0.0.1] com.zaxxer.hikari.HikariDataSource       : HikariPool-1 - Shutdown initiated...
2023-05-23T12:01:09.602+05:30  INFO 18352 --- [RMI TCP Connection(27)-127.0.0.1] com.zaxxer.hikari.HikariDataSource       : HikariPool-1 - Shutdown completed.
2023-05-23T13:39:43.776+05:30  INFO 15720 --- [main] com.cg.BankApplication                   : Starting BankApplication using Java 17.0.6 with PID 15720 (C:\Users\ssaha6\Documents\workspace2-spring-tool-suite-4-4.18.0.RELEASE\BankApplication\bin\main started by ssaha6 in C:\Users\ssaha6\Documents\workspace2-spring-tool-suite-4-4.18.0.RELEASE\BankApplication)
2023-05-23T13:39:43.778+05:30  INFO 15720 --- [main] com.cg.BankApplication                   : No active profile set, falling back to 1 default profile: "default"
2023-05-23T13:39:44.520+05:30  INFO 15720 --- [main] .s.d.r.c.RepositoryConfigurationDelegate : Multiple Spring Data modules found, entering strict repository configuration mode
2023-05-23T13:39:44.521+05:30  INFO 15720 --- [main] .s.d.r.c.RepositoryConfigurationDelegate : Bootstrapping Spring Data JDBC repositories in DEFAULT mode.
2023-05-23T13:39:44.543+05:30  INFO 15720 --- [main] .s.d.r.c.RepositoryConfigurationDelegate : Finished Spring Data repository scanning in 17 ms. Found 0 JDBC repository interfaces.
2023-05-23T13:39:44.550+05:30  INFO 15720 --- [main] .s.d.r.c.RepositoryConfigurationDelegate : Multiple Spring Data modules found, entering strict repository configuration mode
2023-05-23T13:39:44.552+05:30  INFO 15720 --- [main] .s.d.r.c.RepositoryConfigurationDelegate : Bootstrapping Spring Data JPA repositories in DEFAULT mode.
2023-05-23T13:39:44.559+05:30  INFO 15720 --- [main] .s.d.r.c.RepositoryConfigurationDelegate : Finished Spring Data repository scanning in 4 ms. Found 0 JPA repository interfaces.
2023-05-23T13:39:44.691+05:30  INFO 15720 --- [main] o.s.cloud.context.scope.GenericScope     : BeanFactory id=7b3c670f-ae1a-3eb5-bb2e-ab6a18adef6c
2023-05-23T13:39:45.014+05:30  INFO 15720 --- [main] o.s.b.w.embedded.tomcat.TomcatWebServer  : Tomcat initialized with port(s): 8084 (http)
2023-05-23T13:39:45.022+05:30  INFO 15720 --- [main] o.apache.catalina.core.StandardService   : Starting service [Tomcat]
2023-05-23T13:39:45.022+05:30  INFO 15720 --- [main] o.apache.catalina.core.StandardEngine    : Starting Servlet engine: [Apache Tomcat/10.1.8]
2023-05-23T13:39:45.116+05:30  INFO 15720 --- [main] o.a.c.c.C.[.[localhost].[/bankapp]       : Initializing Spring embedded WebApplicationContext
2023-05-23T13:39:45.116+05:30  INFO 15720 --- [main] w.s.c.ServletWebServerApplicationContext : Root WebApplicationContext: initialization completed in 1303 ms
2023-05-23T13:39:45.182+05:30  INFO 15720 --- [main] com.zaxxer.hikari.HikariDataSource       : HikariPool-1 - Starting...
2023-05-23T13:39:45.338+05:30  INFO 15720 --- [main] com.zaxxer.hikari.pool.HikariPool        : HikariPool-1 - Added connection conn0: url=jdbc:h2:mem:dcbapp user=USER
2023-05-23T13:39:45.340+05:30  INFO 15720 --- [main] com.zaxxer.hikari.HikariDataSource       : HikariPool-1 - Start completed.
2023-05-23T13:39:45.349+05:30  INFO 15720 --- [main] o.s.b.a.h2.H2ConsoleAutoConfiguration    : H2 console available at '/h2-console'. Database available at 'jdbc:h2:mem:dcbapp'
2023-05-23T13:39:45.480+05:30  INFO 15720 --- [main] o.hibernate.jpa.internal.util.LogHelper  : HHH000204: Processing PersistenceUnitInfo [name: default]
2023-05-23T13:39:45.520+05:30  INFO 15720 --- [main] org.hibernate.Version                    : HHH000412: Hibernate ORM core version 6.1.7.Final
2023-05-23T13:39:45.743+05:30  INFO 15720 --- [main] SQL dialect                              : HHH000400: Using dialect: org.hibernate.dialect.H2Dialect
2023-05-23T13:39:45.945+05:30  INFO 15720 --- [main] o.h.e.t.j.p.i.JtaPlatformInitiator       : HHH000490: Using JtaPlatform implementation: [org.hibernate.engine.transaction.jta.platform.internal.NoJtaPlatform]
2023-05-23T13:39:45.954+05:30  INFO 15720 --- [main] j.LocalContainerEntityManagerFactoryBean : Initialized JPA EntityManagerFactory for persistence unit 'default'
2023-05-23T13:39:46.032+05:30  WARN 15720 --- [main] JpaBaseConfiguration$JpaWebConfiguration : spring.jpa.open-in-view is enabled by default. Therefore, database queries may be performed during view rendering. Explicitly configure spring.jpa.open-in-view to disable this warning
2023-05-23T13:39:46.588+05:30  INFO 15720 --- [main] o.s.b.a.e.web.EndpointLinksResolver      : Exposing 1 endpoint(s) beneath base path '/actuator'
2023-05-23T13:39:46.667+05:30  INFO 15720 --- [main] o.s.b.w.embedded.tomcat.TomcatWebServer  : Tomcat started on port(s): 8084 (http) with context path '/bankapp'
2023-05-23T13:39:46.770+05:30  INFO 15720 --- [main] com.cg.BankApplication                   : Started BankApplication in 3.482 seconds (process running for 4.934)
2023-05-23T13:39:47.688+05:30  INFO 15720 --- [RMI TCP Connection(5)-127.0.0.1] o.a.c.c.C.[.[localhost].[/bankapp]       : Initializing Spring DispatcherServlet 'dispatcherServlet'
2023-05-23T13:39:47.688+05:30  INFO 15720 --- [RMI TCP Connection(5)-127.0.0.1] o.s.web.servlet.DispatcherServlet        : Initializing Servlet 'dispatcherServlet'
2023-05-23T13:39:47.692+05:30  INFO 15720 --- [RMI TCP Connection(5)-127.0.0.1] o.s.web.servlet.DispatcherServlet        : Completed initialization in 3 ms
2023-05-23T13:39:57.432+05:30  INFO 15720 --- [http-nio-8084-exec-1] c.c.b.controller.BankRestController      : Controller - getAllAccounts()
2023-05-23T13:39:57.433+05:30  INFO 15720 --- [http-nio-8084-exec-1] com.cg.bankapp.eo.BankEO                 : Service - findAllAccounts()
2023-05-23T13:39:57.433+05:30  INFO 15720 --- [http-nio-8084-exec-1] com.cg.bankapp.bo.BankBo                 : BO - findAllAccounts()
2023-05-23T13:39:57.433+05:30  INFO 15720 --- [http-nio-8084-exec-1] com.cg.bankapp.eo.BankEO                 : EO - findAll()
2023-05-23T13:39:57.435+05:30  INFO 15720 --- [http-nio-8084-exec-1] com.cg.bankapp.dao.JdbcBankRepo          : Dao - findAll() - query
2023-05-23T13:39:57.458+05:30  INFO 15720 --- [http-nio-8084-exec-1] com.cg.bankapp.mapper.BankMapperImpl     : MapperIMPL - dtoToVo()
2023-05-23T13:39:57.459+05:30  INFO 15720 --- [http-nio-8084-exec-1] com.cg.bankapp.mapper.BankMapperImpl     : MapperIMPL - dtoToVo()
2023-05-23T13:39:57.459+05:30  INFO 15720 --- [http-nio-8084-exec-1] com.cg.bankapp.mapper.BankMapperImpl     : MapperIMPL - dtoToVo()
2023-05-23T13:39:57.459+05:30  INFO 15720 --- [http-nio-8084-exec-1] com.cg.bankapp.mapper.BankMapperImpl     : MapperIMPL - dtoToVo()
2023-05-23T13:39:57.459+05:30  INFO 15720 --- [http-nio-8084-exec-1] com.cg.bankapp.mapper.BankMapperImpl     : MapperIMPL - dtoToVo()
2023-05-23T13:39:57.459+05:30  INFO 15720 --- [http-nio-8084-exec-1] com.cg.bankapp.mapper.BankMapperImpl     : MapperIMPL - dtoToVo()
2023-05-23T13:39:57.459+05:30  INFO 15720 --- [http-nio-8084-exec-1] com.cg.bankapp.mapper.BankMapperImpl     : MapperIMPL - dtoToVo()
2023-05-23T13:39:57.459+05:30  INFO 15720 --- [http-nio-8084-exec-1] com.cg.bankapp.mapper.BankMapperImpl     : MapperIMPL - dtoToVo()
2023-05-23T13:39:57.459+05:30  INFO 15720 --- [http-nio-8084-exec-1] com.cg.bankapp.mapper.BankMapperImpl     : MapperIMPL - dtoToVo()
2023-05-23T13:39:57.459+05:30  INFO 15720 --- [http-nio-8084-exec-1] com.cg.bankapp.mapper.BankMapperImpl     : MapperIMPL - dtoToVo()
2023-05-23T13:40:07.780+05:30  INFO 15720 --- [http-nio-8084-exec-2] c.c.b.controller.BankRestController      : Controller - getById()
2023-05-23T13:40:07.781+05:30  INFO 15720 --- [http-nio-8084-exec-2] com.cg.bankapp.eo.BankEO                 : Service - findById()
2023-05-23T13:40:07.781+05:30  INFO 15720 --- [http-nio-8084-exec-2] com.cg.bankapp.bo.BankBo                 : BO - findById()
2023-05-23T13:40:07.781+05:30  INFO 15720 --- [http-nio-8084-exec-2] com.cg.bankapp.eo.BankEO                 : EO - findById()
2023-05-23T13:40:07.781+05:30  INFO 15720 --- [http-nio-8084-exec-2] com.cg.bankapp.dao.JdbcBankRepo          : Dao - findById() - query
2023-05-23T13:40:17.339+05:30  INFO 15720 --- [http-nio-8084-exec-3] c.c.b.controller.BankRestController      : Controller - getAllAccounts()
2023-05-23T13:40:17.339+05:30  INFO 15720 --- [http-nio-8084-exec-3] com.cg.bankapp.eo.BankEO                 : Service - findAllAccounts()
2023-05-23T13:40:17.339+05:30  INFO 15720 --- [http-nio-8084-exec-3] com.cg.bankapp.bo.BankBo                 : BO - findAllAccounts()
2023-05-23T13:40:17.339+05:30  INFO 15720 --- [http-nio-8084-exec-3] com.cg.bankapp.eo.BankEO                 : EO - findAll()
2023-05-23T13:40:17.341+05:30  INFO 15720 --- [http-nio-8084-exec-3] com.cg.bankapp.dao.JdbcBankRepo          : Dao - findAll() - query
2023-05-23T13:40:17.345+05:30  INFO 15720 --- [http-nio-8084-exec-3] com.cg.bankapp.mapper.BankMapperImpl     : MapperIMPL - dtoToVo()
2023-05-23T13:40:17.345+05:30  INFO 15720 --- [http-nio-8084-exec-3] com.cg.bankapp.mapper.BankMapperImpl     : MapperIMPL - dtoToVo()
2023-05-23T13:40:17.345+05:30  INFO 15720 --- [http-nio-8084-exec-3] com.cg.bankapp.mapper.BankMapperImpl     : MapperIMPL - dtoToVo()
2023-05-23T13:40:17.345+05:30  INFO 15720 --- [http-nio-8084-exec-3] com.cg.bankapp.mapper.BankMapperImpl     : MapperIMPL - dtoToVo()
2023-05-23T13:40:17.345+05:30  INFO 15720 --- [http-nio-8084-exec-3] com.cg.bankapp.mapper.BankMapperImpl     : MapperIMPL - dtoToVo()
2023-05-23T13:40:17.345+05:30  INFO 15720 --- [http-nio-8084-exec-3] com.cg.bankapp.mapper.BankMapperImpl     : MapperIMPL - dtoToVo()
2023-05-23T13:40:17.346+05:30  INFO 15720 --- [http-nio-8084-exec-3] com.cg.bankapp.mapper.BankMapperImpl     : MapperIMPL - dtoToVo()
2023-05-23T13:40:17.346+05:30  INFO 15720 --- [http-nio-8084-exec-3] com.cg.bankapp.mapper.BankMapperImpl     : MapperIMPL - dtoToVo()
2023-05-23T13:40:17.346+05:30  INFO 15720 --- [http-nio-8084-exec-3] com.cg.bankapp.mapper.BankMapperImpl     : MapperIMPL - dtoToVo()
2023-05-23T13:40:17.346+05:30  INFO 15720 --- [http-nio-8084-exec-3] com.cg.bankapp.mapper.BankMapperImpl     : MapperIMPL - dtoToVo()
2023-05-23T14:59:14.629+05:30  WARN 15720 --- [HikariPool-1 housekeeper] com.zaxxer.hikari.pool.HikariPool        : HikariPool-1 - Thread starvation or clock leap detected (housekeeper delta=54m28s745ms222s700ns).
2023-05-23T15:09:49.933+05:30  INFO 15720 --- [http-nio-8084-exec-6] c.c.b.controller.BankRestController      : Controller - getAllAccounts()
2023-05-23T15:09:49.933+05:30  INFO 15720 --- [http-nio-8084-exec-6] com.cg.bankapp.eo.BankEO                 : Service - findAllAccounts()
2023-05-23T15:09:49.933+05:30  INFO 15720 --- [http-nio-8084-exec-6] com.cg.bankapp.bo.BankBo                 : BO - findAllAccounts()
2023-05-23T15:09:49.933+05:30  INFO 15720 --- [http-nio-8084-exec-6] com.cg.bankapp.eo.BankEO                 : EO - findAll()
2023-05-23T15:09:49.934+05:30  INFO 15720 --- [http-nio-8084-exec-6] com.cg.bankapp.dao.JdbcBankRepo          : Dao - findAll() - query
2023-05-23T15:09:49.935+05:30  INFO 15720 --- [http-nio-8084-exec-6] com.cg.bankapp.mapper.BankMapperImpl     : MapperIMPL - dtoToVo()
2023-05-23T15:09:49.935+05:30  INFO 15720 --- [http-nio-8084-exec-6] com.cg.bankapp.mapper.BankMapperImpl     : MapperIMPL - dtoToVo()
2023-05-23T15:09:49.935+05:30  INFO 15720 --- [http-nio-8084-exec-6] com.cg.bankapp.mapper.BankMapperImpl     : MapperIMPL - dtoToVo()
2023-05-23T15:09:49.935+05:30  INFO 15720 --- [http-nio-8084-exec-6] com.cg.bankapp.mapper.BankMapperImpl     : MapperIMPL - dtoToVo()
2023-05-23T15:09:49.935+05:30  INFO 15720 --- [http-nio-8084-exec-6] com.cg.bankapp.mapper.BankMapperImpl     : MapperIMPL - dtoToVo()
2023-05-23T15:09:49.935+05:30  INFO 15720 --- [http-nio-8084-exec-6] com.cg.bankapp.mapper.BankMapperImpl     : MapperIMPL - dtoToVo()
2023-05-23T15:09:49.936+05:30  INFO 15720 --- [http-nio-8084-exec-6] com.cg.bankapp.mapper.BankMapperImpl     : MapperIMPL - dtoToVo()
2023-05-23T15:09:49.936+05:30  INFO 15720 --- [http-nio-8084-exec-6] com.cg.bankapp.mapper.BankMapperImpl     : MapperIMPL - dtoToVo()
2023-05-23T15:09:49.936+05:30  INFO 15720 --- [http-nio-8084-exec-6] com.cg.bankapp.mapper.BankMapperImpl     : MapperIMPL - dtoToVo()
2023-05-23T15:09:49.936+05:30  INFO 15720 --- [http-nio-8084-exec-6] com.cg.bankapp.mapper.BankMapperImpl     : MapperIMPL - dtoToVo()
2023-05-23T15:09:53.221+05:30  INFO 15720 --- [http-nio-8084-exec-7] c.c.b.controller.BankRestController      : Controller - getAllAccounts()
2023-05-23T15:09:53.221+05:30  INFO 15720 --- [http-nio-8084-exec-7] com.cg.bankapp.eo.BankEO                 : Service - findAllAccounts()
2023-05-23T15:09:53.221+05:30  INFO 15720 --- [http-nio-8084-exec-7] com.cg.bankapp.bo.BankBo                 : BO - findAllAccounts()
2023-05-23T15:09:53.221+05:30  INFO 15720 --- [http-nio-8084-exec-7] com.cg.bankapp.eo.BankEO                 : EO - findAll()
2023-05-23T15:09:53.221+05:30  INFO 15720 --- [http-nio-8084-exec-7] com.cg.bankapp.dao.JdbcBankRepo          : Dao - findAll() - query
2023-05-23T15:09:53.223+05:30  INFO 15720 --- [http-nio-8084-exec-7] com.cg.bankapp.mapper.BankMapperImpl     : MapperIMPL - dtoToVo()
2023-05-23T15:09:53.223+05:30  INFO 15720 --- [http-nio-8084-exec-7] com.cg.bankapp.mapper.BankMapperImpl     : MapperIMPL - dtoToVo()
2023-05-23T15:09:53.223+05:30  INFO 15720 --- [http-nio-8084-exec-7] com.cg.bankapp.mapper.BankMapperImpl     : MapperIMPL - dtoToVo()
2023-05-23T15:09:53.224+05:30  INFO 15720 --- [http-nio-8084-exec-7] com.cg.bankapp.mapper.BankMapperImpl     : MapperIMPL - dtoToVo()
2023-05-23T15:09:53.224+05:30  INFO 15720 --- [http-nio-8084-exec-7] com.cg.bankapp.mapper.BankMapperImpl     : MapperIMPL - dtoToVo()
2023-05-23T15:09:53.224+05:30  INFO 15720 --- [http-nio-8084-exec-7] com.cg.bankapp.mapper.BankMapperImpl     : MapperIMPL - dtoToVo()
2023-05-23T15:09:53.224+05:30  INFO 15720 --- [http-nio-8084-exec-7] com.cg.bankapp.mapper.BankMapperImpl     : MapperIMPL - dtoToVo()
2023-05-23T15:09:53.224+05:30  INFO 15720 --- [http-nio-8084-exec-7] com.cg.bankapp.mapper.BankMapperImpl     : MapperIMPL - dtoToVo()
2023-05-23T15:09:53.224+05:30  INFO 15720 --- [http-nio-8084-exec-7] com.cg.bankapp.mapper.BankMapperImpl     : MapperIMPL - dtoToVo()
2023-05-23T15:09:53.224+05:30  INFO 15720 --- [http-nio-8084-exec-7] com.cg.bankapp.mapper.BankMapperImpl     : MapperIMPL - dtoToVo()
2023-05-23T15:09:55.870+05:30  INFO 15720 --- [http-nio-8084-exec-8] c.c.b.controller.BankRestController      : Controller - getById()
2023-05-23T15:09:55.872+05:30  INFO 15720 --- [http-nio-8084-exec-8] com.cg.bankapp.eo.BankEO                 : Service - findById()
2023-05-23T15:09:55.872+05:30  INFO 15720 --- [http-nio-8084-exec-8] com.cg.bankapp.bo.BankBo                 : BO - findById()
2023-05-23T15:09:55.872+05:30  INFO 15720 --- [http-nio-8084-exec-8] com.cg.bankapp.eo.BankEO                 : EO - findById()
2023-05-23T15:09:55.872+05:30  INFO 15720 --- [http-nio-8084-exec-8] com.cg.bankapp.dao.JdbcBankRepo          : Dao - findById() - query
2023-05-23T15:10:41.502+05:30  INFO 15720 --- [http-nio-8084-exec-1] c.c.b.controller.BankRestController      : Controller - getById()
2023-05-23T15:10:41.502+05:30  INFO 15720 --- [http-nio-8084-exec-1] com.cg.bankapp.eo.BankEO                 : Service - findById()
2023-05-23T15:10:41.502+05:30  INFO 15720 --- [http-nio-8084-exec-1] com.cg.bankapp.bo.BankBo                 : BO - findById()
2023-05-23T15:10:41.502+05:30  INFO 15720 --- [http-nio-8084-exec-1] com.cg.bankapp.eo.BankEO                 : EO - findById()
2023-05-23T15:10:41.502+05:30  INFO 15720 --- [http-nio-8084-exec-1] com.cg.bankapp.dao.JdbcBankRepo          : Dao - findById() - query
2023-05-23T15:11:08.100+05:30  INFO 15720 --- [http-nio-8084-exec-2] c.c.b.controller.BankRestController      : Controller - getById()
2023-05-23T15:11:08.101+05:30  INFO 15720 --- [http-nio-8084-exec-2] com.cg.bankapp.eo.BankEO                 : Service - findById()
2023-05-23T15:11:08.101+05:30  INFO 15720 --- [http-nio-8084-exec-2] com.cg.bankapp.bo.BankBo                 : BO - findById()
2023-05-23T15:11:08.101+05:30  INFO 15720 --- [http-nio-8084-exec-2] com.cg.bankapp.eo.BankEO                 : EO - findById()
2023-05-23T15:11:08.101+05:30  INFO 15720 --- [http-nio-8084-exec-2] com.cg.bankapp.dao.JdbcBankRepo          : Dao - findById() - query
2023-05-23T15:35:19.714+05:30  INFO 15720 --- [http-nio-8084-exec-4] c.c.b.controller.BankRestController      : Controller - getAllAccounts()
2023-05-23T15:35:19.714+05:30  INFO 15720 --- [http-nio-8084-exec-4] com.cg.bankapp.eo.BankEO                 : Service - findAllAccounts()
2023-05-23T15:35:19.714+05:30  INFO 15720 --- [http-nio-8084-exec-4] com.cg.bankapp.bo.BankBo                 : BO - findAllAccounts()
2023-05-23T15:35:19.714+05:30  INFO 15720 --- [http-nio-8084-exec-4] com.cg.bankapp.eo.BankEO                 : EO - findAll()
2023-05-23T15:35:19.714+05:30  INFO 15720 --- [http-nio-8084-exec-4] com.cg.bankapp.dao.JdbcBankRepo          : Dao - findAll() - query
2023-05-23T15:35:19.715+05:30  INFO 15720 --- [http-nio-8084-exec-4] com.cg.bankapp.mapper.BankMapperImpl     : MapperIMPL - dtoToVo()
2023-05-23T15:35:19.716+05:30  INFO 15720 --- [http-nio-8084-exec-4] com.cg.bankapp.mapper.BankMapperImpl     : MapperIMPL - dtoToVo()
2023-05-23T15:35:19.716+05:30  INFO 15720 --- [http-nio-8084-exec-4] com.cg.bankapp.mapper.BankMapperImpl     : MapperIMPL - dtoToVo()
2023-05-23T15:35:19.716+05:30  INFO 15720 --- [http-nio-8084-exec-4] com.cg.bankapp.mapper.BankMapperImpl     : MapperIMPL - dtoToVo()
2023-05-23T15:35:19.716+05:30  INFO 15720 --- [http-nio-8084-exec-4] com.cg.bankapp.mapper.BankMapperImpl     : MapperIMPL - dtoToVo()
2023-05-23T15:35:19.716+05:30  INFO 15720 --- [http-nio-8084-exec-4] com.cg.bankapp.mapper.BankMapperImpl     : MapperIMPL - dtoToVo()
2023-05-23T15:35:19.716+05:30  INFO 15720 --- [http-nio-8084-exec-4] com.cg.bankapp.mapper.BankMapperImpl     : MapperIMPL - dtoToVo()
2023-05-23T15:35:19.716+05:30  INFO 15720 --- [http-nio-8084-exec-4] com.cg.bankapp.mapper.BankMapperImpl     : MapperIMPL - dtoToVo()
2023-05-23T15:35:19.716+05:30  INFO 15720 --- [http-nio-8084-exec-4] com.cg.bankapp.mapper.BankMapperImpl     : MapperIMPL - dtoToVo()
2023-05-23T15:35:19.716+05:30  INFO 15720 --- [http-nio-8084-exec-4] com.cg.bankapp.mapper.BankMapperImpl     : MapperIMPL - dtoToVo()
2023-05-23T15:35:30.779+05:30  INFO 15720 --- [http-nio-8084-exec-5] c.c.b.controller.BankRestController      : Controller - getById()
2023-05-23T15:35:30.779+05:30  INFO 15720 --- [http-nio-8084-exec-5] com.cg.bankapp.eo.BankEO                 : Service - findById()
2023-05-23T15:35:30.779+05:30  INFO 15720 --- [http-nio-8084-exec-5] com.cg.bankapp.bo.BankBo                 : BO - findById()
2023-05-23T15:35:30.779+05:30  INFO 15720 --- [http-nio-8084-exec-5] com.cg.bankapp.eo.BankEO                 : EO - findById()
2023-05-23T15:35:30.780+05:30  INFO 15720 --- [http-nio-8084-exec-5] com.cg.bankapp.dao.JdbcBankRepo          : Dao - findById() - query
2023-05-23T15:35:30.780+05:30  INFO 15720 --- [http-nio-8084-exec-5] com.cg.bankapp.mapper.BankMapperImpl     : MapperIMPL - dtoToVo()
2023-05-23T15:35:36.939+05:30  INFO 15720 --- [RMI TCP Connection(71)-127.0.0.1] inMXBeanRegistrar$SpringApplicationAdmin : Application shutdown requested.
2023-05-23T15:35:36.966+05:30  INFO 15720 --- [RMI TCP Connection(71)-127.0.0.1] o.apache.catalina.core.StandardService   : Stopping service [Tomcat]
2023-05-23T15:35:36.968+05:30  INFO 15720 --- [RMI TCP Connection(71)-127.0.0.1] o.a.c.c.C.[.[localhost].[/bankapp]       : Destroying Spring FrameworkServlet 'dispatcherServlet'
2023-05-23T15:35:36.981+05:30  INFO 15720 --- [RMI TCP Connection(71)-127.0.0.1] j.LocalContainerEntityManagerFactoryBean : Closing JPA EntityManagerFactory for persistence unit 'default'
2023-05-23T15:35:36.984+05:30  INFO 15720 --- [RMI TCP Connection(71)-127.0.0.1] com.zaxxer.hikari.HikariDataSource       : HikariPool-1 - Shutdown initiated...
2023-05-23T15:35:36.986+05:30  INFO 15720 --- [RMI TCP Connection(71)-127.0.0.1] com.zaxxer.hikari.HikariDataSource       : HikariPool-1 - Shutdown completed.
