2023-05-25T01:06:15.353+05:30  INFO 24296 --- [main] com.cg.CustomerDetailsApplication        : Starting CustomerDetailsApplication using Java 17.0.6 with PID 24296 (C:\Users\ssaha6\Documents\workspace2-spring-tool-suite-4-4.18.0.RELEASE\CustomerDetails\bin\main started by ssaha6 in C:\Users\ssaha6\Documents\workspace2-spring-tool-suite-4-4.18.0.RELEASE\CustomerDetails)
2023-05-25T01:06:15.358+05:30  INFO 24296 --- [main] com.cg.CustomerDetailsApplication        : No active profile set, falling back to 1 default profile: "default"
2023-05-25T01:06:15.802+05:30  INFO 24296 --- [main] .s.d.r.c.RepositoryConfigurationDelegate : Multiple Spring Data modules found, entering strict repository configuration mode
2023-05-25T01:06:15.809+05:30  INFO 24296 --- [main] .s.d.r.c.RepositoryConfigurationDelegate : Bootstrapping Spring Data JDBC repositories in DEFAULT mode.
2023-05-25T01:06:15.826+05:30  INFO 24296 --- [main] .s.d.r.c.RepositoryConfigurationDelegate : Finished Spring Data repository scanning in 13 ms. Found 0 JDBC repository interfaces.
2023-05-25T01:06:15.834+05:30  INFO 24296 --- [main] .s.d.r.c.RepositoryConfigurationDelegate : Multiple Spring Data modules found, entering strict repository configuration mode
2023-05-25T01:06:15.835+05:30  INFO 24296 --- [main] .s.d.r.c.RepositoryConfigurationDelegate : Bootstrapping Spring Data JPA repositories in DEFAULT mode.
2023-05-25T01:06:15.840+05:30  INFO 24296 --- [main] .s.d.r.c.RepositoryConfigurationDelegate : Finished Spring Data repository scanning in 2 ms. Found 0 JPA repository interfaces.
2023-05-25T01:06:16.188+05:30  INFO 24296 --- [main] o.s.b.w.embedded.tomcat.TomcatWebServer  : Tomcat initialized with port(s): 8091 (http)
2023-05-25T01:06:16.196+05:30  INFO 24296 --- [main] o.apache.catalina.core.StandardService   : Starting service [Tomcat]
2023-05-25T01:06:16.198+05:30  INFO 24296 --- [main] o.apache.catalina.core.StandardEngine    : Starting Servlet engine: [Apache Tomcat/10.1.8]
2023-05-25T01:06:16.293+05:30  INFO 24296 --- [main] o.a.c.c.C.[.[localhost].[/customer]      : Initializing Spring embedded WebApplicationContext
2023-05-25T01:06:16.293+05:30  INFO 24296 --- [main] w.s.c.ServletWebServerApplicationContext : Root WebApplicationContext: initialization completed in 895 ms
2023-05-25T01:06:16.317+05:30  INFO 24296 --- [main] com.zaxxer.hikari.HikariDataSource       : HikariPool-1 - Starting...
2023-05-25T01:06:16.471+05:30  INFO 24296 --- [main] com.zaxxer.hikari.pool.HikariPool        : HikariPool-1 - Added connection conn0: url=jdbc:h2:mem:dcbapp user=USER
2023-05-25T01:06:16.473+05:30  INFO 24296 --- [main] com.zaxxer.hikari.HikariDataSource       : HikariPool-1 - Start completed.
2023-05-25T01:06:16.483+05:30  INFO 24296 --- [main] o.s.b.a.h2.H2ConsoleAutoConfiguration    : H2 console available at '/h2-console'. Database available at 'jdbc:h2:mem:dcbapp'
2023-05-25T01:06:16.585+05:30  INFO 24296 --- [main] o.hibernate.jpa.internal.util.LogHelper  : HHH000204: Processing PersistenceUnitInfo [name: default]
2023-05-25T01:06:16.623+05:30  INFO 24296 --- [main] org.hibernate.Version                    : HHH000412: Hibernate ORM core version 6.1.7.Final
2023-05-25T01:06:16.846+05:30  INFO 24296 --- [main] SQL dialect                              : HHH000400: Using dialect: org.hibernate.dialect.H2Dialect
2023-05-25T01:06:17.059+05:30  INFO 24296 --- [main] o.h.e.t.j.p.i.JtaPlatformInitiator       : HHH000490: Using JtaPlatform implementation: [org.hibernate.engine.transaction.jta.platform.internal.NoJtaPlatform]
2023-05-25T01:06:17.067+05:30  INFO 24296 --- [main] j.LocalContainerEntityManagerFactoryBean : Initialized JPA EntityManagerFactory for persistence unit 'default'
2023-05-25T01:06:17.152+05:30  WARN 24296 --- [main] JpaBaseConfiguration$JpaWebConfiguration : spring.jpa.open-in-view is enabled by default. Therefore, database queries may be performed during view rendering. Explicitly configure spring.jpa.open-in-view to disable this warning
2023-05-25T01:06:17.487+05:30  INFO 24296 --- [main] o.s.b.w.embedded.tomcat.TomcatWebServer  : Tomcat started on port(s): 8091 (http) with context path '/customer'
2023-05-25T01:06:17.494+05:30  INFO 24296 --- [main] com.cg.CustomerDetailsApplication        : Started CustomerDetailsApplication in 2.487 seconds (process running for 3.866)
2023-05-25T01:06:32.361+05:30  INFO 24296 --- [http-nio-8091-exec-1] o.a.c.c.C.[.[localhost].[/customer]      : Initializing Spring DispatcherServlet 'dispatcherServlet'
2023-05-25T01:06:32.361+05:30  INFO 24296 --- [http-nio-8091-exec-1] o.s.web.servlet.DispatcherServlet        : Initializing Servlet 'dispatcherServlet'
2023-05-25T01:06:32.364+05:30  INFO 24296 --- [http-nio-8091-exec-1] o.s.web.servlet.DispatcherServlet        : Completed initialization in 2 ms
2023-05-25T01:06:32.438+05:30  INFO 24296 --- [http-nio-8091-exec-1] c.cg.controller.CustomerRestController   : Controller - getById()
2023-05-25T01:06:32.439+05:30  INFO 24296 --- [http-nio-8091-exec-1] com.cg.service.CustomerServiceImpl       : Service - findById()
2023-05-25T01:06:32.439+05:30  INFO 24296 --- [http-nio-8091-exec-1] com.cg.dao.CustomerRepo                  : Dao - findById() - query
2023-05-25T01:32:09.085+05:30  INFO 24296 --- [http-nio-8091-exec-5] c.cg.controller.CustomerRestController   : Controller - getAllAccounts()
2023-05-25T01:32:09.086+05:30  INFO 24296 --- [http-nio-8091-exec-5] com.cg.service.CustomerServiceImpl       : Service - findAllAccounts()
2023-05-25T01:32:09.086+05:30  INFO 24296 --- [http-nio-8091-exec-5] com.cg.dao.CustomerRepo                  : Dao - findAll() - query
2023-05-25T01:33:24.011+05:30  INFO 24296 --- [http-nio-8091-exec-7] c.cg.controller.CustomerRestController   : Controller - getAllAccounts()
2023-05-25T01:33:24.011+05:30  INFO 24296 --- [http-nio-8091-exec-7] com.cg.service.CustomerServiceImpl       : Service - findAllAccounts()
2023-05-25T01:33:24.011+05:30  INFO 24296 --- [http-nio-8091-exec-7] com.cg.dao.CustomerRepo                  : Dao - findAll() - query
2023-05-25T01:33:32.970+05:30  INFO 24296 --- [http-nio-8091-exec-8] c.cg.controller.CustomerRestController   : Controller - getById()
2023-05-25T01:33:32.970+05:30  INFO 24296 --- [http-nio-8091-exec-8] com.cg.service.CustomerServiceImpl       : Service - findById()
2023-05-25T01:33:32.970+05:30  INFO 24296 --- [http-nio-8091-exec-8] com.cg.dao.CustomerRepo                  : Dao - findById() - query
2023-05-25T01:33:32.975+05:30 ERROR 24296 --- [http-nio-8091-exec-8] o.a.c.c.C.[.[.[.[dispatcherServlet]      : Servlet.service() for servlet [dispatcherServlet] in context with path [/customer] threw exception [Request processing failed: org.springframework.dao.EmptyResultDataAccessException: Incorrect result size: expected 1, actual 0] with root cause

org.springframework.dao.EmptyResultDataAccessException: Incorrect result size: expected 1, actual 0
	at org.springframework.dao.support.DataAccessUtils.nullableSingleResult(DataAccessUtils.java:97) ~[spring-tx-6.0.9.jar:6.0.9]
	at org.springframework.jdbc.core.JdbcTemplate.queryForObject(JdbcTemplate.java:887) ~[spring-jdbc-6.0.9.jar:6.0.9]
	at com.cg.dao.CustomerRepo.findById(CustomerRepo.java:39) ~[main/:na]
	at java.base/jdk.internal.reflect.NativeMethodAccessorImpl.invoke0(Native Method) ~[na:na]
	at java.base/jdk.internal.reflect.NativeMethodAccessorImpl.invoke(NativeMethodAccessorImpl.java:77) ~[na:na]
	at java.base/jdk.internal.reflect.DelegatingMethodAccessorImpl.invoke(DelegatingMethodAccessorImpl.java:43) ~[na:na]
	at java.base/java.lang.reflect.Method.invoke(Method.java:568) ~[na:na]
	at org.springframework.aop.support.AopUtils.invokeJoinpointUsingReflection(AopUtils.java:343) ~[spring-aop-6.0.9.jar:6.0.9]
	at org.springframework.aop.framework.ReflectiveMethodInvocation.invokeJoinpoint(ReflectiveMethodInvocation.java:196) ~[spring-aop-6.0.9.jar:6.0.9]
	at org.springframework.aop.framework.ReflectiveMethodInvocation.proceed(ReflectiveMethodInvocation.java:163) ~[spring-aop-6.0.9.jar:6.0.9]
	at org.springframework.aop.framework.CglibAopProxy$CglibMethodInvocation.proceed(CglibAopProxy.java:750) ~[spring-aop-6.0.9.jar:6.0.9]
	at org.springframework.dao.support.PersistenceExceptionTranslationInterceptor.invoke(PersistenceExceptionTranslationInterceptor.java:137) ~[spring-tx-6.0.9.jar:6.0.9]
	at org.springframework.aop.framework.ReflectiveMethodInvocation.proceed(ReflectiveMethodInvocation.java:184) ~[spring-aop-6.0.9.jar:6.0.9]
	at org.springframework.aop.framework.CglibAopProxy$CglibMethodInvocation.proceed(CglibAopProxy.java:750) ~[spring-aop-6.0.9.jar:6.0.9]
	at org.springframework.aop.framework.CglibAopProxy$DynamicAdvisedInterceptor.intercept(CglibAopProxy.java:702) ~[spring-aop-6.0.9.jar:6.0.9]
	at com.cg.dao.CustomerRepo$$SpringCGLIB$$0.findById(<generated>) ~[main/:na]
	at com.cg.service.CustomerServiceImpl.findById(CustomerServiceImpl.java:44) ~[main/:na]
	at java.base/jdk.internal.reflect.NativeMethodAccessorImpl.invoke0(Native Method) ~[na:na]
	at java.base/jdk.internal.reflect.NativeMethodAccessorImpl.invoke(NativeMethodAccessorImpl.java:77) ~[na:na]
	at java.base/jdk.internal.reflect.DelegatingMethodAccessorImpl.invoke(DelegatingMethodAccessorImpl.java:43) ~[na:na]
	at java.base/java.lang.reflect.Method.invoke(Method.java:568) ~[na:na]
	at org.springframework.aop.support.AopUtils.invokeJoinpointUsingReflection(AopUtils.java:343) ~[spring-aop-6.0.9.jar:6.0.9]
	at org.springframework.aop.framework.CglibAopProxy$DynamicAdvisedInterceptor.intercept(CglibAopProxy.java:698) ~[spring-aop-6.0.9.jar:6.0.9]
	at com.cg.service.CustomerServiceImpl$$SpringCGLIB$$0.findById(<generated>) ~[main/:na]
	at com.cg.controller.CustomerRestController.getById(CustomerRestController.java:48) ~[main/:na]
	at java.base/jdk.internal.reflect.NativeMethodAccessorImpl.invoke0(Native Method) ~[na:na]
	at java.base/jdk.internal.reflect.NativeMethodAccessorImpl.invoke(NativeMethodAccessorImpl.java:77) ~[na:na]
	at java.base/jdk.internal.reflect.DelegatingMethodAccessorImpl.invoke(DelegatingMethodAccessorImpl.java:43) ~[na:na]
	at java.base/java.lang.reflect.Method.invoke(Method.java:568) ~[na:na]
	at org.springframework.web.method.support.InvocableHandlerMethod.doInvoke(InvocableHandlerMethod.java:207) ~[spring-web-6.0.9.jar:6.0.9]
	at org.springframework.web.method.support.InvocableHandlerMethod.invokeForRequest(InvocableHandlerMethod.java:152) ~[spring-web-6.0.9.jar:6.0.9]
	at org.springframework.web.servlet.mvc.method.annotation.ServletInvocableHandlerMethod.invokeAndHandle(ServletInvocableHandlerMethod.java:118) ~[spring-webmvc-6.0.9.jar:6.0.9]
	at org.springframework.web.servlet.mvc.method.annotation.RequestMappingHandlerAdapter.invokeHandlerMethod(RequestMappingHandlerAdapter.java:884) ~[spring-webmvc-6.0.9.jar:6.0.9]
	at org.springframework.web.servlet.mvc.method.annotation.RequestMappingHandlerAdapter.handleInternal(RequestMappingHandlerAdapter.java:797) ~[spring-webmvc-6.0.9.jar:6.0.9]
	at org.springframework.web.servlet.mvc.method.AbstractHandlerMethodAdapter.handle(AbstractHandlerMethodAdapter.java:87) ~[spring-webmvc-6.0.9.jar:6.0.9]
	at org.springframework.web.servlet.DispatcherServlet.doDispatch(DispatcherServlet.java:1081) ~[spring-webmvc-6.0.9.jar:6.0.9]
	at org.springframework.web.servlet.DispatcherServlet.doService(DispatcherServlet.java:974) ~[spring-webmvc-6.0.9.jar:6.0.9]
	at org.springframework.web.servlet.FrameworkServlet.processRequest(FrameworkServlet.java:1011) ~[spring-webmvc-6.0.9.jar:6.0.9]
	at org.springframework.web.servlet.FrameworkServlet.doGet(FrameworkServlet.java:903) ~[spring-webmvc-6.0.9.jar:6.0.9]
	at jakarta.servlet.http.HttpServlet.service(HttpServlet.java:564) ~[tomcat-embed-core-10.1.8.jar:6.0]
	at org.springframework.web.servlet.FrameworkServlet.service(FrameworkServlet.java:885) ~[spring-webmvc-6.0.9.jar:6.0.9]
	at jakarta.servlet.http.HttpServlet.service(HttpServlet.java:658) ~[tomcat-embed-core-10.1.8.jar:6.0]
	at org.apache.catalina.core.ApplicationFilterChain.internalDoFilter(ApplicationFilterChain.java:205) ~[tomcat-embed-core-10.1.8.jar:10.1.8]
	at org.apache.catalina.core.ApplicationFilterChain.doFilter(ApplicationFilterChain.java:149) ~[tomcat-embed-core-10.1.8.jar:10.1.8]
	at org.apache.tomcat.websocket.server.WsFilter.doFilter(WsFilter.java:51) ~[tomcat-embed-websocket-10.1.8.jar:10.1.8]
	at org.apache.catalina.core.ApplicationFilterChain.internalDoFilter(ApplicationFilterChain.java:174) ~[tomcat-embed-core-10.1.8.jar:10.1.8]
	at org.apache.catalina.core.ApplicationFilterChain.doFilter(ApplicationFilterChain.java:149) ~[tomcat-embed-core-10.1.8.jar:10.1.8]
	at org.springframework.web.filter.RequestContextFilter.doFilterInternal(RequestContextFilter.java:100) ~[spring-web-6.0.9.jar:6.0.9]
	at org.springframework.web.filter.OncePerRequestFilter.doFilter(OncePerRequestFilter.java:116) ~[spring-web-6.0.9.jar:6.0.9]
	at org.apache.catalina.core.ApplicationFilterChain.internalDoFilter(ApplicationFilterChain.java:174) ~[tomcat-embed-core-10.1.8.jar:10.1.8]
	at org.apache.catalina.core.ApplicationFilterChain.doFilter(ApplicationFilterChain.java:149) ~[tomcat-embed-core-10.1.8.jar:10.1.8]
	at org.springframework.web.filter.FormContentFilter.doFilterInternal(FormContentFilter.java:93) ~[spring-web-6.0.9.jar:6.0.9]
	at org.springframework.web.filter.OncePerRequestFilter.doFilter(OncePerRequestFilter.java:116) ~[spring-web-6.0.9.jar:6.0.9]
	at org.apache.catalina.core.ApplicationFilterChain.internalDoFilter(ApplicationFilterChain.java:174) ~[tomcat-embed-core-10.1.8.jar:10.1.8]
	at org.apache.catalina.core.ApplicationFilterChain.doFilter(ApplicationFilterChain.java:149) ~[tomcat-embed-core-10.1.8.jar:10.1.8]
	at org.springframework.web.filter.CharacterEncodingFilter.doFilterInternal(CharacterEncodingFilter.java:201) ~[spring-web-6.0.9.jar:6.0.9]
	at org.springframework.web.filter.OncePerRequestFilter.doFilter(OncePerRequestFilter.java:116) ~[spring-web-6.0.9.jar:6.0.9]
	at org.apache.catalina.core.ApplicationFilterChain.internalDoFilter(ApplicationFilterChain.java:174) ~[tomcat-embed-core-10.1.8.jar:10.1.8]
	at org.apache.catalina.core.ApplicationFilterChain.doFilter(ApplicationFilterChain.java:149) ~[tomcat-embed-core-10.1.8.jar:10.1.8]
	at org.apache.catalina.core.StandardWrapperValve.invoke(StandardWrapperValve.java:166) ~[tomcat-embed-core-10.1.8.jar:10.1.8]
	at org.apache.catalina.core.StandardContextValve.invoke(StandardContextValve.java:90) ~[tomcat-embed-core-10.1.8.jar:10.1.8]
	at org.apache.catalina.authenticator.AuthenticatorBase.invoke(AuthenticatorBase.java:482) ~[tomcat-embed-core-10.1.8.jar:10.1.8]
	at org.apache.catalina.core.StandardHostValve.invoke(StandardHostValve.java:115) ~[tomcat-embed-core-10.1.8.jar:10.1.8]
	at org.apache.catalina.valves.ErrorReportValve.invoke(ErrorReportValve.java:93) ~[tomcat-embed-core-10.1.8.jar:10.1.8]
	at org.apache.catalina.core.StandardEngineValve.invoke(StandardEngineValve.java:74) ~[tomcat-embed-core-10.1.8.jar:10.1.8]
	at org.apache.catalina.connector.CoyoteAdapter.service(CoyoteAdapter.java:341) ~[tomcat-embed-core-10.1.8.jar:10.1.8]
	at org.apache.coyote.http11.Http11Processor.service(Http11Processor.java:390) ~[tomcat-embed-core-10.1.8.jar:10.1.8]
	at org.apache.coyote.AbstractProcessorLight.process(AbstractProcessorLight.java:63) ~[tomcat-embed-core-10.1.8.jar:10.1.8]
	at org.apache.coyote.AbstractProtocol$ConnectionHandler.process(AbstractProtocol.java:894) ~[tomcat-embed-core-10.1.8.jar:10.1.8]
	at org.apache.tomcat.util.net.NioEndpoint$SocketProcessor.doRun(NioEndpoint.java:1741) ~[tomcat-embed-core-10.1.8.jar:10.1.8]
	at org.apache.tomcat.util.net.SocketProcessorBase.run(SocketProcessorBase.java:52) ~[tomcat-embed-core-10.1.8.jar:10.1.8]
	at org.apache.tomcat.util.threads.ThreadPoolExecutor.runWorker(ThreadPoolExecutor.java:1191) ~[tomcat-embed-core-10.1.8.jar:10.1.8]
	at org.apache.tomcat.util.threads.ThreadPoolExecutor$Worker.run(ThreadPoolExecutor.java:659) ~[tomcat-embed-core-10.1.8.jar:10.1.8]
	at org.apache.tomcat.util.threads.TaskThread$WrappingRunnable.run(TaskThread.java:61) ~[tomcat-embed-core-10.1.8.jar:10.1.8]
	at java.base/java.lang.Thread.run(Thread.java:833) ~[na:na]

2023-05-25T01:33:53.580+05:30  INFO 24296 --- [http-nio-8091-exec-9] c.cg.controller.CustomerRestController   : Controller - getById()
2023-05-25T01:33:53.580+05:30  INFO 24296 --- [http-nio-8091-exec-9] com.cg.service.CustomerServiceImpl       : Service - findById()
2023-05-25T01:33:53.580+05:30  INFO 24296 --- [http-nio-8091-exec-9] com.cg.dao.CustomerRepo                  : Dao - findById() - query
2023-05-25T01:35:23.861+05:30  INFO 24296 --- [RMI TCP Connection(31)-127.0.0.1] inMXBeanRegistrar$SpringApplicationAdmin : Application shutdown requested.
2023-05-25T01:35:23.874+05:30  INFO 24296 --- [RMI TCP Connection(31)-127.0.0.1] o.apache.catalina.core.StandardService   : Stopping service [Tomcat]
2023-05-25T01:35:23.876+05:30  INFO 24296 --- [RMI TCP Connection(31)-127.0.0.1] o.a.c.c.C.[.[localhost].[/customer]      : Destroying Spring FrameworkServlet 'dispatcherServlet'
2023-05-25T01:35:23.882+05:30  INFO 24296 --- [RMI TCP Connection(31)-127.0.0.1] j.LocalContainerEntityManagerFactoryBean : Closing JPA EntityManagerFactory for persistence unit 'default'
2023-05-25T01:35:23.884+05:30  INFO 24296 --- [RMI TCP Connection(31)-127.0.0.1] com.zaxxer.hikari.HikariDataSource       : HikariPool-1 - Shutdown initiated...
2023-05-25T01:35:23.886+05:30  INFO 24296 --- [RMI TCP Connection(31)-127.0.0.1] com.zaxxer.hikari.HikariDataSource       : HikariPool-1 - Shutdown completed.
2023-05-25T11:27:58.381+05:30  INFO 16864 --- [main] com.cg.CustomerDetailsApplication        : Starting CustomerDetailsApplication using Java 17.0.6 with PID 16864 (C:\Users\ssaha6\Documents\workspace2-spring-tool-suite-4-4.18.0.RELEASE\CustomerDetails\bin\main started by ssaha6 in C:\Users\ssaha6\Documents\workspace2-spring-tool-suite-4-4.18.0.RELEASE\CustomerDetails)
2023-05-25T11:27:58.389+05:30  INFO 16864 --- [main] com.cg.CustomerDetailsApplication        : No active profile set, falling back to 1 default profile: "default"
2023-05-25T11:27:59.411+05:30  INFO 16864 --- [main] .s.d.r.c.RepositoryConfigurationDelegate : Multiple Spring Data modules found, entering strict repository configuration mode
2023-05-25T11:27:59.414+05:30  INFO 16864 --- [main] .s.d.r.c.RepositoryConfigurationDelegate : Bootstrapping Spring Data JDBC repositories in DEFAULT mode.
2023-05-25T11:27:59.447+05:30  INFO 16864 --- [main] .s.d.r.c.RepositoryConfigurationDelegate : Finished Spring Data repository scanning in 25 ms. Found 0 JDBC repository interfaces.
2023-05-25T11:27:59.463+05:30  INFO 16864 --- [main] .s.d.r.c.RepositoryConfigurationDelegate : Multiple Spring Data modules found, entering strict repository configuration mode
2023-05-25T11:27:59.465+05:30  INFO 16864 --- [main] .s.d.r.c.RepositoryConfigurationDelegate : Bootstrapping Spring Data JPA repositories in DEFAULT mode.
2023-05-25T11:27:59.479+05:30  INFO 16864 --- [main] .s.d.r.c.RepositoryConfigurationDelegate : Finished Spring Data repository scanning in 5 ms. Found 0 JPA repository interfaces.
2023-05-25T11:28:00.298+05:30  INFO 16864 --- [main] o.s.b.w.embedded.tomcat.TomcatWebServer  : Tomcat initialized with port(s): 8091 (http)
2023-05-25T11:28:00.322+05:30  INFO 16864 --- [main] o.apache.catalina.core.StandardService   : Starting service [Tomcat]
2023-05-25T11:28:00.323+05:30  INFO 16864 --- [main] o.apache.catalina.core.StandardEngine    : Starting Servlet engine: [Apache Tomcat/10.1.8]
2023-05-25T11:28:00.532+05:30  INFO 16864 --- [main] o.a.c.c.C.[.[localhost].[/customer]      : Initializing Spring embedded WebApplicationContext
2023-05-25T11:28:00.533+05:30  INFO 16864 --- [main] w.s.c.ServletWebServerApplicationContext : Root WebApplicationContext: initialization completed in 2072 ms
2023-05-25T11:28:00.584+05:30  INFO 16864 --- [main] com.zaxxer.hikari.HikariDataSource       : HikariPool-1 - Starting...
2023-05-25T11:28:00.909+05:30  INFO 16864 --- [main] com.zaxxer.hikari.pool.HikariPool        : HikariPool-1 - Added connection conn0: url=jdbc:h2:mem:dcbapp user=USER
2023-05-25T11:28:00.912+05:30  INFO 16864 --- [main] com.zaxxer.hikari.HikariDataSource       : HikariPool-1 - Start completed.
2023-05-25T11:28:00.934+05:30  INFO 16864 --- [main] o.s.b.a.h2.H2ConsoleAutoConfiguration    : H2 console available at '/h2-console'. Database available at 'jdbc:h2:mem:dcbapp'
2023-05-25T11:28:01.140+05:30  INFO 16864 --- [main] o.hibernate.jpa.internal.util.LogHelper  : HHH000204: Processing PersistenceUnitInfo [name: default]
2023-05-25T11:28:01.242+05:30  INFO 16864 --- [main] org.hibernate.Version                    : HHH000412: Hibernate ORM core version 6.1.7.Final
2023-05-25T11:28:01.759+05:30  INFO 16864 --- [main] SQL dialect                              : HHH000400: Using dialect: org.hibernate.dialect.H2Dialect
2023-05-25T11:28:02.231+05:30  INFO 16864 --- [main] o.h.e.t.j.p.i.JtaPlatformInitiator       : HHH000490: Using JtaPlatform implementation: [org.hibernate.engine.transaction.jta.platform.internal.NoJtaPlatform]
2023-05-25T11:28:02.254+05:30  INFO 16864 --- [main] j.LocalContainerEntityManagerFactoryBean : Initialized JPA EntityManagerFactory for persistence unit 'default'
2023-05-25T11:28:02.452+05:30  WARN 16864 --- [main] JpaBaseConfiguration$JpaWebConfiguration : spring.jpa.open-in-view is enabled by default. Therefore, database queries may be performed during view rendering. Explicitly configure spring.jpa.open-in-view to disable this warning
2023-05-25T11:28:03.134+05:30  INFO 16864 --- [main] o.s.b.w.embedded.tomcat.TomcatWebServer  : Tomcat started on port(s): 8091 (http) with context path '/customer'
2023-05-25T11:28:03.151+05:30  INFO 16864 --- [main] com.cg.CustomerDetailsApplication        : Started CustomerDetailsApplication in 5.652 seconds (process running for 9.085)
2023-05-25T11:28:20.902+05:30  INFO 16864 --- [http-nio-8091-exec-2] o.a.c.c.C.[.[localhost].[/customer]      : Initializing Spring DispatcherServlet 'dispatcherServlet'
2023-05-25T11:28:20.902+05:30  INFO 16864 --- [http-nio-8091-exec-2] o.s.web.servlet.DispatcherServlet        : Initializing Servlet 'dispatcherServlet'
2023-05-25T11:28:20.902+05:30  INFO 16864 --- [http-nio-8091-exec-2] o.s.web.servlet.DispatcherServlet        : Completed initialization in 0 ms
2023-05-25T11:28:21.083+05:30  INFO 16864 --- [http-nio-8091-exec-2] c.cg.controller.CustomerRestController   : Controller - getAllAccounts()
2023-05-25T11:28:21.083+05:30  INFO 16864 --- [http-nio-8091-exec-2] com.cg.service.CustomerServiceImpl       : Service - findAllAccounts()
2023-05-25T11:28:21.089+05:30  INFO 16864 --- [http-nio-8091-exec-2] com.cg.dao.CustomerRepo                  : Dao - findAll() - query
2023-05-25T11:28:26.310+05:30  INFO 16864 --- [http-nio-8091-exec-3] c.cg.controller.CustomerRestController   : Controller - createBankAccount()
2023-05-25T11:28:26.326+05:30  INFO 16864 --- [http-nio-8091-exec-3] com.cg.service.CustomerServiceImpl       : Service - addCustomer()
2023-05-25T11:28:26.326+05:30  INFO 16864 --- [http-nio-8091-exec-3] com.cg.dao.CustomerRepo                  : Dao - save() - query
2023-05-25T11:28:29.546+05:30  INFO 16864 --- [http-nio-8091-exec-4] c.cg.controller.CustomerRestController   : Controller - getAllAccounts()
2023-05-25T11:28:29.546+05:30  INFO 16864 --- [http-nio-8091-exec-4] com.cg.service.CustomerServiceImpl       : Service - findAllAccounts()
2023-05-25T11:28:29.546+05:30  INFO 16864 --- [http-nio-8091-exec-4] com.cg.dao.CustomerRepo                  : Dao - findAll() - query
2023-05-25T11:28:34.077+05:30  INFO 16864 --- [http-nio-8091-exec-5] c.cg.controller.CustomerRestController   : Controller - getById()
2023-05-25T11:28:34.080+05:30  INFO 16864 --- [http-nio-8091-exec-5] com.cg.service.CustomerServiceImpl       : Service - findById()
2023-05-25T11:28:34.080+05:30  INFO 16864 --- [http-nio-8091-exec-5] com.cg.dao.CustomerRepo                  : Dao - findById() - query
2023-05-25T11:28:38.597+05:30  INFO 16864 --- [http-nio-8091-exec-6] c.cg.controller.CustomerRestController   : Controller - getById()
2023-05-25T11:28:38.597+05:30  INFO 16864 --- [http-nio-8091-exec-6] com.cg.service.CustomerServiceImpl       : Service - findById()
2023-05-25T11:28:38.597+05:30  INFO 16864 --- [http-nio-8091-exec-6] com.cg.dao.CustomerRepo                  : Dao - findById() - query
2023-05-25T11:28:40.921+05:30  INFO 16864 --- [http-nio-8091-exec-7] c.cg.controller.CustomerRestController   : Controller - getById()
2023-05-25T11:28:40.921+05:30  INFO 16864 --- [http-nio-8091-exec-7] com.cg.service.CustomerServiceImpl       : Service - findById()
2023-05-25T11:28:40.921+05:30  INFO 16864 --- [http-nio-8091-exec-7] com.cg.dao.CustomerRepo                  : Dao - findById() - query
2023-05-25T11:47:52.331+05:30  INFO 16864 --- [http-nio-8091-exec-4] c.cg.controller.CustomerRestController   : Controller - getAllAccounts()
2023-05-25T11:47:52.335+05:30  INFO 16864 --- [http-nio-8091-exec-4] com.cg.service.CustomerServiceImpl       : Service - findAllAccounts()
2023-05-25T11:47:52.335+05:30  INFO 16864 --- [http-nio-8091-exec-4] com.cg.dao.CustomerRepo                  : Dao - findAll() - query
2023-05-25T11:48:47.108+05:30  INFO 16864 --- [RMI TCP Connection(24)-127.0.0.1] inMXBeanRegistrar$SpringApplicationAdmin : Application shutdown requested.
2023-05-25T11:48:47.138+05:30  INFO 16864 --- [RMI TCP Connection(24)-127.0.0.1] o.apache.catalina.core.StandardService   : Stopping service [Tomcat]
2023-05-25T11:48:47.141+05:30  INFO 16864 --- [RMI TCP Connection(24)-127.0.0.1] o.a.c.c.C.[.[localhost].[/customer]      : Destroying Spring FrameworkServlet 'dispatcherServlet'
2023-05-25T11:48:47.157+05:30  INFO 16864 --- [RMI TCP Connection(24)-127.0.0.1] j.LocalContainerEntityManagerFactoryBean : Closing JPA EntityManagerFactory for persistence unit 'default'
2023-05-25T11:48:47.160+05:30  INFO 16864 --- [RMI TCP Connection(24)-127.0.0.1] com.zaxxer.hikari.HikariDataSource       : HikariPool-1 - Shutdown initiated...
2023-05-25T11:48:47.163+05:30  INFO 16864 --- [RMI TCP Connection(24)-127.0.0.1] com.zaxxer.hikari.HikariDataSource       : HikariPool-1 - Shutdown completed.
2023-05-25T11:49:21.605+05:30  INFO 22436 --- [main] com.cg.CustomerDetailsApplication        : Starting CustomerDetailsApplication using Java 17.0.6 with PID 22436 (C:\Users\ssaha6\Documents\workspace2-spring-tool-suite-4-4.18.0.RELEASE\CustomerDetails\bin\main started by ssaha6 in C:\Users\ssaha6\Documents\workspace2-spring-tool-suite-4-4.18.0.RELEASE\CustomerDetails)
2023-05-25T11:49:21.611+05:30  INFO 22436 --- [main] com.cg.CustomerDetailsApplication        : No active profile set, falling back to 1 default profile: "default"
2023-05-25T11:49:22.621+05:30  INFO 22436 --- [main] .s.d.r.c.RepositoryConfigurationDelegate : Multiple Spring Data modules found, entering strict repository configuration mode
2023-05-25T11:49:22.624+05:30  INFO 22436 --- [main] .s.d.r.c.RepositoryConfigurationDelegate : Bootstrapping Spring Data JDBC repositories in DEFAULT mode.
2023-05-25T11:49:22.660+05:30  INFO 22436 --- [main] .s.d.r.c.RepositoryConfigurationDelegate : Finished Spring Data repository scanning in 29 ms. Found 0 JDBC repository interfaces.
2023-05-25T11:49:22.678+05:30  INFO 22436 --- [main] .s.d.r.c.RepositoryConfigurationDelegate : Multiple Spring Data modules found, entering strict repository configuration mode
2023-05-25T11:49:22.679+05:30  INFO 22436 --- [main] .s.d.r.c.RepositoryConfigurationDelegate : Bootstrapping Spring Data JPA repositories in DEFAULT mode.
2023-05-25T11:49:22.694+05:30  INFO 22436 --- [main] .s.d.r.c.RepositoryConfigurationDelegate : Finished Spring Data repository scanning in 6 ms. Found 0 JPA repository interfaces.
2023-05-25T11:49:23.545+05:30  INFO 22436 --- [main] o.s.b.w.embedded.tomcat.TomcatWebServer  : Tomcat initialized with port(s): 8091 (http)
2023-05-25T11:49:23.566+05:30  INFO 22436 --- [main] o.apache.catalina.core.StandardService   : Starting service [Tomcat]
2023-05-25T11:49:23.567+05:30  INFO 22436 --- [main] o.apache.catalina.core.StandardEngine    : Starting Servlet engine: [Apache Tomcat/10.1.8]
2023-05-25T11:49:23.784+05:30  INFO 22436 --- [main] o.a.c.c.C.[.[localhost].[/customer]      : Initializing Spring embedded WebApplicationContext
2023-05-25T11:49:23.785+05:30  INFO 22436 --- [main] w.s.c.ServletWebServerApplicationContext : Root WebApplicationContext: initialization completed in 2101 ms
2023-05-25T11:49:23.846+05:30  INFO 22436 --- [main] com.zaxxer.hikari.HikariDataSource       : HikariPool-1 - Starting...
2023-05-25T11:49:24.187+05:30  INFO 22436 --- [main] com.zaxxer.hikari.pool.HikariPool        : HikariPool-1 - Added connection conn0: url=jdbc:h2:mem:dcbapp user=USER
2023-05-25T11:49:24.190+05:30  INFO 22436 --- [main] com.zaxxer.hikari.HikariDataSource       : HikariPool-1 - Start completed.
2023-05-25T11:49:24.213+05:30  INFO 22436 --- [main] o.s.b.a.h2.H2ConsoleAutoConfiguration    : H2 console available at '/h2-console'. Database available at 'jdbc:h2:mem:dcbapp'
2023-05-25T11:49:24.419+05:30  INFO 22436 --- [main] o.hibernate.jpa.internal.util.LogHelper  : HHH000204: Processing PersistenceUnitInfo [name: default]
2023-05-25T11:49:24.512+05:30  INFO 22436 --- [main] org.hibernate.Version                    : HHH000412: Hibernate ORM core version 6.1.7.Final
2023-05-25T11:49:25.004+05:30  INFO 22436 --- [main] SQL dialect                              : HHH000400: Using dialect: org.hibernate.dialect.H2Dialect
2023-05-25T11:49:25.527+05:30  INFO 22436 --- [main] o.h.e.t.j.p.i.JtaPlatformInitiator       : HHH000490: Using JtaPlatform implementation: [org.hibernate.engine.transaction.jta.platform.internal.NoJtaPlatform]
2023-05-25T11:49:25.547+05:30  INFO 22436 --- [main] j.LocalContainerEntityManagerFactoryBean : Initialized JPA EntityManagerFactory for persistence unit 'default'
2023-05-25T11:49:25.754+05:30  WARN 22436 --- [main] JpaBaseConfiguration$JpaWebConfiguration : spring.jpa.open-in-view is enabled by default. Therefore, database queries may be performed during view rendering. Explicitly configure spring.jpa.open-in-view to disable this warning
2023-05-25T11:49:26.704+05:30  INFO 22436 --- [main] o.s.b.w.embedded.tomcat.TomcatWebServer  : Tomcat started on port(s): 8091 (http) with context path '/customer'
2023-05-25T11:49:26.718+05:30  INFO 22436 --- [main] com.cg.CustomerDetailsApplication        : Started CustomerDetailsApplication in 5.893 seconds (process running for 9.178)
2023-05-25T12:18:34.615+05:30  INFO 22436 --- [RMI TCP Connection(32)-127.0.0.1] inMXBeanRegistrar$SpringApplicationAdmin : Application shutdown requested.
2023-05-25T12:18:34.644+05:30  INFO 22436 --- [RMI TCP Connection(32)-127.0.0.1] o.apache.catalina.core.StandardService   : Stopping service [Tomcat]
2023-05-25T12:18:34.664+05:30  INFO 22436 --- [RMI TCP Connection(32)-127.0.0.1] j.LocalContainerEntityManagerFactoryBean : Closing JPA EntityManagerFactory for persistence unit 'default'
2023-05-25T12:18:34.668+05:30  INFO 22436 --- [RMI TCP Connection(32)-127.0.0.1] com.zaxxer.hikari.HikariDataSource       : HikariPool-1 - Shutdown initiated...
2023-05-25T12:18:34.671+05:30  INFO 22436 --- [RMI TCP Connection(32)-127.0.0.1] com.zaxxer.hikari.HikariDataSource       : HikariPool-1 - Shutdown completed.
2023-05-25T12:29:10.925+05:30  INFO 22660 --- [main] com.cg.CustomerDetailsApplication        : Starting CustomerDetailsApplication using Java 17.0.6 with PID 22660 (C:\Users\ssaha6\Documents\workspace2-spring-tool-suite-4-4.18.0.RELEASE\CustomerDetails\bin\main started by ssaha6 in C:\Users\ssaha6\Documents\workspace2-spring-tool-suite-4-4.18.0.RELEASE\CustomerDetails)
2023-05-25T12:29:10.931+05:30  INFO 22660 --- [main] com.cg.CustomerDetailsApplication        : No active profile set, falling back to 1 default profile: "default"
2023-05-25T12:29:11.957+05:30  INFO 22660 --- [main] .s.d.r.c.RepositoryConfigurationDelegate : Multiple Spring Data modules found, entering strict repository configuration mode
2023-05-25T12:29:11.960+05:30  INFO 22660 --- [main] .s.d.r.c.RepositoryConfigurationDelegate : Bootstrapping Spring Data JDBC repositories in DEFAULT mode.
2023-05-25T12:29:11.997+05:30  INFO 22660 --- [main] .s.d.r.c.RepositoryConfigurationDelegate : Finished Spring Data repository scanning in 30 ms. Found 0 JDBC repository interfaces.
2023-05-25T12:29:12.014+05:30  INFO 22660 --- [main] .s.d.r.c.RepositoryConfigurationDelegate : Multiple Spring Data modules found, entering strict repository configuration mode
2023-05-25T12:29:12.016+05:30  INFO 22660 --- [main] .s.d.r.c.RepositoryConfigurationDelegate : Bootstrapping Spring Data JPA repositories in DEFAULT mode.
2023-05-25T12:29:12.028+05:30  INFO 22660 --- [main] .s.d.r.c.RepositoryConfigurationDelegate : Finished Spring Data repository scanning in 5 ms. Found 0 JPA repository interfaces.
2023-05-25T12:29:12.860+05:30  INFO 22660 --- [main] o.s.b.w.embedded.tomcat.TomcatWebServer  : Tomcat initialized with port(s): 8091 (http)
2023-05-25T12:29:12.881+05:30  INFO 22660 --- [main] o.apache.catalina.core.StandardService   : Starting service [Tomcat]
2023-05-25T12:29:12.882+05:30  INFO 22660 --- [main] o.apache.catalina.core.StandardEngine    : Starting Servlet engine: [Apache Tomcat/10.1.8]
2023-05-25T12:29:13.103+05:30  INFO 22660 --- [main] o.a.c.c.C.[.[localhost].[/customer]      : Initializing Spring embedded WebApplicationContext
2023-05-25T12:29:13.103+05:30  INFO 22660 --- [main] w.s.c.ServletWebServerApplicationContext : Root WebApplicationContext: initialization completed in 2102 ms
2023-05-25T12:29:13.157+05:30  INFO 22660 --- [main] com.zaxxer.hikari.HikariDataSource       : HikariPool-1 - Starting...
2023-05-25T12:29:13.553+05:30  INFO 22660 --- [main] com.zaxxer.hikari.pool.HikariPool        : HikariPool-1 - Added connection conn0: url=jdbc:h2:mem:dcbapp user=USER
2023-05-25T12:29:13.556+05:30  INFO 22660 --- [main] com.zaxxer.hikari.HikariDataSource       : HikariPool-1 - Start completed.
2023-05-25T12:29:13.578+05:30  INFO 22660 --- [main] o.s.b.a.h2.H2ConsoleAutoConfiguration    : H2 console available at '/h2-console'. Database available at 'jdbc:h2:mem:dcbapp'
2023-05-25T12:29:13.810+05:30  INFO 22660 --- [main] o.hibernate.jpa.internal.util.LogHelper  : HHH000204: Processing PersistenceUnitInfo [name: default]
2023-05-25T12:29:13.935+05:30  INFO 22660 --- [main] org.hibernate.Version                    : HHH000412: Hibernate ORM core version 6.1.7.Final
2023-05-25T12:29:14.532+05:30  INFO 22660 --- [main] SQL dialect                              : HHH000400: Using dialect: org.hibernate.dialect.H2Dialect
2023-05-25T12:29:15.073+05:30  INFO 22660 --- [main] o.h.e.t.j.p.i.JtaPlatformInitiator       : HHH000490: Using JtaPlatform implementation: [org.hibernate.engine.transaction.jta.platform.internal.NoJtaPlatform]
2023-05-25T12:29:15.099+05:30  INFO 22660 --- [main] j.LocalContainerEntityManagerFactoryBean : Initialized JPA EntityManagerFactory for persistence unit 'default'
2023-05-25T12:29:15.316+05:30  WARN 22660 --- [main] JpaBaseConfiguration$JpaWebConfiguration : spring.jpa.open-in-view is enabled by default. Therefore, database queries may be performed during view rendering. Explicitly configure spring.jpa.open-in-view to disable this warning
2023-05-25T12:29:16.077+05:30  INFO 22660 --- [main] o.s.b.w.embedded.tomcat.TomcatWebServer  : Tomcat started on port(s): 8091 (http) with context path '/customer'
2023-05-25T12:29:16.094+05:30  INFO 22660 --- [main] com.cg.CustomerDetailsApplication        : Started CustomerDetailsApplication in 5.922 seconds (process running for 9.363)
2023-05-25T12:32:10.244+05:30  INFO 22660 --- [RMI TCP Connection(5)-127.0.0.1] inMXBeanRegistrar$SpringApplicationAdmin : Application shutdown requested.
2023-05-25T12:32:10.272+05:30  INFO 22660 --- [RMI TCP Connection(5)-127.0.0.1] o.apache.catalina.core.StandardService   : Stopping service [Tomcat]
2023-05-25T12:32:10.287+05:30  INFO 22660 --- [RMI TCP Connection(5)-127.0.0.1] j.LocalContainerEntityManagerFactoryBean : Closing JPA EntityManagerFactory for persistence unit 'default'
2023-05-25T12:32:10.290+05:30  INFO 22660 --- [RMI TCP Connection(5)-127.0.0.1] com.zaxxer.hikari.HikariDataSource       : HikariPool-1 - Shutdown initiated...
2023-05-25T12:32:10.293+05:30  INFO 22660 --- [RMI TCP Connection(5)-127.0.0.1] com.zaxxer.hikari.HikariDataSource       : HikariPool-1 - Shutdown completed.
2023-05-25T12:59:24.345+05:30  INFO 12012 --- [main] com.cg.CustomerDetailsApplication        : Starting CustomerDetailsApplication using Java 17.0.6 with PID 12012 (C:\Users\ssaha6\Documents\workspace2-spring-tool-suite-4-4.18.0.RELEASE\CustomerDetails\bin\main started by ssaha6 in C:\Users\ssaha6\Documents\workspace2-spring-tool-suite-4-4.18.0.RELEASE\CustomerDetails)
2023-05-25T12:59:24.351+05:30  INFO 12012 --- [main] com.cg.CustomerDetailsApplication        : No active profile set, falling back to 1 default profile: "default"
2023-05-25T12:59:25.346+05:30  INFO 12012 --- [main] .s.d.r.c.RepositoryConfigurationDelegate : Multiple Spring Data modules found, entering strict repository configuration mode
2023-05-25T12:59:25.350+05:30  INFO 12012 --- [main] .s.d.r.c.RepositoryConfigurationDelegate : Bootstrapping Spring Data JDBC repositories in DEFAULT mode.
2023-05-25T12:59:25.389+05:30  INFO 12012 --- [main] .s.d.r.c.RepositoryConfigurationDelegate : Finished Spring Data repository scanning in 30 ms. Found 0 JDBC repository interfaces.
2023-05-25T12:59:25.406+05:30  INFO 12012 --- [main] .s.d.r.c.RepositoryConfigurationDelegate : Multiple Spring Data modules found, entering strict repository configuration mode
2023-05-25T12:59:25.408+05:30  INFO 12012 --- [main] .s.d.r.c.RepositoryConfigurationDelegate : Bootstrapping Spring Data JPA repositories in DEFAULT mode.
2023-05-25T12:59:25.419+05:30  INFO 12012 --- [main] .s.d.r.c.RepositoryConfigurationDelegate : Finished Spring Data repository scanning in 5 ms. Found 0 JPA repository interfaces.
2023-05-25T12:59:26.183+05:30  INFO 12012 --- [main] o.s.b.w.embedded.tomcat.TomcatWebServer  : Tomcat initialized with port(s): 8091 (http)
2023-05-25T12:59:26.205+05:30  INFO 12012 --- [main] o.apache.catalina.core.StandardService   : Starting service [Tomcat]
2023-05-25T12:59:26.205+05:30  INFO 12012 --- [main] o.apache.catalina.core.StandardEngine    : Starting Servlet engine: [Apache Tomcat/10.1.8]
2023-05-25T12:59:26.423+05:30  INFO 12012 --- [main] o.a.c.c.C.[.[localhost].[/customer]      : Initializing Spring embedded WebApplicationContext
2023-05-25T12:59:26.423+05:30  INFO 12012 --- [main] w.s.c.ServletWebServerApplicationContext : Root WebApplicationContext: initialization completed in 1996 ms
2023-05-25T12:59:26.471+05:30  INFO 12012 --- [main] com.zaxxer.hikari.HikariDataSource       : HikariPool-1 - Starting...
2023-05-25T12:59:26.827+05:30  INFO 12012 --- [main] com.zaxxer.hikari.pool.HikariPool        : HikariPool-1 - Added connection conn0: url=jdbc:h2:mem:dcbapp user=USER
2023-05-25T12:59:26.831+05:30  INFO 12012 --- [main] com.zaxxer.hikari.HikariDataSource       : HikariPool-1 - Start completed.
2023-05-25T12:59:26.856+05:30  INFO 12012 --- [main] o.s.b.a.h2.H2ConsoleAutoConfiguration    : H2 console available at '/h2-console'. Database available at 'jdbc:h2:mem:dcbapp'
2023-05-25T12:59:27.080+05:30  INFO 12012 --- [main] o.hibernate.jpa.internal.util.LogHelper  : HHH000204: Processing PersistenceUnitInfo [name: default]
2023-05-25T12:59:27.171+05:30  INFO 12012 --- [main] org.hibernate.Version                    : HHH000412: Hibernate ORM core version 6.1.7.Final
2023-05-25T12:59:27.670+05:30  INFO 12012 --- [main] SQL dialect                              : HHH000400: Using dialect: org.hibernate.dialect.H2Dialect
2023-05-25T12:59:28.152+05:30  INFO 12012 --- [main] o.h.e.t.j.p.i.JtaPlatformInitiator       : HHH000490: Using JtaPlatform implementation: [org.hibernate.engine.transaction.jta.platform.internal.NoJtaPlatform]
2023-05-25T12:59:28.172+05:30  INFO 12012 --- [main] j.LocalContainerEntityManagerFactoryBean : Initialized JPA EntityManagerFactory for persistence unit 'default'
2023-05-25T12:59:28.377+05:30  WARN 12012 --- [main] JpaBaseConfiguration$JpaWebConfiguration : spring.jpa.open-in-view is enabled by default. Therefore, database queries may be performed during view rendering. Explicitly configure spring.jpa.open-in-view to disable this warning
2023-05-25T12:59:29.086+05:30  INFO 12012 --- [main] o.s.b.w.embedded.tomcat.TomcatWebServer  : Tomcat started on port(s): 8091 (http) with context path '/customer'
2023-05-25T12:59:29.106+05:30  INFO 12012 --- [main] com.cg.CustomerDetailsApplication        : Started CustomerDetailsApplication in 5.558 seconds (process running for 8.974)
2023-05-25T13:05:39.065+05:30  INFO 12816 --- [main] com.cg.CustomerDetailsApplication        : Starting CustomerDetailsApplication using Java 17.0.6 with PID 12816 (C:\Users\ssaha6\Documents\workspace2-spring-tool-suite-4-4.18.0.RELEASE\CustomerDetails\bin\main started by ssaha6 in C:\Users\ssaha6\Documents\workspace2-spring-tool-suite-4-4.18.0.RELEASE\CustomerDetails)
2023-05-25T13:05:39.069+05:30  INFO 12816 --- [main] com.cg.CustomerDetailsApplication        : No active profile set, falling back to 1 default profile: "default"
2023-05-25T13:05:40.044+05:30  INFO 12816 --- [main] .s.d.r.c.RepositoryConfigurationDelegate : Multiple Spring Data modules found, entering strict repository configuration mode
2023-05-25T13:05:40.047+05:30  INFO 12816 --- [main] .s.d.r.c.RepositoryConfigurationDelegate : Bootstrapping Spring Data JDBC repositories in DEFAULT mode.
2023-05-25T13:05:40.081+05:30  INFO 12816 --- [main] .s.d.r.c.RepositoryConfigurationDelegate : Finished Spring Data repository scanning in 25 ms. Found 0 JDBC repository interfaces.
2023-05-25T13:05:40.096+05:30  INFO 12816 --- [main] .s.d.r.c.RepositoryConfigurationDelegate : Multiple Spring Data modules found, entering strict repository configuration mode
2023-05-25T13:05:40.097+05:30  INFO 12816 --- [main] .s.d.r.c.RepositoryConfigurationDelegate : Bootstrapping Spring Data JPA repositories in DEFAULT mode.
2023-05-25T13:05:40.109+05:30  INFO 12816 --- [main] .s.d.r.c.RepositoryConfigurationDelegate : Finished Spring Data repository scanning in 5 ms. Found 0 JPA repository interfaces.
2023-05-25T13:05:40.906+05:30  INFO 12816 --- [main] o.s.b.w.embedded.tomcat.TomcatWebServer  : Tomcat initialized with port(s): 8091 (http)
2023-05-25T13:05:40.924+05:30  INFO 12816 --- [main] o.apache.catalina.core.StandardService   : Starting service [Tomcat]
2023-05-25T13:05:40.925+05:30  INFO 12816 --- [main] o.apache.catalina.core.StandardEngine    : Starting Servlet engine: [Apache Tomcat/10.1.8]
2023-05-25T13:05:41.117+05:30  INFO 12816 --- [main] o.a.c.c.C.[.[localhost].[/customer]      : Initializing Spring embedded WebApplicationContext
2023-05-25T13:05:41.118+05:30  INFO 12816 --- [main] w.s.c.ServletWebServerApplicationContext : Root WebApplicationContext: initialization completed in 1978 ms
2023-05-25T13:05:41.173+05:30  INFO 12816 --- [main] com.zaxxer.hikari.HikariDataSource       : HikariPool-1 - Starting...
2023-05-25T13:05:41.503+05:30  INFO 12816 --- [main] com.zaxxer.hikari.pool.HikariPool        : HikariPool-1 - Added connection conn0: url=jdbc:h2:mem:dcbapp user=USER
2023-05-25T13:05:41.506+05:30  INFO 12816 --- [main] com.zaxxer.hikari.HikariDataSource       : HikariPool-1 - Start completed.
2023-05-25T13:05:41.529+05:30  INFO 12816 --- [main] o.s.b.a.h2.H2ConsoleAutoConfiguration    : H2 console available at '/h2-console'. Database available at 'jdbc:h2:mem:dcbapp'
2023-05-25T13:05:41.741+05:30  INFO 12816 --- [main] o.hibernate.jpa.internal.util.LogHelper  : HHH000204: Processing PersistenceUnitInfo [name: default]
2023-05-25T13:05:41.824+05:30  INFO 12816 --- [main] org.hibernate.Version                    : HHH000412: Hibernate ORM core version 6.1.7.Final
2023-05-25T13:05:42.321+05:30  INFO 12816 --- [main] SQL dialect                              : HHH000400: Using dialect: org.hibernate.dialect.H2Dialect
2023-05-25T13:05:42.765+05:30  INFO 12816 --- [main] o.h.e.t.j.p.i.JtaPlatformInitiator       : HHH000490: Using JtaPlatform implementation: [org.hibernate.engine.transaction.jta.platform.internal.NoJtaPlatform]
2023-05-25T13:05:42.783+05:30  INFO 12816 --- [main] j.LocalContainerEntityManagerFactoryBean : Initialized JPA EntityManagerFactory for persistence unit 'default'
2023-05-25T13:05:42.961+05:30  WARN 12816 --- [main] JpaBaseConfiguration$JpaWebConfiguration : spring.jpa.open-in-view is enabled by default. Therefore, database queries may be performed during view rendering. Explicitly configure spring.jpa.open-in-view to disable this warning
2023-05-25T13:05:43.623+05:30  WARN 12816 --- [main] ConfigServletWebServerApplicationContext : Exception encountered during context initialization - cancelling refresh attempt: org.springframework.context.ApplicationContextException: Failed to start bean 'webServerStartStop'
2023-05-25T13:05:43.629+05:30  INFO 12816 --- [main] j.LocalContainerEntityManagerFactoryBean : Closing JPA EntityManagerFactory for persistence unit 'default'
2023-05-25T13:05:43.633+05:30  INFO 12816 --- [main] com.zaxxer.hikari.HikariDataSource       : HikariPool-1 - Shutdown initiated...
2023-05-25T13:05:43.638+05:30  INFO 12816 --- [main] com.zaxxer.hikari.HikariDataSource       : HikariPool-1 - Shutdown completed.
2023-05-25T13:05:43.640+05:30  INFO 12816 --- [main] o.apache.catalina.core.StandardService   : Stopping service [Tomcat]
2023-05-25T13:05:43.661+05:30  INFO 12816 --- [main] .s.b.a.l.ConditionEvaluationReportLogger : 

Error starting ApplicationContext. To display the condition evaluation report re-run your application with 'debug' enabled.
2023-05-25T13:05:43.700+05:30 ERROR 12816 --- [main] o.s.b.d.LoggingFailureAnalysisReporter   : 

***************************
APPLICATION FAILED TO START
***************************

Description:

Web server failed to start. Port 8091 was already in use.

Action:

Identify and stop the process that's listening on port 8091 or configure this application to listen on another port.

2023-05-25T13:06:11.381+05:30  INFO 12012 --- [RMI TCP Connection(10)-127.0.0.1] inMXBeanRegistrar$SpringApplicationAdmin : Application shutdown requested.
2023-05-25T13:06:11.411+05:30  INFO 12012 --- [RMI TCP Connection(10)-127.0.0.1] o.apache.catalina.core.StandardService   : Stopping service [Tomcat]
2023-05-25T13:06:11.428+05:30  INFO 12012 --- [RMI TCP Connection(10)-127.0.0.1] j.LocalContainerEntityManagerFactoryBean : Closing JPA EntityManagerFactory for persistence unit 'default'
2023-05-25T13:06:11.431+05:30  INFO 12012 --- [RMI TCP Connection(10)-127.0.0.1] com.zaxxer.hikari.HikariDataSource       : HikariPool-1 - Shutdown initiated...
2023-05-25T13:06:11.435+05:30  INFO 12012 --- [RMI TCP Connection(10)-127.0.0.1] com.zaxxer.hikari.HikariDataSource       : HikariPool-1 - Shutdown completed.
2023-05-25T13:07:38.228+05:30  INFO 1588 --- [main] com.cg.CustomerDetailsApplication        : Starting CustomerDetailsApplication using Java 17.0.6 with PID 1588 (C:\Users\ssaha6\Documents\workspace2-spring-tool-suite-4-4.18.0.RELEASE\CustomerDetails\bin\main started by ssaha6 in C:\Users\ssaha6\Documents\workspace2-spring-tool-suite-4-4.18.0.RELEASE\CustomerDetails)
2023-05-25T13:07:38.234+05:30  INFO 1588 --- [main] com.cg.CustomerDetailsApplication        : No active profile set, falling back to 1 default profile: "default"
2023-05-25T13:07:39.250+05:30  INFO 1588 --- [main] .s.d.r.c.RepositoryConfigurationDelegate : Multiple Spring Data modules found, entering strict repository configuration mode
2023-05-25T13:07:39.253+05:30  INFO 1588 --- [main] .s.d.r.c.RepositoryConfigurationDelegate : Bootstrapping Spring Data JDBC repositories in DEFAULT mode.
2023-05-25T13:07:39.293+05:30  INFO 1588 --- [main] .s.d.r.c.RepositoryConfigurationDelegate : Finished Spring Data repository scanning in 33 ms. Found 0 JDBC repository interfaces.
2023-05-25T13:07:39.310+05:30  INFO 1588 --- [main] .s.d.r.c.RepositoryConfigurationDelegate : Multiple Spring Data modules found, entering strict repository configuration mode
2023-05-25T13:07:39.312+05:30  INFO 1588 --- [main] .s.d.r.c.RepositoryConfigurationDelegate : Bootstrapping Spring Data JPA repositories in DEFAULT mode.
2023-05-25T13:07:39.325+05:30  INFO 1588 --- [main] .s.d.r.c.RepositoryConfigurationDelegate : Finished Spring Data repository scanning in 6 ms. Found 0 JPA repository interfaces.
2023-05-25T13:07:40.080+05:30  INFO 1588 --- [main] o.s.b.w.embedded.tomcat.TomcatWebServer  : Tomcat initialized with port(s): 8091 (http)
2023-05-25T13:07:40.095+05:30  INFO 1588 --- [main] o.apache.catalina.core.StandardService   : Starting service [Tomcat]
2023-05-25T13:07:40.096+05:30  INFO 1588 --- [main] o.apache.catalina.core.StandardEngine    : Starting Servlet engine: [Apache Tomcat/10.1.8]
2023-05-25T13:07:40.275+05:30  INFO 1588 --- [main] o.a.c.c.C.[.[localhost].[/customer]      : Initializing Spring embedded WebApplicationContext
2023-05-25T13:07:40.276+05:30  INFO 1588 --- [main] w.s.c.ServletWebServerApplicationContext : Root WebApplicationContext: initialization completed in 1965 ms
2023-05-25T13:07:40.321+05:30  INFO 1588 --- [main] com.zaxxer.hikari.HikariDataSource       : HikariPool-1 - Starting...
2023-05-25T13:07:40.624+05:30  INFO 1588 --- [main] com.zaxxer.hikari.pool.HikariPool        : HikariPool-1 - Added connection conn0: url=jdbc:h2:mem:dcbapp user=USER
2023-05-25T13:07:40.627+05:30  INFO 1588 --- [main] com.zaxxer.hikari.HikariDataSource       : HikariPool-1 - Start completed.
2023-05-25T13:07:40.647+05:30  INFO 1588 --- [main] o.s.b.a.h2.H2ConsoleAutoConfiguration    : H2 console available at '/h2-console'. Database available at 'jdbc:h2:mem:dcbapp'
2023-05-25T13:07:40.848+05:30  INFO 1588 --- [main] o.hibernate.jpa.internal.util.LogHelper  : HHH000204: Processing PersistenceUnitInfo [name: default]
2023-05-25T13:07:40.924+05:30  INFO 1588 --- [main] org.hibernate.Version                    : HHH000412: Hibernate ORM core version 6.1.7.Final
2023-05-25T13:07:41.404+05:30  INFO 1588 --- [main] SQL dialect                              : HHH000400: Using dialect: org.hibernate.dialect.H2Dialect
2023-05-25T13:07:41.839+05:30  INFO 1588 --- [main] o.h.e.t.j.p.i.JtaPlatformInitiator       : HHH000490: Using JtaPlatform implementation: [org.hibernate.engine.transaction.jta.platform.internal.NoJtaPlatform]
2023-05-25T13:07:41.856+05:30  INFO 1588 --- [main] j.LocalContainerEntityManagerFactoryBean : Initialized JPA EntityManagerFactory for persistence unit 'default'
2023-05-25T13:07:42.045+05:30  WARN 1588 --- [main] JpaBaseConfiguration$JpaWebConfiguration : spring.jpa.open-in-view is enabled by default. Therefore, database queries may be performed during view rendering. Explicitly configure spring.jpa.open-in-view to disable this warning
2023-05-25T13:07:42.709+05:30  INFO 1588 --- [main] o.s.b.w.embedded.tomcat.TomcatWebServer  : Tomcat started on port(s): 8091 (http) with context path '/customer'
2023-05-25T13:07:42.724+05:30  INFO 1588 --- [main] com.cg.CustomerDetailsApplication        : Started CustomerDetailsApplication in 5.253 seconds (process running for 8.572)
2023-05-25T13:07:53.189+05:30  INFO 1588 --- [http-nio-8091-exec-4] o.a.c.c.C.[.[localhost].[/customer]      : Initializing Spring DispatcherServlet 'dispatcherServlet'
2023-05-25T13:07:53.189+05:30  INFO 1588 --- [http-nio-8091-exec-4] o.s.web.servlet.DispatcherServlet        : Initializing Servlet 'dispatcherServlet'
2023-05-25T13:07:53.191+05:30  INFO 1588 --- [http-nio-8091-exec-4] o.s.web.servlet.DispatcherServlet        : Completed initialization in 1 ms
2023-05-25T13:07:53.337+05:30  INFO 1588 --- [http-nio-8091-exec-4] c.cg.controller.CustomerRestController   : Controller - getAllAccounts()
2023-05-25T13:07:53.338+05:30  INFO 1588 --- [http-nio-8091-exec-4] com.cg.service.CustomerServiceImpl       : Service - findAllAccounts()
2023-05-25T13:07:53.341+05:30  INFO 1588 --- [http-nio-8091-exec-4] com.cg.dao.CustomerRepo                  : Dao - findAll() - query
2023-05-25T13:12:32.201+05:30  INFO 1588 --- [RMI TCP Connection(8)-127.0.0.1] inMXBeanRegistrar$SpringApplicationAdmin : Application shutdown requested.
2023-05-25T13:12:32.229+05:30  INFO 1588 --- [RMI TCP Connection(8)-127.0.0.1] o.apache.catalina.core.StandardService   : Stopping service [Tomcat]
2023-05-25T13:12:32.232+05:30  INFO 1588 --- [RMI TCP Connection(8)-127.0.0.1] o.a.c.c.C.[.[localhost].[/customer]      : Destroying Spring FrameworkServlet 'dispatcherServlet'
2023-05-25T13:12:32.252+05:30  INFO 1588 --- [RMI TCP Connection(8)-127.0.0.1] j.LocalContainerEntityManagerFactoryBean : Closing JPA EntityManagerFactory for persistence unit 'default'
2023-05-25T13:12:32.255+05:30  INFO 1588 --- [RMI TCP Connection(8)-127.0.0.1] com.zaxxer.hikari.HikariDataSource       : HikariPool-1 - Shutdown initiated...
2023-05-25T13:12:32.259+05:30  INFO 1588 --- [RMI TCP Connection(8)-127.0.0.1] com.zaxxer.hikari.HikariDataSource       : HikariPool-1 - Shutdown completed.
2023-05-25T13:24:17.619+05:30  INFO 17500 --- [main] com.cg.CustomerDetailsApplication        : Starting CustomerDetailsApplication using Java 17.0.6 with PID 17500 (C:\Users\ssaha6\Documents\workspace2-spring-tool-suite-4-4.18.0.RELEASE\CustomerDetails\bin\main started by ssaha6 in C:\Users\ssaha6\Documents\workspace2-spring-tool-suite-4-4.18.0.RELEASE\CustomerDetails)
2023-05-25T13:24:17.625+05:30  INFO 17500 --- [main] com.cg.CustomerDetailsApplication        : No active profile set, falling back to 1 default profile: "default"
2023-05-25T13:24:18.617+05:30  INFO 17500 --- [main] .s.d.r.c.RepositoryConfigurationDelegate : Multiple Spring Data modules found, entering strict repository configuration mode
2023-05-25T13:24:18.621+05:30  INFO 17500 --- [main] .s.d.r.c.RepositoryConfigurationDelegate : Bootstrapping Spring Data JDBC repositories in DEFAULT mode.
2023-05-25T13:24:18.653+05:30  INFO 17500 --- [main] .s.d.r.c.RepositoryConfigurationDelegate : Finished Spring Data repository scanning in 25 ms. Found 0 JDBC repository interfaces.
2023-05-25T13:24:18.668+05:30  INFO 17500 --- [main] .s.d.r.c.RepositoryConfigurationDelegate : Multiple Spring Data modules found, entering strict repository configuration mode
2023-05-25T13:24:18.669+05:30  INFO 17500 --- [main] .s.d.r.c.RepositoryConfigurationDelegate : Bootstrapping Spring Data JPA repositories in DEFAULT mode.
2023-05-25T13:24:18.682+05:30  INFO 17500 --- [main] .s.d.r.c.RepositoryConfigurationDelegate : Finished Spring Data repository scanning in 5 ms. Found 0 JPA repository interfaces.
2023-05-25T13:24:19.416+05:30  INFO 17500 --- [main] o.s.b.w.embedded.tomcat.TomcatWebServer  : Tomcat initialized with port(s): 8091 (http)
2023-05-25T13:24:19.433+05:30  INFO 17500 --- [main] o.apache.catalina.core.StandardService   : Starting service [Tomcat]
2023-05-25T13:24:19.435+05:30  INFO 17500 --- [main] o.apache.catalina.core.StandardEngine    : Starting Servlet engine: [Apache Tomcat/10.1.8]
2023-05-25T13:24:19.629+05:30  INFO 17500 --- [main] o.a.c.c.C.[.[localhost].[/customer]      : Initializing Spring embedded WebApplicationContext
2023-05-25T13:24:19.629+05:30  INFO 17500 --- [main] w.s.c.ServletWebServerApplicationContext : Root WebApplicationContext: initialization completed in 1933 ms
2023-05-25T13:24:19.682+05:30  INFO 17500 --- [main] com.zaxxer.hikari.HikariDataSource       : HikariPool-1 - Starting...
2023-05-25T13:24:19.984+05:30  INFO 17500 --- [main] com.zaxxer.hikari.pool.HikariPool        : HikariPool-1 - Added connection conn0: url=jdbc:h2:mem:dcbapp user=USER
2023-05-25T13:24:19.987+05:30  INFO 17500 --- [main] com.zaxxer.hikari.HikariDataSource       : HikariPool-1 - Start completed.
2023-05-25T13:24:20.004+05:30  INFO 17500 --- [main] o.s.b.a.h2.H2ConsoleAutoConfiguration    : H2 console available at '/h2-console'. Database available at 'jdbc:h2:mem:dcbapp'
2023-05-25T13:24:20.177+05:30  INFO 17500 --- [main] o.hibernate.jpa.internal.util.LogHelper  : HHH000204: Processing PersistenceUnitInfo [name: default]
2023-05-25T13:24:20.264+05:30  INFO 17500 --- [main] org.hibernate.Version                    : HHH000412: Hibernate ORM core version 6.1.7.Final
2023-05-25T13:24:20.721+05:30  INFO 17500 --- [main] SQL dialect                              : HHH000400: Using dialect: org.hibernate.dialect.H2Dialect
2023-05-25T13:24:21.158+05:30  INFO 17500 --- [main] o.h.e.t.j.p.i.JtaPlatformInitiator       : HHH000490: Using JtaPlatform implementation: [org.hibernate.engine.transaction.jta.platform.internal.NoJtaPlatform]
2023-05-25T13:24:21.176+05:30  INFO 17500 --- [main] j.LocalContainerEntityManagerFactoryBean : Initialized JPA EntityManagerFactory for persistence unit 'default'
2023-05-25T13:24:21.361+05:30  WARN 17500 --- [main] JpaBaseConfiguration$JpaWebConfiguration : spring.jpa.open-in-view is enabled by default. Therefore, database queries may be performed during view rendering. Explicitly configure spring.jpa.open-in-view to disable this warning
2023-05-25T13:24:22.016+05:30  INFO 17500 --- [main] o.s.b.w.embedded.tomcat.TomcatWebServer  : Tomcat started on port(s): 8091 (http) with context path '/customer'
2023-05-25T13:24:22.038+05:30  INFO 17500 --- [main] com.cg.CustomerDetailsApplication        : Started CustomerDetailsApplication in 5.145 seconds (process running for 8.487)
2023-05-25T13:24:27.527+05:30  INFO 17500 --- [http-nio-8091-exec-1] o.a.c.c.C.[.[localhost].[/customer]      : Initializing Spring DispatcherServlet 'dispatcherServlet'
2023-05-25T13:24:27.528+05:30  INFO 17500 --- [http-nio-8091-exec-1] o.s.web.servlet.DispatcherServlet        : Initializing Servlet 'dispatcherServlet'
2023-05-25T13:24:27.529+05:30  INFO 17500 --- [http-nio-8091-exec-1] o.s.web.servlet.DispatcherServlet        : Completed initialization in 1 ms
2023-05-25T13:24:27.686+05:30  INFO 17500 --- [http-nio-8091-exec-1] c.cg.controller.CustomerRestController   : Controller - getAllAccounts()
2023-05-25T13:24:27.688+05:30  INFO 17500 --- [http-nio-8091-exec-1] com.cg.service.CustomerServiceImpl       : Service - findAllAccounts()
2023-05-25T13:24:27.697+05:30  INFO 17500 --- [http-nio-8091-exec-1] com.cg.dao.CustomerRepo                  : Dao - findAll() - query
2023-05-25T13:24:35.217+05:30  INFO 17500 --- [http-nio-8091-exec-3] c.cg.controller.CustomerRestController   : Controller - getAllAccounts()
2023-05-25T13:24:35.217+05:30  INFO 17500 --- [http-nio-8091-exec-3] com.cg.service.CustomerServiceImpl       : Service - findAllAccounts()
2023-05-25T13:24:35.217+05:30  INFO 17500 --- [http-nio-8091-exec-3] com.cg.dao.CustomerRepo                  : Dao - findAll() - query
2023-05-25T13:39:41.869+05:30  INFO 17500 --- [http-nio-8091-exec-8] c.cg.controller.CustomerRestController   : Controller - getAllAccounts()
2023-05-25T13:39:41.870+05:30  INFO 17500 --- [http-nio-8091-exec-8] com.cg.service.CustomerServiceImpl       : Service - findAllAccounts()
2023-05-25T13:39:41.870+05:30  INFO 17500 --- [http-nio-8091-exec-8] com.cg.dao.CustomerRepo                  : Dao - findAll() - query
2023-05-25T14:09:27.667+05:30  INFO 17500 --- [http-nio-8091-exec-10] c.cg.controller.CustomerRestController   : Controller - getAllAccounts()
2023-05-25T14:09:27.667+05:30  INFO 17500 --- [http-nio-8091-exec-10] com.cg.service.CustomerServiceImpl       : Service - findAllAccounts()
2023-05-25T14:09:27.669+05:30  INFO 17500 --- [http-nio-8091-exec-10] com.cg.dao.CustomerRepo                  : Dao - findAll() - query
2023-05-25T14:09:31.438+05:30  INFO 17500 --- [http-nio-8091-exec-1] c.cg.controller.CustomerRestController   : Controller - getById()
2023-05-25T14:09:31.438+05:30  INFO 17500 --- [http-nio-8091-exec-1] com.cg.service.CustomerServiceImpl       : Service - findById()
2023-05-25T14:09:31.439+05:30  INFO 17500 --- [http-nio-8091-exec-1] com.cg.dao.CustomerRepo                  : Dao - findById() - query
2023-05-25T14:09:34.465+05:30  INFO 17500 --- [http-nio-8091-exec-3] c.cg.controller.CustomerRestController   : Controller - getById()
2023-05-25T14:09:34.467+05:30  INFO 17500 --- [http-nio-8091-exec-3] com.cg.service.CustomerServiceImpl       : Service - findById()
2023-05-25T14:09:34.467+05:30  INFO 17500 --- [http-nio-8091-exec-3] com.cg.dao.CustomerRepo                  : Dao - findById() - query
2023-05-25T14:55:06.304+05:30  INFO 17500 --- [http-nio-8091-exec-3] c.cg.controller.CustomerRestController   : Controller - getById()
2023-05-25T14:55:06.305+05:30  INFO 17500 --- [http-nio-8091-exec-3] com.cg.service.CustomerServiceImpl       : Service - findById()
2023-05-25T14:55:06.305+05:30  INFO 17500 --- [http-nio-8091-exec-3] com.cg.dao.CustomerRepo                  : Dao - findById() - query
2023-05-25T14:57:52.069+05:30  INFO 17500 --- [RMI TCP Connection(97)-127.0.0.1] inMXBeanRegistrar$SpringApplicationAdmin : Application shutdown requested.
2023-05-25T14:57:52.103+05:30  INFO 17500 --- [RMI TCP Connection(97)-127.0.0.1] o.apache.catalina.core.StandardService   : Stopping service [Tomcat]
2023-05-25T14:57:52.103+05:30  INFO 17500 --- [RMI TCP Connection(97)-127.0.0.1] o.a.c.c.C.[.[localhost].[/customer]      : Destroying Spring FrameworkServlet 'dispatcherServlet'
2023-05-25T14:57:52.125+05:30  INFO 17500 --- [RMI TCP Connection(97)-127.0.0.1] j.LocalContainerEntityManagerFactoryBean : Closing JPA EntityManagerFactory for persistence unit 'default'
2023-05-25T14:57:52.139+05:30  INFO 17500 --- [RMI TCP Connection(97)-127.0.0.1] com.zaxxer.hikari.HikariDataSource       : HikariPool-1 - Shutdown initiated...
2023-05-25T14:57:52.145+05:30  INFO 17500 --- [RMI TCP Connection(97)-127.0.0.1] com.zaxxer.hikari.HikariDataSource       : HikariPool-1 - Shutdown completed.
2023-05-25T14:58:35.656+05:30  INFO 18832 --- [main] com.cg.CustomerDetailsApplication        : Starting CustomerDetailsApplication using Java 17.0.6 with PID 18832 (C:\Users\ssaha6\Documents\workspace2-spring-tool-suite-4-4.18.0.RELEASE\CustomerDetails\bin\main started by ssaha6 in C:\Users\ssaha6\Documents\workspace2-spring-tool-suite-4-4.18.0.RELEASE\CustomerDetails)
2023-05-25T14:58:35.659+05:30  INFO 18832 --- [main] com.cg.CustomerDetailsApplication        : No active profile set, falling back to 1 default profile: "default"
2023-05-25T14:58:36.092+05:30  INFO 18832 --- [main] .s.d.r.c.RepositoryConfigurationDelegate : Multiple Spring Data modules found, entering strict repository configuration mode
2023-05-25T14:58:36.093+05:30  INFO 18832 --- [main] .s.d.r.c.RepositoryConfigurationDelegate : Bootstrapping Spring Data JDBC repositories in DEFAULT mode.
2023-05-25T14:58:36.110+05:30  INFO 18832 --- [main] .s.d.r.c.RepositoryConfigurationDelegate : Finished Spring Data repository scanning in 13 ms. Found 0 JDBC repository interfaces.
2023-05-25T14:58:36.119+05:30  INFO 18832 --- [main] .s.d.r.c.RepositoryConfigurationDelegate : Multiple Spring Data modules found, entering strict repository configuration mode
2023-05-25T14:58:36.120+05:30  INFO 18832 --- [main] .s.d.r.c.RepositoryConfigurationDelegate : Bootstrapping Spring Data JPA repositories in DEFAULT mode.
2023-05-25T14:58:36.126+05:30  INFO 18832 --- [main] .s.d.r.c.RepositoryConfigurationDelegate : Finished Spring Data repository scanning in 2 ms. Found 0 JPA repository interfaces.
2023-05-25T14:58:36.462+05:30  INFO 18832 --- [main] o.s.b.w.embedded.tomcat.TomcatWebServer  : Tomcat initialized with port(s): 8091 (http)
2023-05-25T14:58:36.470+05:30  INFO 18832 --- [main] o.apache.catalina.core.StandardService   : Starting service [Tomcat]
2023-05-25T14:58:36.470+05:30  INFO 18832 --- [main] o.apache.catalina.core.StandardEngine    : Starting Servlet engine: [Apache Tomcat/10.1.8]
2023-05-25T14:58:36.553+05:30  INFO 18832 --- [main] o.a.c.c.C.[.[localhost].[/customer]      : Initializing Spring embedded WebApplicationContext
2023-05-25T14:58:36.554+05:30  INFO 18832 --- [main] w.s.c.ServletWebServerApplicationContext : Root WebApplicationContext: initialization completed in 862 ms
2023-05-25T14:58:36.577+05:30  INFO 18832 --- [main] com.zaxxer.hikari.HikariDataSource       : HikariPool-1 - Starting...
2023-05-25T14:58:36.718+05:30  INFO 18832 --- [main] com.zaxxer.hikari.pool.HikariPool        : HikariPool-1 - Added connection conn0: url=jdbc:h2:mem:dcbapp user=USER
2023-05-25T14:58:36.719+05:30  INFO 18832 --- [main] com.zaxxer.hikari.HikariDataSource       : HikariPool-1 - Start completed.
2023-05-25T14:58:36.727+05:30  INFO 18832 --- [main] o.s.b.a.h2.H2ConsoleAutoConfiguration    : H2 console available at '/h2-console'. Database available at 'jdbc:h2:mem:dcbapp'
2023-05-25T14:58:36.816+05:30  INFO 18832 --- [main] o.hibernate.jpa.internal.util.LogHelper  : HHH000204: Processing PersistenceUnitInfo [name: default]
2023-05-25T14:58:36.854+05:30  INFO 18832 --- [main] org.hibernate.Version                    : HHH000412: Hibernate ORM core version 6.1.7.Final
2023-05-25T14:58:37.060+05:30  INFO 18832 --- [main] SQL dialect                              : HHH000400: Using dialect: org.hibernate.dialect.H2Dialect
2023-05-25T14:58:37.259+05:30  INFO 18832 --- [main] o.h.e.t.j.p.i.JtaPlatformInitiator       : HHH000490: Using JtaPlatform implementation: [org.hibernate.engine.transaction.jta.platform.internal.NoJtaPlatform]
2023-05-25T14:58:37.268+05:30  INFO 18832 --- [main] j.LocalContainerEntityManagerFactoryBean : Initialized JPA EntityManagerFactory for persistence unit 'default'
2023-05-25T14:58:37.348+05:30  WARN 18832 --- [main] JpaBaseConfiguration$JpaWebConfiguration : spring.jpa.open-in-view is enabled by default. Therefore, database queries may be performed during view rendering. Explicitly configure spring.jpa.open-in-view to disable this warning
2023-05-25T14:58:37.648+05:30  INFO 18832 --- [main] o.s.b.w.embedded.tomcat.TomcatWebServer  : Tomcat started on port(s): 8091 (http) with context path '/customer'
2023-05-25T14:58:37.657+05:30  INFO 18832 --- [main] com.cg.CustomerDetailsApplication        : Started CustomerDetailsApplication in 2.328 seconds (process running for 3.7)
2023-05-25T14:58:40.909+05:30  INFO 18832 --- [http-nio-8091-exec-1] o.a.c.c.C.[.[localhost].[/customer]      : Initializing Spring DispatcherServlet 'dispatcherServlet'
2023-05-25T14:58:40.909+05:30  INFO 18832 --- [http-nio-8091-exec-1] o.s.web.servlet.DispatcherServlet        : Initializing Servlet 'dispatcherServlet'
2023-05-25T14:58:40.910+05:30  INFO 18832 --- [http-nio-8091-exec-1] o.s.web.servlet.DispatcherServlet        : Completed initialization in 1 ms
2023-05-25T15:01:02.881+05:30  INFO 18832 --- [http-nio-8091-exec-6] c.cg.controller.CustomerRestController   : Controller - getAllAccounts()
2023-05-25T15:01:02.881+05:30  INFO 18832 --- [http-nio-8091-exec-6] com.cg.service.CustomerServiceImpl       : Service - findAllAccounts()
2023-05-25T15:01:02.883+05:30  INFO 18832 --- [http-nio-8091-exec-6] com.cg.dao.CustomerRepo                  : Dao - findAll() - query
2023-05-25T15:01:07.837+05:30  INFO 18832 --- [http-nio-8091-exec-7] c.cg.controller.CustomerRestController   : Controller - createBankAccount()
2023-05-25T15:01:07.842+05:30  INFO 18832 --- [http-nio-8091-exec-7] com.cg.service.CustomerServiceImpl       : Service - addCustomer()
2023-05-25T15:01:07.843+05:30  INFO 18832 --- [http-nio-8091-exec-7] com.cg.dao.CustomerRepo                  : Dao - save() - query
2023-05-25T15:01:11.970+05:30  INFO 18832 --- [http-nio-8091-exec-8] c.cg.controller.CustomerRestController   : Controller - getById()
2023-05-25T15:01:11.970+05:30  INFO 18832 --- [http-nio-8091-exec-8] com.cg.service.CustomerServiceImpl       : Service - findById()
2023-05-25T15:01:11.970+05:30  INFO 18832 --- [http-nio-8091-exec-8] com.cg.dao.CustomerRepo                  : Dao - findById() - query
2023-05-25T15:01:16.077+05:30  INFO 18832 --- [http-nio-8091-exec-9] c.cg.controller.CustomerRestController   : Controller - getAllAccounts()
2023-05-25T15:01:16.077+05:30  INFO 18832 --- [http-nio-8091-exec-9] com.cg.service.CustomerServiceImpl       : Service - findAllAccounts()
2023-05-25T15:01:16.077+05:30  INFO 18832 --- [http-nio-8091-exec-9] com.cg.dao.CustomerRepo                  : Dao - findAll() - query
2023-05-25T15:01:20.926+05:30  INFO 18832 --- [http-nio-8091-exec-10] c.cg.controller.CustomerRestController   : Controller - getById()
2023-05-25T15:01:20.928+05:30  INFO 18832 --- [http-nio-8091-exec-10] com.cg.service.CustomerServiceImpl       : Service - findById()
2023-05-25T15:01:20.928+05:30  INFO 18832 --- [http-nio-8091-exec-10] com.cg.dao.CustomerRepo                  : Dao - findById() - query
2023-05-25T16:54:39.070+05:30  INFO 18832 --- [http-nio-8091-exec-4] c.cg.controller.CustomerRestController   : Controller - getAllAccounts()
2023-05-25T16:54:39.080+05:30  INFO 18832 --- [http-nio-8091-exec-4] com.cg.service.CustomerServiceImpl       : Service - findAllAccounts()
2023-05-25T16:54:39.083+05:30  INFO 18832 --- [http-nio-8091-exec-4] com.cg.dao.CustomerRepo                  : Dao - findAll() - query
2023-05-25T16:55:29.460+05:30  INFO 18832 --- [http-nio-8091-exec-5] c.cg.controller.CustomerRestController   : Controller - getAllAccounts()
2023-05-25T16:55:29.460+05:30  INFO 18832 --- [http-nio-8091-exec-5] com.cg.service.CustomerServiceImpl       : Service - findAllAccounts()
2023-05-25T16:55:29.460+05:30  INFO 18832 --- [http-nio-8091-exec-5] com.cg.dao.CustomerRepo                  : Dao - findAll() - query
2023-05-25T16:55:31.564+05:30  INFO 18832 --- [http-nio-8091-exec-6] c.cg.controller.CustomerRestController   : Controller - getAllAccounts()
2023-05-25T16:55:31.565+05:30  INFO 18832 --- [http-nio-8091-exec-6] com.cg.service.CustomerServiceImpl       : Service - findAllAccounts()
2023-05-25T16:55:31.565+05:30  INFO 18832 --- [http-nio-8091-exec-6] com.cg.dao.CustomerRepo                  : Dao - findAll() - query
2023-05-25T16:55:32.580+05:30  INFO 18832 --- [http-nio-8091-exec-7] c.cg.controller.CustomerRestController   : Controller - getAllAccounts()
2023-05-25T16:55:32.581+05:30  INFO 18832 --- [http-nio-8091-exec-7] com.cg.service.CustomerServiceImpl       : Service - findAllAccounts()
2023-05-25T16:55:32.581+05:30  INFO 18832 --- [http-nio-8091-exec-7] com.cg.dao.CustomerRepo                  : Dao - findAll() - query
2023-05-25T16:55:33.552+05:30  INFO 18832 --- [http-nio-8091-exec-8] c.cg.controller.CustomerRestController   : Controller - getAllAccounts()
2023-05-25T16:55:33.552+05:30  INFO 18832 --- [http-nio-8091-exec-8] com.cg.service.CustomerServiceImpl       : Service - findAllAccounts()
2023-05-25T16:55:33.552+05:30  INFO 18832 --- [http-nio-8091-exec-8] com.cg.dao.CustomerRepo                  : Dao - findAll() - query
2023-05-25T16:56:03.070+05:30  INFO 18832 --- [http-nio-8091-exec-9] c.cg.controller.CustomerRestController   : Controller - getById()
2023-05-25T16:56:03.075+05:30  INFO 18832 --- [http-nio-8091-exec-9] com.cg.service.CustomerServiceImpl       : Service - findById()
2023-05-25T16:56:03.075+05:30  INFO 18832 --- [http-nio-8091-exec-9] com.cg.dao.CustomerRepo                  : Dao - findById() - query
2023-05-25T16:56:09.243+05:30  INFO 18832 --- [http-nio-8091-exec-10] c.cg.controller.CustomerRestController   : Controller - getById()
2023-05-25T16:56:09.243+05:30  INFO 18832 --- [http-nio-8091-exec-10] com.cg.service.CustomerServiceImpl       : Service - findById()
2023-05-25T16:56:09.243+05:30  INFO 18832 --- [http-nio-8091-exec-10] com.cg.dao.CustomerRepo                  : Dao - findById() - query
2023-05-25T16:56:33.336+05:30  INFO 18832 --- [http-nio-8091-exec-1] c.cg.controller.CustomerRestController   : Controller - getById()
2023-05-25T16:56:33.336+05:30  INFO 18832 --- [http-nio-8091-exec-1] com.cg.service.CustomerServiceImpl       : Service - findById()
2023-05-25T16:56:33.336+05:30  INFO 18832 --- [http-nio-8091-exec-1] com.cg.dao.CustomerRepo                  : Dao - findById() - query
2023-05-25T16:56:33.410+05:30 ERROR 18832 --- [http-nio-8091-exec-1] o.a.c.c.C.[.[.[.[dispatcherServlet]      : Servlet.service() for servlet [dispatcherServlet] in context with path [/customer] threw exception [Request processing failed: org.springframework.dao.EmptyResultDataAccessException: Incorrect result size: expected 1, actual 0] with root cause

org.springframework.dao.EmptyResultDataAccessException: Incorrect result size: expected 1, actual 0
	at org.springframework.dao.support.DataAccessUtils.nullableSingleResult(DataAccessUtils.java:97) ~[spring-tx-6.0.9.jar:6.0.9]
	at org.springframework.jdbc.core.JdbcTemplate.queryForObject(JdbcTemplate.java:887) ~[spring-jdbc-6.0.9.jar:6.0.9]
	at com.cg.dao.CustomerRepo.findById(CustomerRepo.java:39) ~[main/:na]
	at java.base/jdk.internal.reflect.NativeMethodAccessorImpl.invoke0(Native Method) ~[na:na]
	at java.base/jdk.internal.reflect.NativeMethodAccessorImpl.invoke(NativeMethodAccessorImpl.java:77) ~[na:na]
	at java.base/jdk.internal.reflect.DelegatingMethodAccessorImpl.invoke(DelegatingMethodAccessorImpl.java:43) ~[na:na]
	at java.base/java.lang.reflect.Method.invoke(Method.java:568) ~[na:na]
	at org.springframework.aop.support.AopUtils.invokeJoinpointUsingReflection(AopUtils.java:343) ~[spring-aop-6.0.9.jar:6.0.9]
	at org.springframework.aop.framework.ReflectiveMethodInvocation.invokeJoinpoint(ReflectiveMethodInvocation.java:196) ~[spring-aop-6.0.9.jar:6.0.9]
	at org.springframework.aop.framework.ReflectiveMethodInvocation.proceed(ReflectiveMethodInvocation.java:163) ~[spring-aop-6.0.9.jar:6.0.9]
	at org.springframework.aop.framework.CglibAopProxy$CglibMethodInvocation.proceed(CglibAopProxy.java:750) ~[spring-aop-6.0.9.jar:6.0.9]
	at org.springframework.dao.support.PersistenceExceptionTranslationInterceptor.invoke(PersistenceExceptionTranslationInterceptor.java:137) ~[spring-tx-6.0.9.jar:6.0.9]
	at org.springframework.aop.framework.ReflectiveMethodInvocation.proceed(ReflectiveMethodInvocation.java:184) ~[spring-aop-6.0.9.jar:6.0.9]
	at org.springframework.aop.framework.CglibAopProxy$CglibMethodInvocation.proceed(CglibAopProxy.java:750) ~[spring-aop-6.0.9.jar:6.0.9]
	at org.springframework.aop.framework.CglibAopProxy$DynamicAdvisedInterceptor.intercept(CglibAopProxy.java:702) ~[spring-aop-6.0.9.jar:6.0.9]
	at com.cg.dao.CustomerRepo$$SpringCGLIB$$0.findById(<generated>) ~[main/:na]
	at com.cg.service.CustomerServiceImpl.findById(CustomerServiceImpl.java:44) ~[main/:na]
	at java.base/jdk.internal.reflect.NativeMethodAccessorImpl.invoke0(Native Method) ~[na:na]
	at java.base/jdk.internal.reflect.NativeMethodAccessorImpl.invoke(NativeMethodAccessorImpl.java:77) ~[na:na]
	at java.base/jdk.internal.reflect.DelegatingMethodAccessorImpl.invoke(DelegatingMethodAccessorImpl.java:43) ~[na:na]
	at java.base/java.lang.reflect.Method.invoke(Method.java:568) ~[na:na]
	at org.springframework.aop.support.AopUtils.invokeJoinpointUsingReflection(AopUtils.java:343) ~[spring-aop-6.0.9.jar:6.0.9]
	at org.springframework.aop.framework.CglibAopProxy$DynamicAdvisedInterceptor.intercept(CglibAopProxy.java:698) ~[spring-aop-6.0.9.jar:6.0.9]
	at com.cg.service.CustomerServiceImpl$$SpringCGLIB$$0.findById(<generated>) ~[main/:na]
	at com.cg.controller.CustomerRestController.getById(CustomerRestController.java:48) ~[main/:na]
	at java.base/jdk.internal.reflect.NativeMethodAccessorImpl.invoke0(Native Method) ~[na:na]
	at java.base/jdk.internal.reflect.NativeMethodAccessorImpl.invoke(NativeMethodAccessorImpl.java:77) ~[na:na]
	at java.base/jdk.internal.reflect.DelegatingMethodAccessorImpl.invoke(DelegatingMethodAccessorImpl.java:43) ~[na:na]
	at java.base/java.lang.reflect.Method.invoke(Method.java:568) ~[na:na]
	at org.springframework.web.method.support.InvocableHandlerMethod.doInvoke(InvocableHandlerMethod.java:207) ~[spring-web-6.0.9.jar:6.0.9]
	at org.springframework.web.method.support.InvocableHandlerMethod.invokeForRequest(InvocableHandlerMethod.java:152) ~[spring-web-6.0.9.jar:6.0.9]
	at org.springframework.web.servlet.mvc.method.annotation.ServletInvocableHandlerMethod.invokeAndHandle(ServletInvocableHandlerMethod.java:118) ~[spring-webmvc-6.0.9.jar:6.0.9]
	at org.springframework.web.servlet.mvc.method.annotation.RequestMappingHandlerAdapter.invokeHandlerMethod(RequestMappingHandlerAdapter.java:884) ~[spring-webmvc-6.0.9.jar:6.0.9]
	at org.springframework.web.servlet.mvc.method.annotation.RequestMappingHandlerAdapter.handleInternal(RequestMappingHandlerAdapter.java:797) ~[spring-webmvc-6.0.9.jar:6.0.9]
	at org.springframework.web.servlet.mvc.method.AbstractHandlerMethodAdapter.handle(AbstractHandlerMethodAdapter.java:87) ~[spring-webmvc-6.0.9.jar:6.0.9]
	at org.springframework.web.servlet.DispatcherServlet.doDispatch(DispatcherServlet.java:1081) ~[spring-webmvc-6.0.9.jar:6.0.9]
	at org.springframework.web.servlet.DispatcherServlet.doService(DispatcherServlet.java:974) ~[spring-webmvc-6.0.9.jar:6.0.9]
	at org.springframework.web.servlet.FrameworkServlet.processRequest(FrameworkServlet.java:1011) ~[spring-webmvc-6.0.9.jar:6.0.9]
	at org.springframework.web.servlet.FrameworkServlet.doGet(FrameworkServlet.java:903) ~[spring-webmvc-6.0.9.jar:6.0.9]
	at jakarta.servlet.http.HttpServlet.service(HttpServlet.java:564) ~[tomcat-embed-core-10.1.8.jar:6.0]
	at org.springframework.web.servlet.FrameworkServlet.service(FrameworkServlet.java:885) ~[spring-webmvc-6.0.9.jar:6.0.9]
	at jakarta.servlet.http.HttpServlet.service(HttpServlet.java:658) ~[tomcat-embed-core-10.1.8.jar:6.0]
	at org.apache.catalina.core.ApplicationFilterChain.internalDoFilter(ApplicationFilterChain.java:205) ~[tomcat-embed-core-10.1.8.jar:10.1.8]
	at org.apache.catalina.core.ApplicationFilterChain.doFilter(ApplicationFilterChain.java:149) ~[tomcat-embed-core-10.1.8.jar:10.1.8]
	at org.apache.tomcat.websocket.server.WsFilter.doFilter(WsFilter.java:51) ~[tomcat-embed-websocket-10.1.8.jar:10.1.8]
	at org.apache.catalina.core.ApplicationFilterChain.internalDoFilter(ApplicationFilterChain.java:174) ~[tomcat-embed-core-10.1.8.jar:10.1.8]
	at org.apache.catalina.core.ApplicationFilterChain.doFilter(ApplicationFilterChain.java:149) ~[tomcat-embed-core-10.1.8.jar:10.1.8]
	at org.springframework.web.filter.RequestContextFilter.doFilterInternal(RequestContextFilter.java:100) ~[spring-web-6.0.9.jar:6.0.9]
	at org.springframework.web.filter.OncePerRequestFilter.doFilter(OncePerRequestFilter.java:116) ~[spring-web-6.0.9.jar:6.0.9]
	at org.apache.catalina.core.ApplicationFilterChain.internalDoFilter(ApplicationFilterChain.java:174) ~[tomcat-embed-core-10.1.8.jar:10.1.8]
	at org.apache.catalina.core.ApplicationFilterChain.doFilter(ApplicationFilterChain.java:149) ~[tomcat-embed-core-10.1.8.jar:10.1.8]
	at org.springframework.web.filter.FormContentFilter.doFilterInternal(FormContentFilter.java:93) ~[spring-web-6.0.9.jar:6.0.9]
	at org.springframework.web.filter.OncePerRequestFilter.doFilter(OncePerRequestFilter.java:116) ~[spring-web-6.0.9.jar:6.0.9]
	at org.apache.catalina.core.ApplicationFilterChain.internalDoFilter(ApplicationFilterChain.java:174) ~[tomcat-embed-core-10.1.8.jar:10.1.8]
	at org.apache.catalina.core.ApplicationFilterChain.doFilter(ApplicationFilterChain.java:149) ~[tomcat-embed-core-10.1.8.jar:10.1.8]
	at org.springframework.web.filter.CharacterEncodingFilter.doFilterInternal(CharacterEncodingFilter.java:201) ~[spring-web-6.0.9.jar:6.0.9]
	at org.springframework.web.filter.OncePerRequestFilter.doFilter(OncePerRequestFilter.java:116) ~[spring-web-6.0.9.jar:6.0.9]
	at org.apache.catalina.core.ApplicationFilterChain.internalDoFilter(ApplicationFilterChain.java:174) ~[tomcat-embed-core-10.1.8.jar:10.1.8]
	at org.apache.catalina.core.ApplicationFilterChain.doFilter(ApplicationFilterChain.java:149) ~[tomcat-embed-core-10.1.8.jar:10.1.8]
	at org.apache.catalina.core.StandardWrapperValve.invoke(StandardWrapperValve.java:166) ~[tomcat-embed-core-10.1.8.jar:10.1.8]
	at org.apache.catalina.core.StandardContextValve.invoke(StandardContextValve.java:90) ~[tomcat-embed-core-10.1.8.jar:10.1.8]
	at org.apache.catalina.authenticator.AuthenticatorBase.invoke(AuthenticatorBase.java:482) ~[tomcat-embed-core-10.1.8.jar:10.1.8]
	at org.apache.catalina.core.StandardHostValve.invoke(StandardHostValve.java:115) ~[tomcat-embed-core-10.1.8.jar:10.1.8]
	at org.apache.catalina.valves.ErrorReportValve.invoke(ErrorReportValve.java:93) ~[tomcat-embed-core-10.1.8.jar:10.1.8]
	at org.apache.catalina.core.StandardEngineValve.invoke(StandardEngineValve.java:74) ~[tomcat-embed-core-10.1.8.jar:10.1.8]
	at org.apache.catalina.connector.CoyoteAdapter.service(CoyoteAdapter.java:341) ~[tomcat-embed-core-10.1.8.jar:10.1.8]
	at org.apache.coyote.http11.Http11Processor.service(Http11Processor.java:390) ~[tomcat-embed-core-10.1.8.jar:10.1.8]
	at org.apache.coyote.AbstractProcessorLight.process(AbstractProcessorLight.java:63) ~[tomcat-embed-core-10.1.8.jar:10.1.8]
	at org.apache.coyote.AbstractProtocol$ConnectionHandler.process(AbstractProtocol.java:894) ~[tomcat-embed-core-10.1.8.jar:10.1.8]
	at org.apache.tomcat.util.net.NioEndpoint$SocketProcessor.doRun(NioEndpoint.java:1741) ~[tomcat-embed-core-10.1.8.jar:10.1.8]
	at org.apache.tomcat.util.net.SocketProcessorBase.run(SocketProcessorBase.java:52) ~[tomcat-embed-core-10.1.8.jar:10.1.8]
	at org.apache.tomcat.util.threads.ThreadPoolExecutor.runWorker(ThreadPoolExecutor.java:1191) ~[tomcat-embed-core-10.1.8.jar:10.1.8]
	at org.apache.tomcat.util.threads.ThreadPoolExecutor$Worker.run(ThreadPoolExecutor.java:659) ~[tomcat-embed-core-10.1.8.jar:10.1.8]
	at org.apache.tomcat.util.threads.TaskThread$WrappingRunnable.run(TaskThread.java:61) ~[tomcat-embed-core-10.1.8.jar:10.1.8]
	at java.base/java.lang.Thread.run(Thread.java:833) ~[na:na]

2023-05-25T18:26:50.346+05:30  INFO 18832 --- [RMI TCP Connection(210)-127.0.0.1] inMXBeanRegistrar$SpringApplicationAdmin : Application shutdown requested.
2023-05-25T18:26:50.400+05:30  INFO 18832 --- [RMI TCP Connection(210)-127.0.0.1] o.apache.catalina.core.StandardService   : Stopping service [Tomcat]
2023-05-25T18:26:50.404+05:30  INFO 18832 --- [RMI TCP Connection(210)-127.0.0.1] o.a.c.c.C.[.[localhost].[/customer]      : Destroying Spring FrameworkServlet 'dispatcherServlet'
2023-05-25T18:26:50.433+05:30  INFO 18832 --- [RMI TCP Connection(210)-127.0.0.1] j.LocalContainerEntityManagerFactoryBean : Closing JPA EntityManagerFactory for persistence unit 'default'
2023-05-25T18:26:50.443+05:30  INFO 18832 --- [RMI TCP Connection(210)-127.0.0.1] com.zaxxer.hikari.HikariDataSource       : HikariPool-1 - Shutdown initiated...
2023-05-25T18:26:50.450+05:30  INFO 18832 --- [RMI TCP Connection(210)-127.0.0.1] com.zaxxer.hikari.HikariDataSource       : HikariPool-1 - Shutdown completed.
